<?xml version="1.0" encoding="UTF-8"?>
<coverage generated="1775151105259" clover="3.2.0">
  <project timestamp="1775151105259" name="All files">
    <metrics statements="1051" coveredstatements="833" conditionals="595" coveredconditionals="428" methods="312" coveredmethods="226" elements="1958" coveredelements="1487" complexity="0" loc="1051" ncloc="1051" packages="7" files="32" classes="32"/>
    <package name="api">
      <metrics statements="78" coveredstatements="19" conditionals="26" coveredconditionals="5" methods="21" coveredmethods="3"/>
      <file name="auth.ts" path="/Users/hungnguyen/Downloads/klc-ev-charging/src/driver-app/src/api/auth.ts">
        <metrics statements="8" coveredstatements="3" conditionals="6" coveredconditionals="2" methods="4" coveredmethods="1"/>
        <line num="32" count="2" type="cond" truecount="1" falsecount="1"/>
        <line num="33" count="2" type="stmt"/>
        <line num="44" count="1" type="stmt"/>
        <line num="46" count="0" type="stmt"/>
        <line num="47" count="0" type="stmt"/>
        <line num="51" count="0" type="stmt"/>
        <line num="52" count="0" type="stmt"/>
        <line num="56" count="0" type="cond" truecount="0" falsecount="2"/>
      </file>
      <file name="client.ts" path="/Users/hungnguyen/Downloads/klc-ev-charging/src/driver-app/src/api/client.ts">
        <metrics statements="55" coveredstatements="15" conditionals="19" coveredconditionals="3" methods="11" coveredmethods="2"/>
        <line num="6" count="6" type="stmt"/>
        <line num="15" count="6" type="stmt"/>
        <line num="19" count="6" type="stmt"/>
        <line num="21" count="6" type="cond" truecount="0" falsecount="1"/>
        <line num="22" count="0" type="stmt"/>
        <line num="23" count="0" type="cond" truecount="0" falsecount="2"/>
        <line num="24" count="0" type="stmt"/>
        <line num="26" count="0" type="stmt"/>
        <line num="29" count="0" type="stmt"/>
        <line num="33" count="6" type="stmt"/>
        <line num="35" count="6" type="stmt"/>
        <line num="36" count="6" type="cond" truecount="1" falsecount="1"/>
        <line num="37" count="0" type="stmt"/>
        <line num="39" count="6" type="stmt"/>
        <line num="41" count="0" type="stmt"/>
        <line num="45" count="6" type="stmt"/>
        <line num="46" count="0" type="stmt"/>
        <line num="48" count="5" type="stmt"/>
        <line num="51" count="5" type="cond" truecount="1" falsecount="1"/>
        <line num="57" count="0" type="cond" truecount="0" falsecount="2"/>
        <line num="59" count="0" type="stmt"/>
        <line num="60" count="0" type="stmt"/>
        <line num="62" count="0" type="stmt"/>
        <line num="63" count="0" type="stmt"/>
        <line num="67" count="0" type="stmt"/>
        <line num="68" count="0" type="stmt"/>
        <line num="70" count="0" type="stmt"/>
        <line num="71" count="0" type="stmt"/>
        <line num="72" count="0" type="cond" truecount="0" falsecount="2"/>
        <line num="73" count="0" type="stmt"/>
        <line num="76" count="0" type="stmt"/>
        <line num="82" count="0" type="cond" truecount="0" falsecount="4"/>
        <line num="83" count="0" type="stmt"/>
        <line num="84" count="0" type="stmt"/>
        <line num="87" count="0" type="stmt"/>
        <line num="88" count="0" type="stmt"/>
        <line num="90" count="0" type="stmt"/>
        <line num="92" count="0" type="stmt"/>
        <line num="93" count="0" type="stmt"/>
        <line num="95" count="0" type="stmt"/>
        <line num="97" count="0" type="stmt"/>
        <line num="100" count="0" type="stmt"/>
        <line num="101" count="0" type="stmt"/>
        <line num="103" count="0" type="stmt"/>
        <line num="104" count="0" type="stmt"/>
        <line num="106" count="0" type="stmt"/>
        <line num="108" count="0" type="stmt"/>
        <line num="112" count="5" type="stmt"/>
        <line num="119" count="6" type="stmt"/>
        <line num="120" count="0" type="stmt"/>
        <line num="123" count="6" type="stmt"/>
        <line num="124" count="0" type="stmt"/>
        <line num="125" count="0" type="stmt"/>
        <line num="128" count="6" type="stmt"/>
        <line num="129" count="0" type="stmt"/>
      </file>
      <file name="sessions.ts" path="/Users/hungnguyen/Downloads/klc-ev-charging/src/driver-app/src/api/sessions.ts">
        <metrics statements="15" coveredstatements="1" conditionals="1" coveredconditionals="0" methods="6" coveredmethods="0"/>
        <line num="10" count="2" type="stmt"/>
        <line num="12" count="0" type="stmt"/>
        <line num="13" count="0" type="stmt"/>
        <line num="17" count="0" type="stmt"/>
        <line num="18" count="0" type="stmt"/>
        <line num="22" count="0" type="stmt"/>
        <line num="23" count="0" type="stmt"/>
        <line num="27" count="0" type="stmt"/>
        <line num="28" count="0" type="stmt"/>
        <line num="29" count="0" type="stmt"/>
        <line num="31" count="0" type="stmt"/>
        <line num="36" count="0" type="stmt"/>
        <line num="39" count="0" type="stmt"/>
        <line num="43" count="0" type="stmt"/>
        <line num="44" count="0" type="stmt"/>
      </file>
    </package>
    <package name="components.common">
      <metrics statements="23" coveredstatements="23" conditionals="25" coveredconditionals="21" methods="9" coveredmethods="9"/>
      <file name="Badge.tsx" path="/Users/hungnguyen/Downloads/klc-ev-charging/src/driver-app/src/components/common/Badge.tsx">
        <metrics statements="2" coveredstatements="2" conditionals="2" coveredconditionals="1" methods="1" coveredmethods="1"/>
        <line num="13" count="97" type="stmt"/>
        <line num="22" count="14" type="stmt"/>
      </file>
      <file name="Button.tsx" path="/Users/hungnguyen/Downloads/klc-ev-charging/src/driver-app/src/components/common/Button.tsx">
        <metrics statements="3" coveredstatements="3" conditionals="12" coveredconditionals="11" methods="1" coveredmethods="1"/>
        <line num="35" count="180" type="cond" truecount="2" falsecount="0"/>
        <line num="37" count="180" type="stmt"/>
        <line num="72" count="15" type="stmt"/>
      </file>
      <file name="Card.tsx" path="/Users/hungnguyen/Downloads/klc-ev-charging/src/driver-app/src/components/common/Card.tsx">
        <metrics statements="2" coveredstatements="2" conditionals="1" coveredconditionals="1" methods="1" coveredmethods="1"/>
        <line num="12" count="414" type="stmt"/>
        <line num="19" count="14" type="stmt"/>
      </file>
      <file name="ErrorBoundary.tsx" path="/Users/hungnguyen/Downloads/klc-ev-charging/src/driver-app/src/components/common/ErrorBoundary.tsx">
        <metrics statements="12" coveredstatements="12" conditionals="6" coveredconditionals="5" methods="5" coveredmethods="5"/>
        <line num="19" count="12" type="stmt"/>
        <line num="20" count="12" type="stmt"/>
        <line num="27" count="12" type="stmt"/>
        <line num="34" count="6" type="stmt"/>
        <line num="35" count="6" type="stmt"/>
        <line num="38" count="12" type="stmt"/>
        <line num="39" count="1" type="stmt"/>
        <line num="46" count="26" type="cond" truecount="2" falsecount="0"/>
        <line num="47" count="12" type="cond" truecount="2" falsecount="0"/>
        <line num="48" count="2" type="stmt"/>
        <line num="51" count="10" type="stmt"/>
        <line num="59" count="14" type="stmt"/>
      </file>
      <file name="ErrorFallback.tsx" path="/Users/hungnguyen/Downloads/klc-ev-charging/src/driver-app/src/components/common/ErrorFallback.tsx">
        <metrics statements="4" coveredstatements="4" conditionals="4" coveredconditionals="3" methods="1" coveredmethods="1"/>
        <line num="14" count="10" type="stmt"/>
        <line num="15" count="10" type="stmt"/>
        <line num="17" count="10" type="stmt"/>
        <line num="54" count="15" type="stmt"/>
      </file>
      <file name="index.ts" path="/Users/hungnguyen/Downloads/klc-ev-charging/src/driver-app/src/components/common/index.ts">
        <metrics statements="0" coveredstatements="0" conditionals="0" coveredconditionals="0" methods="0" coveredmethods="0"/>
      </file>
    </package>
    <package name="constants">
      <metrics statements="3" coveredstatements="3" conditionals="6" coveredconditionals="4" methods="0" coveredmethods="0"/>
      <file name="colors.ts" path="/Users/hungnguyen/Downloads/klc-ev-charging/src/driver-app/src/constants/colors.ts">
        <metrics statements="2" coveredstatements="2" conditionals="0" coveredconditionals="0" methods="0" coveredmethods="0"/>
        <line num="1" count="16" type="stmt"/>
        <line num="19" count="16" type="stmt"/>
      </file>
      <file name="config.ts" path="/Users/hungnguyen/Downloads/klc-ev-charging/src/driver-app/src/constants/config.ts">
        <metrics statements="1" coveredstatements="1" conditionals="6" coveredconditionals="4" methods="0" coveredmethods="0"/>
        <line num="1" count="7" type="stmt"/>
      </file>
    </package>
    <package name="screens">
      <metrics statements="848" coveredstatements="703" conditionals="512" coveredconditionals="380" methods="249" coveredmethods="186"/>
      <file name="FavoritesScreen.tsx" path="/Users/hungnguyen/Downloads/klc-ev-charging/src/driver-app/src/screens/FavoritesScreen.tsx">
        <metrics statements="59" coveredstatements="46" conditionals="25" coveredconditionals="20" methods="26" coveredmethods="20"/>
        <line num="29" count="20" type="stmt"/>
        <line num="30" count="19" type="stmt"/>
        <line num="32" count="19" type="stmt"/>
        <line num="33" count="19" type="stmt"/>
        <line num="34" count="19" type="stmt"/>
        <line num="37" count="19" type="stmt"/>
        <line num="39" count="0" type="stmt"/>
        <line num="40" count="0" type="stmt"/>
        <line num="41" count="0" type="stmt"/>
        <line num="42" count="0" type="cond" truecount="0" falsecount="2"/>
        <line num="54" count="19" type="stmt"/>
        <line num="56" count="19" type="stmt"/>
        <line num="57" count="9" type="stmt"/>
        <line num="58" count="9" type="stmt"/>
        <line num="59" count="9" type="stmt"/>
        <line num="61" count="0" type="stmt"/>
        <line num="63" count="9" type="stmt"/>
        <line num="64" count="9" type="stmt"/>
        <line num="68" count="19" type="stmt"/>
        <line num="70" count="9" type="stmt"/>
        <line num="75" count="19" type="stmt"/>
        <line num="76" count="19" type="cond" truecount="2" falsecount="0"/>
        <line num="78" count="8" type="stmt"/>
        <line num="79" count="8" type="stmt"/>
        <line num="80" count="15" type="stmt"/>
        <line num="84" count="8" type="stmt"/>
        <line num="85" count="8" type="stmt"/>
        <line num="86" count="15" type="stmt"/>
        <line num="91" count="19" type="stmt"/>
        <line num="92" count="0" type="stmt"/>
        <line num="93" count="0" type="stmt"/>
        <line num="96" count="19" type="stmt"/>
        <line num="97" count="2" type="stmt"/>
        <line num="106" count="1" type="stmt"/>
        <line num="107" count="1" type="stmt"/>
        <line num="108" count="2" type="stmt"/>
        <line num="110" count="0" type="stmt"/>
        <line num="111" count="0" type="stmt"/>
        <line num="119" count="19" type="stmt"/>
        <line num="120" count="15" type="stmt"/>
        <line num="123" count="19" type="stmt"/>
        <line num="124" count="15" type="cond" truecount="2" falsecount="3"/>
        <line num="126" count="7" type="stmt"/>
        <line num="129" count="0" type="stmt"/>
        <line num="131" count="0" type="stmt"/>
        <line num="133" count="8" type="stmt"/>
        <line num="137" count="19" type="stmt"/>
        <line num="138" count="15" type="stmt"/>
        <line num="139" count="15" type="stmt"/>
        <line num="141" count="15" type="stmt"/>
        <line num="143" count="0" type="stmt"/>
        <line num="144" count="0" type="stmt"/>
        <line num="184" count="15" type="stmt"/>
        <line num="196" count="2" type="stmt"/>
        <line num="208" count="19" type="cond" truecount="4" falsecount="0"/>
        <line num="209" count="9" type="stmt"/>
        <line num="217" count="10" type="stmt"/>
        <line num="229" count="23" type="stmt"/>
        <line num="252" count="1" type="stmt"/>
      </file>
      <file name="HelpSupportScreen.tsx" path="/Users/hungnguyen/Downloads/klc-ev-charging/src/driver-app/src/screens/HelpSupportScreen.tsx">
        <metrics statements="61" coveredstatements="46" conditionals="30" coveredconditionals="20" methods="17" coveredmethods="9"/>
        <line num="22" count="1" type="stmt"/>
        <line num="31" count="28" type="stmt"/>
        <line num="32" count="27" type="stmt"/>
        <line num="34" count="27" type="stmt"/>
        <line num="35" count="27" type="stmt"/>
        <line num="36" count="27" type="stmt"/>
        <line num="37" count="27" type="stmt"/>
        <line num="38" count="27" type="stmt"/>
        <line num="40" count="27" type="stmt"/>
        <line num="41" count="27" type="stmt"/>
        <line num="42" count="27" type="stmt"/>
        <line num="43" count="27" type="stmt"/>
        <line num="44" count="27" type="stmt"/>
        <line num="46" count="27" type="stmt"/>
        <line num="47" count="10" type="stmt"/>
        <line num="48" count="10" type="stmt"/>
        <line num="49" count="10" type="stmt"/>
        <line num="50" count="10" type="stmt"/>
        <line num="52" count="0" type="stmt"/>
        <line num="53" count="0" type="stmt"/>
        <line num="55" count="10" type="stmt"/>
        <line num="56" count="10" type="stmt"/>
        <line num="60" count="27" type="stmt"/>
        <line num="62" count="10" type="stmt"/>
        <line num="66" count="27" type="stmt"/>
        <line num="67" count="0" type="stmt"/>
        <line num="68" count="0" type="stmt"/>
        <line num="71" count="27" type="stmt"/>
        <line num="72" count="1" type="cond" truecount="1" falsecount="1"/>
        <line num="75" count="27" type="stmt"/>
        <line num="76" count="2" type="cond" truecount="3" falsecount="1"/>
        <line num="77" count="0" type="stmt"/>
        <line num="78" count="0" type="stmt"/>
        <line num="81" count="2" type="stmt"/>
        <line num="82" count="2" type="stmt"/>
        <line num="83" count="2" type="stmt"/>
        <line num="88" count="1" type="stmt"/>
        <line num="89" count="1" type="stmt"/>
        <line num="90" count="1" type="stmt"/>
        <line num="91" count="1" type="stmt"/>
        <line num="93" count="1" type="stmt"/>
        <line num="94" count="1" type="stmt"/>
        <line num="96" count="2" type="stmt"/>
        <line num="100" count="27" type="stmt"/>
        <line num="101" count="34" type="stmt"/>
        <line num="102" count="34" type="cond" truecount="1" falsecount="1"/>
        <line num="105" count="27" type="cond" truecount="2" falsecount="0"/>
        <line num="106" count="10" type="stmt"/>
        <line num="118" count="17" type="stmt"/>
        <line num="122" count="0" type="stmt"/>
        <line num="157" count="0" type="stmt"/>
        <line num="158" count="0" type="stmt"/>
        <line num="170" count="32" type="stmt"/>
        <line num="173" count="1" type="stmt"/>
        <line num="204" count="0" type="stmt"/>
        <line num="216" count="0" type="stmt"/>
        <line num="223" count="0" type="stmt"/>
        <line num="224" count="0" type="stmt"/>
        <line num="287" count="0" type="stmt"/>
        <line num="300" count="0" type="stmt"/>
        <line num="324" count="1" type="stmt"/>
      </file>
      <file name="HistoryScreen.tsx" path="/Users/hungnguyen/Downloads/klc-ev-charging/src/driver-app/src/screens/HistoryScreen.tsx">
        <metrics statements="39" coveredstatements="32" conditionals="28" coveredconditionals="17" methods="9" coveredmethods="6"/>
        <line num="21" count="17" type="stmt"/>
        <line num="22" count="16" type="stmt"/>
        <line num="23" count="16" type="stmt"/>
        <line num="24" count="16" type="stmt"/>
        <line num="25" count="16" type="stmt"/>
        <line num="26" count="16" type="stmt"/>
        <line num="28" count="16" type="cond" truecount="0" falsecount="1"/>
        <line num="29" count="8" type="cond" truecount="2" falsecount="2"/>
        <line num="31" count="8" type="stmt"/>
        <line num="32" count="8" type="cond" truecount="1" falsecount="1"/>
        <line num="33" count="7" type="cond" truecount="1" falsecount="1"/>
        <line num="34" count="7" type="stmt"/>
        <line num="36" count="0" type="stmt"/>
        <line num="38" count="7" type="stmt"/>
        <line num="39" count="7" type="stmt"/>
        <line num="41" count="1" type="stmt"/>
        <line num="43" count="8" type="stmt"/>
        <line num="44" count="8" type="stmt"/>
        <line num="48" count="16" type="stmt"/>
        <line num="50" count="8" type="stmt"/>
        <line num="54" count="16" type="stmt"/>
        <line num="55" count="0" type="stmt"/>
        <line num="56" count="0" type="stmt"/>
        <line num="59" count="16" type="stmt"/>
        <line num="60" count="0" type="cond" truecount="0" falsecount="4"/>
        <line num="61" count="0" type="stmt"/>
        <line num="65" count="16" type="stmt"/>
        <line num="66" count="10" type="cond" truecount="3" falsecount="2"/>
        <line num="68" count="5" type="stmt"/>
        <line num="70" count="0" type="stmt"/>
        <line num="73" count="5" type="stmt"/>
        <line num="75" count="0" type="stmt"/>
        <line num="79" count="16" type="stmt"/>
        <line num="80" count="10" type="stmt"/>
        <line num="116" count="16" type="cond" truecount="4" falsecount="0"/>
        <line num="117" count="8" type="stmt"/>
        <line num="124" count="8" type="stmt"/>
        <line num="134" count="15" type="stmt"/>
        <line num="163" count="1" type="stmt"/>
      </file>
      <file name="HomeScreen.tsx" path="/Users/hungnguyen/Downloads/klc-ev-charging/src/driver-app/src/screens/HomeScreen.tsx">
        <metrics statements="66" coveredstatements="57" conditionals="37" coveredconditionals="30" methods="24" coveredmethods="18"/>
        <line num="32" count="22" type="stmt"/>
        <line num="33" count="21" type="stmt"/>
        <line num="34" count="21" type="stmt"/>
        <line num="35" count="21" type="stmt"/>
        <line num="37" count="21" type="stmt"/>
        <line num="38" count="21" type="stmt"/>
        <line num="39" count="21" type="stmt"/>
        <line num="40" count="21" type="stmt"/>
        <line num="42" count="21" type="stmt"/>
        <line num="43" count="10" type="stmt"/>
        <line num="44" count="10" type="stmt"/>
        <line num="50" count="9" type="stmt"/>
        <line num="52" count="1" type="stmt"/>
        <line num="54" count="10" type="stmt"/>
        <line num="55" count="10" type="stmt"/>
        <line num="59" count="21" type="stmt"/>
        <line num="60" count="10" type="stmt"/>
        <line num="63" count="21" type="stmt"/>
        <line num="64" count="0" type="stmt"/>
        <line num="65" count="0" type="stmt"/>
        <line num="68" count="21" type="stmt"/>
        <line num="69" count="27" type="stmt"/>
        <line num="72" count="21" type="stmt"/>
        <line num="73" count="21" type="cond" truecount="3" falsecount="2"/>
        <line num="75" count="14" type="stmt"/>
        <line num="78" count="7" type="stmt"/>
        <line num="80" count="0" type="stmt"/>
        <line num="82" count="0" type="stmt"/>
        <line num="86" count="21" type="stmt"/>
        <line num="87" count="2" type="cond" truecount="1" falsecount="1"/>
        <line num="88" count="2" type="stmt"/>
        <line num="89" count="2" type="cond" truecount="1" falsecount="1"/>
        <line num="92" count="21" type="stmt"/>
        <line num="93" count="19" type="cond" truecount="2" falsecount="0"/>
        <line num="94" count="12" type="stmt"/>
        <line num="103" count="14" type="stmt"/>
        <line num="104" count="14" type="stmt"/>
        <line num="105" count="7" type="stmt"/>
        <line num="106" count="7" type="stmt"/>
        <line num="107" count="7" type="stmt"/>
        <line num="108" count="7" type="stmt"/>
        <line num="110" count="7" type="stmt"/>
        <line num="111" count="7" type="stmt"/>
        <line num="113" count="7" type="stmt"/>
        <line num="121" count="21" type="stmt"/>
        <line num="122" count="1" type="cond" truecount="1" falsecount="1"/>
        <line num="125" count="21" type="stmt"/>
        <line num="126" count="14" type="stmt"/>
        <line num="127" count="14" type="stmt"/>
        <line num="129" count="14" type="stmt"/>
        <line num="131" count="0" type="stmt"/>
        <line num="160" count="21" type="stmt"/>
        <line num="174" count="21" type="cond" truecount="2" falsecount="0"/>
        <line num="175" count="10" type="stmt"/>
        <line num="188" count="11" type="stmt"/>
        <line num="189" count="1" type="stmt"/>
        <line num="198" count="2" type="stmt"/>
        <line num="199" count="2" type="stmt"/>
        <line num="200" count="2" type="stmt"/>
        <line num="211" count="0" type="stmt"/>
        <line num="218" count="0" type="stmt"/>
        <line num="263" count="11" type="stmt"/>
        <line num="299" count="0" type="stmt"/>
        <line num="319" count="21" type="stmt"/>
        <line num="343" count="0" type="stmt"/>
        <line num="357" count="1" type="stmt"/>
      </file>
      <file name="LoginScreen.tsx" path="/Users/hungnguyen/Downloads/klc-ev-charging/src/driver-app/src/screens/LoginScreen.tsx">
        <metrics statements="30" coveredstatements="30" conditionals="27" coveredconditionals="22" methods="2" coveredmethods="2"/>
        <line num="22" count="45" type="stmt"/>
        <line num="23" count="44" type="stmt"/>
        <line num="24" count="44" type="stmt"/>
        <line num="25" count="44" type="stmt"/>
        <line num="26" count="44" type="stmt"/>
        <line num="28" count="44" type="stmt"/>
        <line num="29" count="8" type="cond" truecount="4" falsecount="0"/>
        <line num="30" count="1" type="stmt"/>
        <line num="31" count="1" type="stmt"/>
        <line num="34" count="7" type="stmt"/>
        <line num="35" count="7" type="stmt"/>
        <line num="36" count="7" type="stmt"/>
        <line num="38" count="3" type="cond" truecount="5" falsecount="0"/>
        <line num="39" count="2" type="stmt"/>
        <line num="40" count="2" type="cond" truecount="1" falsecount="1"/>
        <line num="41" count="2" type="cond" truecount="1" falsecount="1"/>
        <line num="44" count="1" type="cond" truecount="1" falsecount="1"/>
        <line num="47" count="4" type="stmt"/>
        <line num="48" count="4" type="cond" truecount="2" falsecount="0"/>
        <line num="49" count="2" type="stmt"/>
        <line num="50" count="2" type="cond" truecount="2" falsecount="0"/>
        <line num="51" count="1" type="stmt"/>
        <line num="53" count="1" type="cond" truecount="1" falsecount="1"/>
        <line num="54" count="1" type="stmt"/>
        <line num="56" count="2" type="cond" truecount="2" falsecount="0"/>
        <line num="57" count="1" type="stmt"/>
        <line num="59" count="1" type="stmt"/>
        <line num="62" count="7" type="stmt"/>
        <line num="66" count="44" type="stmt"/>
        <line num="144" count="1" type="stmt"/>
      </file>
      <file name="NotificationsScreen.tsx" path="/Users/hungnguyen/Downloads/klc-ev-charging/src/driver-app/src/screens/NotificationsScreen.tsx">
        <metrics statements="65" coveredstatements="54" conditionals="47" coveredconditionals="30" methods="22" coveredmethods="17"/>
        <line num="28" count="1" type="stmt"/>
        <line num="56" count="1" type="stmt"/>
        <line num="59" count="60" type="stmt"/>
        <line num="60" count="60" type="stmt"/>
        <line num="62" count="0" type="stmt"/>
        <line num="67" count="23" type="stmt"/>
        <line num="68" count="22" type="stmt"/>
        <line num="69" count="22" type="stmt"/>
        <line num="70" count="22" type="stmt"/>
        <line num="71" count="22" type="stmt"/>
        <line num="72" count="22" type="stmt"/>
        <line num="73" count="22" type="stmt"/>
        <line num="75" count="30" type="stmt"/>
        <line num="78" count="22" type="stmt"/>
        <line num="80" count="0" type="stmt"/>
        <line num="88" count="0" type="stmt"/>
        <line num="92" count="22" type="stmt"/>
        <line num="94" count="22" type="stmt"/>
        <line num="95" count="22" type="stmt"/>
        <line num="98" count="22" type="cond" truecount="0" falsecount="1"/>
        <line num="99" count="10" type="cond" truecount="2" falsecount="2"/>
        <line num="101" count="10" type="stmt"/>
        <line num="102" count="10" type="cond" truecount="1" falsecount="1"/>
        <line num="103" count="10" type="cond" truecount="1" falsecount="1"/>
        <line num="104" count="10" type="stmt"/>
        <line num="106" count="0" type="stmt"/>
        <line num="108" count="10" type="stmt"/>
        <line num="109" count="10" type="stmt"/>
        <line num="111" count="0" type="stmt"/>
        <line num="113" count="10" type="stmt"/>
        <line num="114" count="10" type="stmt"/>
        <line num="118" count="22" type="stmt"/>
        <line num="120" count="10" type="stmt"/>
        <line num="124" count="22" type="stmt"/>
        <line num="125" count="0" type="stmt"/>
        <line num="126" count="0" type="stmt"/>
        <line num="129" count="22" type="stmt"/>
        <line num="130" count="0" type="cond" truecount="0" falsecount="4"/>
        <line num="131" count="0" type="stmt"/>
        <line num="135" count="22" type="stmt"/>
        <line num="136" count="1" type="stmt"/>
        <line num="137" count="1" type="stmt"/>
        <line num="138" count="1" type="stmt"/>
        <line num="139" count="3" type="cond" truecount="2" falsecount="0"/>
        <line num="142" count="0" type="stmt"/>
        <line num="146" count="22" type="stmt"/>
        <line num="147" count="1" type="cond" truecount="3" falsecount="1"/>
        <line num="149" count="1" type="stmt"/>
        <line num="150" count="1" type="stmt"/>
        <line num="151" count="1" type="stmt"/>
        <line num="152" count="3" type="stmt"/>
        <line num="154" count="0" type="stmt"/>
        <line num="156" count="1" type="stmt"/>
        <line num="160" count="22" type="stmt"/>
        <line num="161" count="1" type="cond" truecount="1" falsecount="1"/>
        <line num="162" count="1" type="stmt"/>
        <line num="166" count="22" type="stmt"/>
        <line num="167" count="30" type="cond" truecount="1" falsecount="1"/>
        <line num="169" count="30" type="stmt"/>
        <line num="175" count="1" type="stmt"/>
        <line num="207" count="22" type="cond" truecount="4" falsecount="0"/>
        <line num="208" count="10" type="stmt"/>
        <line num="220" count="12" type="stmt"/>
        <line num="252" count="38" type="stmt"/>
        <line num="284" count="1" type="stmt"/>
      </file>
      <file name="PaymentMethodsScreen.tsx" path="/Users/hungnguyen/Downloads/klc-ev-charging/src/driver-app/src/screens/PaymentMethodsScreen.tsx">
        <metrics statements="66" coveredstatements="53" conditionals="20" coveredconditionals="19" methods="26" coveredmethods="21"/>
        <line num="27" count="1" type="stmt"/>
        <line num="36" count="16" type="cond" truecount="2" falsecount="0"/>
        <line num="40" count="16" type="stmt"/>
        <line num="47" count="16" type="stmt"/>
        <line num="51" count="28" type="stmt"/>
        <line num="52" count="28" type="stmt"/>
        <line num="53" count="28" type="stmt"/>
        <line num="54" count="28" type="stmt"/>
        <line num="55" count="28" type="stmt"/>
        <line num="56" count="28" type="stmt"/>
        <line num="57" count="28" type="stmt"/>
        <line num="58" count="28" type="stmt"/>
        <line num="60" count="28" type="stmt"/>
        <line num="61" count="11" type="stmt"/>
        <line num="62" count="11" type="stmt"/>
        <line num="63" count="11" type="stmt"/>
        <line num="64" count="10" type="stmt"/>
        <line num="66" count="1" type="stmt"/>
        <line num="67" count="1" type="stmt"/>
        <line num="69" count="11" type="stmt"/>
        <line num="70" count="11" type="stmt"/>
        <line num="74" count="28" type="stmt"/>
        <line num="76" count="11" type="stmt"/>
        <line num="80" count="28" type="stmt"/>
        <line num="81" count="0" type="stmt"/>
        <line num="82" count="0" type="stmt"/>
        <line num="85" count="28" type="stmt"/>
        <line num="86" count="1" type="cond" truecount="1" falsecount="1"/>
        <line num="88" count="1" type="stmt"/>
        <line num="89" count="1" type="stmt"/>
        <line num="90" count="1" type="stmt"/>
        <line num="91" count="2" type="stmt"/>
        <line num="97" count="0" type="stmt"/>
        <line num="98" count="0" type="stmt"/>
        <line num="102" count="28" type="stmt"/>
        <line num="103" count="1" type="stmt"/>
        <line num="112" count="1" type="stmt"/>
        <line num="113" count="1" type="stmt"/>
        <line num="114" count="2" type="stmt"/>
        <line num="116" count="0" type="stmt"/>
        <line num="117" count="0" type="stmt"/>
        <line num="125" count="28" type="stmt"/>
        <line num="126" count="1" type="stmt"/>
        <line num="127" count="1" type="stmt"/>
        <line num="128" count="1" type="stmt"/>
        <line num="129" count="1" type="stmt"/>
        <line num="130" count="1" type="stmt"/>
        <line num="132" count="0" type="stmt"/>
        <line num="133" count="0" type="stmt"/>
        <line num="135" count="1" type="stmt"/>
        <line num="139" count="28" type="cond" truecount="2" falsecount="0"/>
        <line num="140" count="11" type="stmt"/>
        <line num="147" count="17" type="stmt"/>
        <line num="151" count="1" type="stmt"/>
        <line num="184" count="0" type="stmt"/>
        <line num="185" count="0" type="stmt"/>
        <line num="201" count="2" type="stmt"/>
        <line num="208" count="16" type="stmt"/>
        <line num="236" count="1" type="stmt"/>
        <line num="247" count="1" type="stmt"/>
        <line num="266" count="0" type="stmt"/>
        <line num="276" count="0" type="stmt"/>
        <line num="281" count="0" type="stmt"/>
        <line num="300" count="80" type="stmt"/>
        <line num="303" count="1" type="stmt"/>
        <line num="323" count="1" type="stmt"/>
      </file>
      <file name="ProfileScreen.tsx" path="/Users/hungnguyen/Downloads/klc-ev-charging/src/driver-app/src/screens/ProfileScreen.tsx">
        <metrics statements="40" coveredstatements="31" conditionals="18" coveredconditionals="11" methods="16" coveredmethods="9"/>
        <line num="24" count="23" type="stmt"/>
        <line num="25" count="22" type="stmt"/>
        <line num="26" count="22" type="stmt"/>
        <line num="27" count="22" type="stmt"/>
        <line num="28" count="22" type="stmt"/>
        <line num="29" count="22" type="stmt"/>
        <line num="30" count="22" type="stmt"/>
        <line num="31" count="22" type="stmt"/>
        <line num="33" count="22" type="stmt"/>
        <line num="34" count="11" type="stmt"/>
        <line num="35" count="11" type="stmt"/>
        <line num="40" count="11" type="stmt"/>
        <line num="41" count="11" type="stmt"/>
        <line num="42" count="11" type="stmt"/>
        <line num="44" count="0" type="stmt"/>
        <line num="46" count="11" type="stmt"/>
        <line num="47" count="11" type="stmt"/>
        <line num="51" count="22" type="stmt"/>
        <line num="53" count="11" type="stmt"/>
        <line num="57" count="22" type="stmt"/>
        <line num="58" count="0" type="stmt"/>
        <line num="59" count="0" type="stmt"/>
        <line num="62" count="22" type="stmt"/>
        <line num="63" count="2" type="stmt"/>
        <line num="71" count="1" type="stmt"/>
        <line num="77" count="22" type="stmt"/>
        <line num="78" count="11" type="stmt"/>
        <line num="85" count="22" type="cond" truecount="2" falsecount="0"/>
        <line num="86" count="11" type="stmt"/>
        <line num="93" count="11" type="stmt"/>
        <line num="145" count="0" type="stmt"/>
        <line num="161" count="0" type="stmt"/>
        <line num="167" count="11" type="stmt"/>
        <line num="194" count="0" type="stmt"/>
        <line num="195" count="0" type="stmt"/>
        <line num="196" count="0" type="stmt"/>
        <line num="197" count="1" type="stmt"/>
        <line num="198" count="0" type="stmt"/>
        <line num="218" count="55" type="stmt"/>
        <line num="226" count="1" type="stmt"/>
      </file>
      <file name="PromotionsScreen.tsx" path="/Users/hungnguyen/Downloads/klc-ev-charging/src/driver-app/src/screens/PromotionsScreen.tsx">
        <metrics statements="56" coveredstatements="47" conditionals="42" coveredconditionals="31" methods="15" coveredmethods="11"/>
        <line num="20" count="18" type="stmt"/>
        <line num="29" count="12" type="stmt"/>
        <line num="30" count="12" type="stmt"/>
        <line num="31" count="12" type="stmt"/>
        <line num="32" count="12" type="stmt"/>
        <line num="33" count="12" type="stmt"/>
        <line num="37" count="12" type="stmt"/>
        <line num="41" count="17" type="stmt"/>
        <line num="42" count="16" type="stmt"/>
        <line num="43" count="16" type="stmt"/>
        <line num="44" count="16" type="stmt"/>
        <line num="45" count="16" type="stmt"/>
        <line num="46" count="16" type="stmt"/>
        <line num="47" count="16" type="stmt"/>
        <line num="48" count="16" type="stmt"/>
        <line num="50" count="16" type="cond" truecount="0" falsecount="1"/>
        <line num="51" count="8" type="stmt"/>
        <line num="52" count="8" type="stmt"/>
        <line num="56" count="8" type="cond" truecount="1" falsecount="1"/>
        <line num="57" count="8" type="stmt"/>
        <line num="59" count="0" type="stmt"/>
        <line num="61" count="8" type="stmt"/>
        <line num="62" count="8" type="stmt"/>
        <line num="64" count="0" type="stmt"/>
        <line num="66" count="8" type="stmt"/>
        <line num="67" count="8" type="stmt"/>
        <line num="68" count="8" type="stmt"/>
        <line num="72" count="16" type="stmt"/>
        <line num="74" count="8" type="stmt"/>
        <line num="75" count="8" type="stmt"/>
        <line num="79" count="16" type="stmt"/>
        <line num="80" count="0" type="stmt"/>
        <line num="81" count="0" type="stmt"/>
        <line num="84" count="16" type="stmt"/>
        <line num="85" count="0" type="cond" truecount="0" falsecount="5"/>
        <line num="86" count="0" type="stmt"/>
        <line num="87" count="0" type="stmt"/>
        <line num="90" count="16" type="stmt"/>
        <line num="91" count="12" type="cond" truecount="2" falsecount="0"/>
        <line num="92" count="6" type="stmt"/>
        <line num="100" count="6" type="stmt"/>
        <line num="111" count="16" type="stmt"/>
        <line num="112" count="12" type="stmt"/>
        <line num="113" count="12" type="cond" truecount="2" falsecount="0"/>
        <line num="115" count="12" type="stmt"/>
        <line num="174" count="16" type="stmt"/>
        <line num="175" count="2" type="stmt"/>
        <line num="184" count="16" type="stmt"/>
        <line num="185" count="8" type="cond" truecount="1" falsecount="1"/>
        <line num="186" count="0" type="stmt"/>
        <line num="193" count="16" type="cond" truecount="4" falsecount="0"/>
        <line num="194" count="8" type="stmt"/>
        <line num="206" count="8" type="stmt"/>
        <line num="211" count="0" type="stmt"/>
        <line num="226" count="18" type="stmt"/>
        <line num="245" count="1" type="stmt"/>
      </file>
      <file name="QRScannerScreen.tsx" path="/Users/hungnguyen/Downloads/klc-ev-charging/src/driver-app/src/screens/QRScannerScreen.tsx">
        <metrics statements="61" coveredstatements="50" conditionals="57" coveredconditionals="41" methods="7" coveredmethods="6"/>
        <line num="20" count="1" type="stmt"/>
        <line num="21" count="1" type="stmt"/>
        <line num="22" count="1" type="stmt"/>
        <line num="32" count="9" type="stmt"/>
        <line num="33" count="9" type="stmt"/>
        <line num="34" count="5" type="cond" truecount="5" falsecount="0"/>
        <line num="35" count="3" type="stmt"/>
        <line num="45" count="6" type="stmt"/>
        <line num="46" count="6" type="cond" truecount="4" falsecount="0"/>
        <line num="47" count="2" type="stmt"/>
        <line num="55" count="4" type="stmt"/>
        <line num="56" count="4" type="cond" truecount="1" falsecount="1"/>
        <line num="57" count="0" type="stmt"/>
        <line num="64" count="4" type="stmt"/>
        <line num="65" count="4" type="cond" truecount="1" falsecount="1"/>
        <line num="66" count="0" type="stmt"/>
        <line num="73" count="4" type="stmt"/>
        <line num="74" count="4" type="cond" truecount="2" falsecount="2"/>
        <line num="75" count="0" type="stmt"/>
        <line num="82" count="4" type="stmt"/>
        <line num="83" count="4" type="cond" truecount="2" falsecount="2"/>
        <line num="84" count="0" type="stmt"/>
        <line num="90" count="4" type="stmt"/>
        <line num="94" count="25" type="stmt"/>
        <line num="95" count="25" type="stmt"/>
        <line num="96" count="25" type="stmt"/>
        <line num="97" count="25" type="stmt"/>
        <line num="98" count="25" type="stmt"/>
        <line num="99" count="25" type="stmt"/>
        <line num="101" count="25" type="stmt"/>
        <line num="103" count="10" type="stmt"/>
        <line num="106" count="10" type="cond" truecount="2" falsecount="0"/>
        <line num="110" count="1" type="stmt"/>
        <line num="113" count="9" type="stmt"/>
        <line num="114" count="9" type="stmt"/>
        <line num="116" count="9" type="stmt"/>
        <line num="118" count="9" type="cond" truecount="2" falsecount="0"/>
        <line num="119" count="4" type="stmt"/>
        <line num="120" count="4" type="stmt"/>
        <line num="124" count="5" type="cond" truecount="1" falsecount="1"/>
        <line num="125" count="5" type="stmt"/>
        <line num="129" count="0" type="cond" truecount="0" falsecount="2"/>
        <line num="131" count="0" type="stmt"/>
        <line num="136" count="0" type="stmt"/>
        <line num="137" count="0" type="stmt"/>
        <line num="143" count="25" type="stmt"/>
        <line num="144" count="2" type="stmt"/>
        <line num="147" count="25" type="stmt"/>
        <line num="148" count="3" type="stmt"/>
        <line num="151" count="25" type="stmt"/>
        <line num="152" count="0" type="cond" truecount="0" falsecount="2"/>
        <line num="153" count="0" type="stmt"/>
        <line num="155" count="0" type="stmt"/>
        <line num="160" count="25" type="cond" truecount="2" falsecount="0"/>
        <line num="161" count="1" type="stmt"/>
        <line num="169" count="24" type="cond" truecount="2" falsecount="0"/>
        <line num="170" count="5" type="stmt"/>
        <line num="205" count="19" type="stmt"/>
        <line num="274" count="1" type="stmt"/>
        <line num="275" count="1" type="stmt"/>
        <line num="277" count="1" type="stmt"/>
      </file>
      <file name="SessionScreen.tsx" path="/Users/hungnguyen/Downloads/klc-ev-charging/src/driver-app/src/screens/SessionScreen.tsx">
        <metrics statements="33" coveredstatements="31" conditionals="18" coveredconditionals="13" methods="11" coveredmethods="9"/>
        <line num="20" count="12" type="stmt"/>
        <line num="21" count="12" type="stmt"/>
        <line num="22" count="12" type="stmt"/>
        <line num="23" count="12" type="stmt"/>
        <line num="24" count="12" type="stmt"/>
        <line num="27" count="12" type="stmt"/>
        <line num="28" count="12" type="cond" truecount="2" falsecount="0"/>
        <line num="29" count="10" type="stmt"/>
        <line num="30" count="10" type="stmt"/>
        <line num="35" count="10" type="stmt"/>
        <line num="36" count="10" type="stmt"/>
        <line num="42" count="12" type="stmt"/>
        <line num="43" count="12" type="cond" truecount="2" falsecount="0"/>
        <line num="45" count="10" type="stmt"/>
        <line num="46" count="0" type="cond" truecount="0" falsecount="2"/>
        <line num="47" count="0" type="stmt"/>
        <line num="51" count="10" type="stmt"/>
        <line num="52" count="10" type="cond" truecount="1" falsecount="1"/>
        <line num="56" count="12" type="stmt"/>
        <line num="57" count="3" type="cond" truecount="1" falsecount="1"/>
        <line num="59" count="3" type="stmt"/>
        <line num="68" count="2" type="stmt"/>
        <line num="69" count="2" type="stmt"/>
        <line num="70" count="1" type="stmt"/>
        <line num="71" count="1" type="stmt"/>
        <line num="73" count="1" type="stmt"/>
        <line num="74" count="1" type="stmt"/>
        <line num="82" count="12" type="cond" truecount="2" falsecount="0"/>
        <line num="83" count="2" type="stmt"/>
        <line num="89" count="1" type="stmt"/>
        <line num="98" count="10" type="cond" truecount="1" falsecount="1"/>
        <line num="100" count="10" type="stmt"/>
        <line num="188" count="1" type="stmt"/>
      </file>
      <file name="SettingsScreen.tsx" path="/Users/hungnguyen/Downloads/klc-ev-charging/src/driver-app/src/screens/SettingsScreen.tsx">
        <metrics statements="35" coveredstatements="31" conditionals="34" coveredconditionals="22" methods="9" coveredmethods="6"/>
        <line num="19" count="24" type="stmt"/>
        <line num="20" count="24" type="stmt"/>
        <line num="21" count="24" type="stmt"/>
        <line num="22" count="24" type="stmt"/>
        <line num="24" count="24" type="stmt"/>
        <line num="26" count="24" type="stmt"/>
        <line num="27" count="10" type="stmt"/>
        <line num="28" count="10" type="stmt"/>
        <line num="29" count="10" type="stmt"/>
        <line num="31" count="0" type="stmt"/>
        <line num="33" count="10" type="stmt"/>
        <line num="37" count="24" type="stmt"/>
        <line num="39" count="10" type="stmt"/>
        <line num="43" count="24" type="stmt"/>
        <line num="44" count="2" type="cond" truecount="2" falsecount="0"/>
        <line num="45" count="2" type="stmt"/>
        <line num="48" count="24" type="stmt"/>
        <line num="52" count="2" type="cond" truecount="1" falsecount="1"/>
        <line num="54" count="2" type="stmt"/>
        <line num="55" count="2" type="stmt"/>
        <line num="56" count="2" type="stmt"/>
        <line num="58" count="2" type="stmt"/>
        <line num="59" count="2" type="stmt"/>
        <line num="60" count="1" type="stmt"/>
        <line num="62" count="1" type="stmt"/>
        <line num="63" count="1" type="stmt"/>
        <line num="65" count="2" type="stmt"/>
        <line num="69" count="24" type="cond" truecount="2" falsecount="0"/>
        <line num="70" count="10" type="stmt"/>
        <line num="89" count="14" type="stmt"/>
        <line num="142" count="2" type="stmt"/>
        <line num="172" count="0" type="stmt"/>
        <line num="202" count="0" type="stmt"/>
        <line num="232" count="0" type="stmt"/>
        <line num="269" count="1" type="stmt"/>
      </file>
      <file name="StationDetailScreen.tsx" path="/Users/hungnguyen/Downloads/klc-ev-charging/src/driver-app/src/screens/StationDetailScreen.tsx">
        <metrics statements="53" coveredstatements="46" conditionals="29" coveredconditionals="21" methods="9" coveredmethods="8"/>
        <line num="32" count="21" type="stmt"/>
        <line num="33" count="20" type="stmt"/>
        <line num="34" count="20" type="stmt"/>
        <line num="35" count="20" type="stmt"/>
        <line num="36" count="20" type="stmt"/>
        <line num="38" count="20" type="stmt"/>
        <line num="39" count="20" type="stmt"/>
        <line num="40" count="20" type="stmt"/>
        <line num="42" count="20" type="stmt"/>
        <line num="43" count="9" type="stmt"/>
        <line num="46" count="20" type="stmt"/>
        <line num="47" count="9" type="stmt"/>
        <line num="48" count="9" type="stmt"/>
        <line num="49" count="8" type="stmt"/>
        <line num="51" count="1" type="stmt"/>
        <line num="52" count="1" type="stmt"/>
        <line num="54" count="9" type="stmt"/>
        <line num="58" count="20" type="stmt"/>
        <line num="59" count="2" type="cond" truecount="1" falsecount="1"/>
        <line num="60" count="0" type="stmt"/>
        <line num="61" count="0" type="stmt"/>
        <line num="64" count="2" type="stmt"/>
        <line num="65" count="2" type="stmt"/>
        <line num="67" count="2" type="stmt"/>
        <line num="68" count="2" type="stmt"/>
        <line num="71" count="1" type="stmt"/>
        <line num="72" count="1" type="stmt"/>
        <line num="74" count="1" type="stmt"/>
        <line num="75" count="1" type="stmt"/>
        <line num="77" count="2" type="stmt"/>
        <line num="78" count="2" type="stmt"/>
        <line num="82" count="20" type="stmt"/>
        <line num="83" count="20" type="cond" truecount="4" falsecount="2"/>
        <line num="85" count="10" type="stmt"/>
        <line num="89" count="10" type="stmt"/>
        <line num="91" count="0" type="stmt"/>
        <line num="93" count="0" type="stmt"/>
        <line num="97" count="20" type="stmt"/>
        <line num="98" count="20" type="cond" truecount="4" falsecount="2"/>
        <line num="100" count="10" type="stmt"/>
        <line num="104" count="10" type="stmt"/>
        <line num="106" count="0" type="stmt"/>
        <line num="108" count="0" type="stmt"/>
        <line num="112" count="20" type="stmt"/>
        <line num="113" count="20" type="stmt"/>
        <line num="136" count="2" type="stmt"/>
        <line num="150" count="20" type="cond" truecount="2" falsecount="0"/>
        <line num="151" count="9" type="stmt"/>
        <line num="158" count="11" type="cond" truecount="2" falsecount="0"/>
        <line num="159" count="1" type="stmt"/>
        <line num="166" count="10" type="stmt"/>
        <line num="186" count="0" type="stmt"/>
        <line num="197" count="1" type="stmt"/>
      </file>
      <file name="VehiclesScreen.tsx" path="/Users/hungnguyen/Downloads/klc-ev-charging/src/driver-app/src/screens/VehiclesScreen.tsx">
        <metrics statements="100" coveredstatements="96" conditionals="75" coveredconditionals="71" methods="32" coveredmethods="30"/>
        <line num="25" count="1" type="stmt"/>
        <line num="34" count="1" type="stmt"/>
        <line num="44" count="105" type="stmt"/>
        <line num="45" count="104" type="stmt"/>
        <line num="46" count="104" type="stmt"/>
        <line num="47" count="104" type="stmt"/>
        <line num="48" count="104" type="stmt"/>
        <line num="49" count="104" type="stmt"/>
        <line num="50" count="104" type="stmt"/>
        <line num="51" count="104" type="stmt"/>
        <line num="52" count="104" type="stmt"/>
        <line num="54" count="104" type="stmt"/>
        <line num="55" count="29" type="stmt"/>
        <line num="56" count="29" type="stmt"/>
        <line num="57" count="29" type="stmt"/>
        <line num="58" count="27" type="stmt"/>
        <line num="60" count="2" type="stmt"/>
        <line num="61" count="2" type="stmt"/>
        <line num="63" count="29" type="stmt"/>
        <line num="64" count="29" type="stmt"/>
        <line num="68" count="104" type="stmt"/>
        <line num="70" count="28" type="stmt"/>
        <line num="74" count="104" type="stmt"/>
        <line num="75" count="0" type="stmt"/>
        <line num="76" count="0" type="stmt"/>
        <line num="79" count="104" type="stmt"/>
        <line num="80" count="7" type="stmt"/>
        <line num="82" count="7" type="cond" truecount="2" falsecount="0"/>
        <line num="83" count="3" type="stmt"/>
        <line num="85" count="7" type="cond" truecount="2" falsecount="0"/>
        <line num="86" count="3" type="stmt"/>
        <line num="88" count="7" type="cond" truecount="5" falsecount="0"/>
        <line num="89" count="2" type="stmt"/>
        <line num="91" count="7" type="cond" truecount="2" falsecount="0"/>
        <line num="92" count="3" type="stmt"/>
        <line num="94" count="7" type="cond" truecount="4" falsecount="0"/>
        <line num="95" count="3" type="stmt"/>
        <line num="97" count="7" type="cond" truecount="1" falsecount="1"/>
        <line num="98" count="0" type="stmt"/>
        <line num="101" count="7" type="stmt"/>
        <line num="102" count="7" type="stmt"/>
        <line num="105" count="104" type="stmt"/>
        <line num="106" count="7" type="cond" truecount="2" falsecount="0"/>
        <line num="108" count="3" type="stmt"/>
        <line num="109" count="3" type="stmt"/>
        <line num="110" count="3" type="stmt"/>
        <line num="116" count="2" type="stmt"/>
        <line num="117" count="2" type="stmt"/>
        <line num="118" count="2" type="stmt"/>
        <line num="119" count="2" type="stmt"/>
        <line num="121" count="1" type="stmt"/>
        <line num="122" count="1" type="stmt"/>
        <line num="124" count="3" type="stmt"/>
        <line num="128" count="104" type="stmt"/>
        <line num="129" count="3" type="cond" truecount="2" falsecount="0"/>
        <line num="131" count="2" type="stmt"/>
        <line num="132" count="2" type="stmt"/>
        <line num="133" count="1" type="stmt"/>
        <line num="134" count="2" type="stmt"/>
        <line num="140" count="1" type="stmt"/>
        <line num="141" count="1" type="stmt"/>
        <line num="145" count="104" type="stmt"/>
        <line num="146" count="4" type="stmt"/>
        <line num="155" count="2" type="stmt"/>
        <line num="156" count="2" type="stmt"/>
        <line num="157" count="2" type="stmt"/>
        <line num="159" count="1" type="stmt"/>
        <line num="160" count="1" type="stmt"/>
        <line num="168" count="104" type="stmt"/>
        <line num="169" count="10" type="stmt"/>
        <line num="170" count="10" type="stmt"/>
        <line num="171" count="10" type="stmt"/>
        <line num="174" count="104" type="stmt"/>
        <line num="175" count="23" type="stmt"/>
        <line num="176" count="23" type="cond" truecount="2" falsecount="0"/>
        <line num="177" count="1" type="stmt"/>
        <line num="178" count="1" type="stmt"/>
        <line num="179" count="1" type="stmt"/>
        <line num="180" count="1" type="stmt"/>
        <line num="185" count="104" type="cond" truecount="2" falsecount="0"/>
        <line num="186" count="29" type="stmt"/>
        <line num="193" count="75" type="stmt"/>
        <line num="219" count="1" type="stmt"/>
        <line num="220" count="1" type="stmt"/>
        <line num="243" count="139" type="stmt"/>
        <line num="246" count="1" type="stmt"/>
        <line num="292" count="2" type="stmt"/>
        <line num="301" count="4" type="stmt"/>
        <line num="333" count="0" type="stmt"/>
        <line num="341" count="1" type="stmt"/>
        <line num="360" count="5" type="stmt"/>
        <line num="376" count="4" type="stmt"/>
        <line num="393" count="5" type="stmt"/>
        <line num="394" count="5" type="cond" truecount="2" falsecount="0"/>
        <line num="415" count="4" type="stmt"/>
        <line num="435" count="4" type="stmt"/>
        <line num="436" count="4" type="cond" truecount="1" falsecount="1"/>
        <line num="450" count="450" type="stmt"/>
        <line num="457" count="1" type="stmt"/>
        <line num="494" count="1" type="stmt"/>
      </file>
      <file name="WalletScreen.tsx" path="/Users/hungnguyen/Downloads/klc-ev-charging/src/driver-app/src/screens/WalletScreen.tsx">
        <metrics statements="84" coveredstatements="53" conditionals="25" coveredconditionals="12" methods="24" coveredmethods="14"/>
        <line num="24" count="1" type="stmt"/>
        <line num="26" count="1" type="stmt"/>
        <line num="33" count="1" type="stmt"/>
        <line num="41" count="21" type="stmt"/>
        <line num="42" count="20" type="stmt"/>
        <line num="43" count="20" type="stmt"/>
        <line num="44" count="20" type="stmt"/>
        <line num="45" count="20" type="stmt"/>
        <line num="46" count="20" type="stmt"/>
        <line num="47" count="20" type="stmt"/>
        <line num="48" count="20" type="stmt"/>
        <line num="49" count="20" type="stmt"/>
        <line num="50" count="20" type="stmt"/>
        <line num="53" count="20" type="stmt"/>
        <line num="55" count="0" type="stmt"/>
        <line num="58" count="0" type="stmt"/>
        <line num="59" count="0" type="stmt"/>
        <line num="67" count="0" type="stmt"/>
        <line num="71" count="20" type="stmt"/>
        <line num="73" count="20" type="stmt"/>
        <line num="74" count="20" type="stmt"/>
        <line num="77" count="20" type="stmt"/>
        <line num="78" count="10" type="stmt"/>
        <line num="79" count="10" type="stmt"/>
        <line num="83" count="10" type="stmt"/>
        <line num="84" count="10" type="stmt"/>
        <line num="85" count="10" type="stmt"/>
        <line num="86" count="10" type="stmt"/>
        <line num="88" count="0" type="stmt"/>
        <line num="90" count="10" type="stmt"/>
        <line num="91" count="10" type="stmt"/>
        <line num="95" count="20" type="stmt"/>
        <line num="97" count="10" type="stmt"/>
        <line num="101" count="20" type="stmt"/>
        <line num="102" count="0" type="stmt"/>
        <line num="103" count="0" type="stmt"/>
        <line num="106" count="20" type="stmt"/>
        <line num="107" count="0" type="cond" truecount="0" falsecount="5"/>
        <line num="108" count="0" type="stmt"/>
        <line num="109" count="0" type="stmt"/>
        <line num="110" count="0" type="stmt"/>
        <line num="111" count="0" type="stmt"/>
        <line num="112" count="0" type="stmt"/>
        <line num="113" count="0" type="stmt"/>
        <line num="115" count="0" type="stmt"/>
        <line num="117" count="0" type="stmt"/>
        <line num="121" count="20" type="stmt"/>
        <line num="122" count="1" type="stmt"/>
        <line num="127" count="0" type="stmt"/>
        <line num="128" count="0" type="stmt"/>
        <line num="133" count="20" type="cond" truecount="0" falsecount="1"/>
        <line num="134" count="0" type="stmt"/>
        <line num="135" count="0" type="stmt"/>
        <line num="136" count="0" type="stmt"/>
        <line num="138" count="0" type="cond" truecount="0" falsecount="2"/>
        <line num="140" count="0" type="stmt"/>
        <line num="143" count="0" type="stmt"/>
        <line num="144" count="0" type="stmt"/>
        <line num="147" count="0" type="stmt"/>
        <line num="148" count="0" type="stmt"/>
        <line num="150" count="0" type="stmt"/>
        <line num="154" count="20" type="stmt"/>
        <line num="155" count="27" type="cond" truecount="3" falsecount="0"/>
        <line num="156" count="27" type="cond" truecount="2" falsecount="0"/>
        <line num="157" count="27" type="cond" truecount="2" falsecount="0"/>
        <line num="158" count="27" type="stmt"/>
        <line num="160" count="27" type="stmt"/>
        <line num="189" count="20" type="stmt"/>
        <line num="190" count="10" type="stmt"/>
        <line num="203" count="1" type="stmt"/>
        <line num="222" count="40" type="stmt"/>
        <line num="225" count="0" type="stmt"/>
        <line num="240" count="0" type="stmt"/>
        <line num="262" count="20" type="stmt"/>
        <line num="263" count="1" type="stmt"/>
        <line num="272" count="20" type="stmt"/>
        <line num="273" count="10" type="cond" truecount="1" falsecount="1"/>
        <line num="274" count="0" type="stmt"/>
        <line num="281" count="20" type="cond" truecount="2" falsecount="0"/>
        <line num="282" count="10" type="stmt"/>
        <line num="294" count="10" type="stmt"/>
        <line num="301" count="36" type="stmt"/>
        <line num="316" count="18" type="stmt"/>
        <line num="322" count="1" type="stmt"/>
      </file>
    </package>
    <package name="services">
      <metrics statements="33" coveredstatements="19" conditionals="12" coveredconditionals="5" methods="6" coveredmethods="2"/>
      <file name="notifications.ts" path="/Users/hungnguyen/Downloads/klc-ev-charging/src/driver-app/src/services/notifications.ts">
        <metrics statements="33" coveredstatements="19" conditionals="12" coveredconditionals="5" methods="6" coveredmethods="2"/>
        <line num="7" count="5" type="stmt"/>
        <line num="8" count="0" type="stmt"/>
        <line num="15" count="5" type="stmt"/>
        <line num="23" count="4" type="cond" truecount="1" falsecount="1"/>
        <line num="24" count="0" type="stmt"/>
        <line num="25" count="0" type="stmt"/>
        <line num="29" count="4" type="stmt"/>
        <line num="30" count="4" type="stmt"/>
        <line num="32" count="4" type="cond" truecount="1" falsecount="1"/>
        <line num="33" count="0" type="stmt"/>
        <line num="34" count="0" type="stmt"/>
        <line num="37" count="4" type="cond" truecount="1" falsecount="1"/>
        <line num="38" count="0" type="stmt"/>
        <line num="39" count="0" type="stmt"/>
        <line num="42" count="4" type="stmt"/>
        <line num="44" count="4" type="stmt"/>
        <line num="45" count="4" type="stmt"/>
        <line num="46" count="4" type="stmt"/>
        <line num="49" count="4" type="cond" truecount="1" falsecount="1"/>
        <line num="52" count="4" type="stmt"/>
        <line num="58" count="0" type="cond" truecount="0" falsecount="2"/>
        <line num="59" count="0" type="stmt"/>
        <line num="67" count="0" type="stmt"/>
        <line num="69" count="3" type="stmt"/>
        <line num="70" count="3" type="stmt"/>
        <line num="79" count="2" type="stmt"/>
        <line num="80" count="2" type="cond" truecount="1" falsecount="1"/>
        <line num="81" count="2" type="stmt"/>
        <line num="82" count="0" type="stmt"/>
        <line num="86" count="2" type="stmt"/>
        <line num="97" count="0" type="stmt"/>
        <line num="107" count="0" type="stmt"/>
        <line num="114" count="0" type="stmt"/>
      </file>
    </package>
    <package name="stores">
      <metrics statements="52" coveredstatements="52" conditionals="10" coveredconditionals="10" methods="21" coveredmethods="20"/>
      <file name="authStore.ts" path="/Users/hungnguyen/Downloads/klc-ev-charging/src/driver-app/src/stores/authStore.ts">
        <metrics statements="21" coveredstatements="21" conditionals="2" coveredconditionals="2" methods="8" coveredmethods="7"/>
        <line num="20" count="5" type="stmt"/>
        <line num="27" count="3" type="stmt"/>
        <line num="29" count="3" type="stmt"/>
        <line num="32" count="4" type="stmt"/>
        <line num="33" count="4" type="stmt"/>
        <line num="34" count="4" type="stmt"/>
        <line num="37" count="4" type="stmt"/>
        <line num="44" count="2" type="stmt"/>
        <line num="46" count="2" type="stmt"/>
        <line num="47" count="2" type="stmt"/>
        <line num="48" count="2" type="stmt"/>
        <line num="52" count="3" type="stmt"/>
        <line num="53" count="3" type="stmt"/>
        <line num="54" count="2" type="stmt"/>
        <line num="55" count="2" type="cond" truecount="2" falsecount="0"/>
        <line num="56" count="1" type="stmt"/>
        <line num="58" count="1" type="stmt"/>
        <line num="61" count="1" type="stmt"/>
        <line num="66" count="1" type="stmt"/>
        <line num="67" count="1" type="stmt"/>
        <line num="68" count="1" type="stmt"/>
      </file>
      <file name="index.ts" path="/Users/hungnguyen/Downloads/klc-ev-charging/src/driver-app/src/stores/index.ts">
        <metrics statements="0" coveredstatements="0" conditionals="0" coveredconditionals="0" methods="0" coveredmethods="0"/>
      </file>
      <file name="locationStore.ts" path="/Users/hungnguyen/Downloads/klc-ev-charging/src/driver-app/src/stores/locationStore.ts">
        <metrics statements="16" coveredstatements="16" conditionals="2" coveredconditionals="2" methods="4" coveredmethods="4"/>
        <line num="16" count="5" type="stmt"/>
        <line num="24" count="5" type="stmt"/>
        <line num="25" count="5" type="stmt"/>
        <line num="26" count="5" type="stmt"/>
        <line num="27" count="4" type="stmt"/>
        <line num="28" count="4" type="stmt"/>
        <line num="30" count="4" type="cond" truecount="2" falsecount="0"/>
        <line num="31" count="3" type="stmt"/>
        <line num="34" count="4" type="stmt"/>
        <line num="36" count="1" type="stmt"/>
        <line num="37" count="1" type="stmt"/>
        <line num="42" count="5" type="stmt"/>
        <line num="43" count="5" type="stmt"/>
        <line num="46" count="3" type="stmt"/>
        <line num="51" count="2" type="stmt"/>
        <line num="55" count="1" type="stmt"/>
      </file>
      <file name="sessionStore.ts" path="/Users/hungnguyen/Downloads/klc-ev-charging/src/driver-app/src/stores/sessionStore.ts">
        <metrics statements="15" coveredstatements="15" conditionals="6" coveredconditionals="6" methods="9" coveredmethods="9"/>
        <line num="18" count="3" type="stmt"/>
        <line num="24" count="3" type="stmt"/>
        <line num="27" count="3" type="stmt"/>
        <line num="38" count="3" type="stmt"/>
        <line num="44" count="1" type="stmt"/>
        <line num="46" count="3" type="stmt"/>
        <line num="49" count="5" type="stmt"/>
        <line num="50" count="5" type="stmt"/>
        <line num="51" count="5" type="stmt"/>
        <line num="52" count="4" type="cond" truecount="2" falsecount="0"/>
        <line num="53" count="1" type="stmt"/>
        <line num="54" count="1" type="stmt"/>
        <line num="56" count="3" type="stmt"/>
        <line num="58" count="1" type="stmt"/>
        <line num="60" count="5" type="stmt"/>
      </file>
    </package>
    <package name="utils">
      <metrics statements="14" coveredstatements="14" conditionals="4" coveredconditionals="3" methods="6" coveredmethods="6"/>
      <file name="formatting.ts" path="/Users/hungnguyen/Downloads/klc-ev-charging/src/driver-app/src/utils/formatting.ts">
        <metrics statements="14" coveredstatements="14" conditionals="4" coveredconditionals="3" methods="6" coveredmethods="6"/>
        <line num="6" count="3" type="stmt"/>
        <line num="13" count="94" type="cond" truecount="1" falsecount="1"/>
        <line num="18" count="222" type="stmt"/>
        <line num="28" count="20" type="stmt"/>
        <line num="38" count="54" type="stmt"/>
        <line num="39" count="54" type="stmt"/>
        <line num="45" count="54" type="stmt"/>
        <line num="50" count="54" type="stmt"/>
        <line num="55" count="20" type="stmt"/>
        <line num="64" count="40" type="stmt"/>
        <line num="65" count="40" type="stmt"/>
        <line num="66" count="40" type="cond" truecount="2" falsecount="0"/>
        <line num="67" count="10" type="stmt"/>
        <line num="69" count="30" type="stmt"/>
      </file>
    </package>
  </project>
</coverage>
