{"/Users/hungnguyen/Downloads/klc-ev-charging/src/driver-app/src/api/auth.ts": {"path":"/Users/hungnguyen/Downloads/klc-ev-charging/src/driver-app/src/api/auth.ts","statementMap":{"0":{"start":{"line":32,"column":2},"end":{"line":32,"column":25}},"1":{"start":{"line":32,"column":13},"end":{"line":32,"column":25}},"2":{"start":{"line":33,"column":2},"end":{"line":41,"column":4}},"3":{"start":{"line":44,"column":23},"end":{"line":58,"column":1}},"4":{"start":{"line":46,"column":21},"end":{"line":46,"column":74}},"5":{"start":{"line":47,"column":4},"end":{"line":47,"column":16}},"6":{"start":{"line":51,"column":21},"end":{"line":51,"column":82}},"7":{"start":{"line":52,"column":4},"end":{"line":52,"column":16}},"8":{"start":{"line":56,"column":4},"end":{"line":56,"column":73}}},"fnMap":{"0":{"name":"mapAuthUserToProfile","decl":{"start":{"line":31,"column":16},"end":{"line":31,"column":36}},"loc":{"start":{"line":31,"column":86},"end":{"line":42,"column":1}},"line":31},"1":{"name":"(anonymous_1)","decl":{"start":{"line":45,"column":9},"end":{"line":45,"column":10}},"loc":{"start":{"line":45,"column":66},"end":{"line":48,"column":3}},"line":45},"2":{"name":"(anonymous_2)","decl":{"start":{"line":50,"column":16},"end":{"line":50,"column":17}},"loc":{"start":{"line":50,"column":80},"end":{"line":53,"column":3}},"line":50},"3":{"name":"(anonymous_3)","decl":{"start":{"line":55,"column":10},"end":{"line":55,"column":11}},"loc":{"start":{"line":55,"column":58},"end":{"line":57,"column":3}},"line":55}},"branchMap":{"0":{"loc":{"start":{"line":32,"column":2},"end":{"line":32,"column":25}},"type":"if","locations":[{"start":{"line":32,"column":2},"end":{"line":32,"column":25}},{"start":{},"end":{}}],"line":32},"1":{"loc":{"start":{"line":35,"column":11},"end":{"line":35,"column":27}},"type":"binary-expr","locations":[{"start":{"line":35,"column":11},"end":{"line":35,"column":21}},{"start":{"line":35,"column":25},"end":{"line":35,"column":27}}],"line":35},"2":{"loc":{"start":{"line":56,"column":51},"end":{"line":56,"column":69}},"type":"binary-expr","locations":[{"start":{"line":56,"column":51},"end":{"line":56,"column":63}},{"start":{"line":56,"column":67},"end":{"line":56,"column":69}}],"line":56}},"s":{"0":2,"1":0,"2":2,"3":1,"4":0,"5":0,"6":0,"7":0,"8":0},"f":{"0":2,"1":0,"2":0,"3":0},"b":{"0":[0,2],"1":[2,0],"2":[0,0]},"_coverageSchema":"1a1c01bbd47fc00a2c39e90264f33305004495a9","hash":"2ace2a3f6dac8aa046a736b1b084b4d22febb4e4"}
,"/Users/hungnguyen/Downloads/klc-ev-charging/src/driver-app/src/api/client.ts": {"path":"/Users/hungnguyen/Downloads/klc-ev-charging/src/driver-app/src/api/client.ts","statementMap":{"0":{"start":{"line":6,"column":12},"end":{"line":12,"column":2}},"1":{"start":{"line":15,"column":19},"end":{"line":15,"column":24}},"2":{"start":{"line":19,"column":5},"end":{"line":19,"column":7}},"3":{"start":{"line":21,"column":21},"end":{"line":30,"column":1}},"4":{"start":{"line":22,"column":2},"end":{"line":28,"column":5}},"5":{"start":{"line":23,"column":4},"end":{"line":27,"column":5}},"6":{"start":{"line":24,"column":6},"end":{"line":24,"column":25}},"7":{"start":{"line":26,"column":6},"end":{"line":26,"column":27}},"8":{"start":{"line":29,"column":2},"end":{"line":29,"column":19}},"9":{"start":{"line":33,"column":0},"end":{"line":42,"column":2}},"10":{"start":{"line":35,"column":18},"end":{"line":35,"column":61}},"11":{"start":{"line":36,"column":4},"end":{"line":38,"column":5}},"12":{"start":{"line":37,"column":6},"end":{"line":37,"column":55}},"13":{"start":{"line":39,"column":4},"end":{"line":39,"column":18}},"14":{"start":{"line":41,"column":13},"end":{"line":41,"column":34}},"15":{"start":{"line":45,"column":0},"end":{"line":114,"column":2}},"16":{"start":{"line":46,"column":16},"end":{"line":46,"column":24}},"17":{"start":{"line":48,"column":28},"end":{"line":48,"column":93}},"18":{"start":{"line":51,"column":4},"end":{"line":110,"column":5}},"19":{"start":{"line":57,"column":6},"end":{"line":65,"column":7}},"20":{"start":{"line":59,"column":8},"end":{"line":64,"column":11}},"21":{"start":{"line":60,"column":10},"end":{"line":60,"column":48}},"22":{"start":{"line":62,"column":10},"end":{"line":62,"column":68}},"23":{"start":{"line":63,"column":10},"end":{"line":63,"column":38}},"24":{"start":{"line":67,"column":6},"end":{"line":67,"column":36}},"25":{"start":{"line":68,"column":6},"end":{"line":68,"column":26}},"26":{"start":{"line":70,"column":6},"end":{"line":109,"column":7}},"27":{"start":{"line":71,"column":29},"end":{"line":71,"column":75}},"28":{"start":{"line":72,"column":8},"end":{"line":74,"column":9}},"29":{"start":{"line":73,"column":10},"end":{"line":73,"column":46}},"30":{"start":{"line":76,"column":25},"end":{"line":80,"column":9}},"31":{"start":{"line":82,"column":8},"end":{"line":94,"column":9}},"32":{"start":{"line":83,"column":10},"end":{"line":83,"column":72}},"33":{"start":{"line":84,"column":10},"end":{"line":84,"column":76}},"34":{"start":{"line":87,"column":35},"end":{"line":87,"column":65}},"35":{"start":{"line":88,"column":10},"end":{"line":88,"column":84}},"36":{"start":{"line":90,"column":10},"end":{"line":90,"column":47}},"37":{"start":{"line":92,"column":10},"end":{"line":92,"column":79}},"38":{"start":{"line":93,"column":10},"end":{"line":93,"column":38}},"39":{"start":{"line":95,"column":8},"end":{"line":95,"column":52}},"40":{"start":{"line":97,"column":8},"end":{"line":97,"column":41}},"41":{"start":{"line":100,"column":8},"end":{"line":100,"column":55}},"42":{"start":{"line":101,"column":8},"end":{"line":101,"column":58}},"43":{"start":{"line":103,"column":33},"end":{"line":103,"column":63}},"44":{"start":{"line":104,"column":8},"end":{"line":104,"column":41}},"45":{"start":{"line":106,"column":8},"end":{"line":106,"column":44}},"46":{"start":{"line":108,"column":8},"end":{"line":108,"column":29}},"47":{"start":{"line":112,"column":4},"end":{"line":112,"column":33}},"48":{"start":{"line":119,"column":28},"end":{"line":121,"column":1}},"49":{"start":{"line":120,"column":2},"end":{"line":120,"column":53}},"50":{"start":{"line":123,"column":30},"end":{"line":126,"column":1}},"51":{"start":{"line":124,"column":2},"end":{"line":124,"column":49}},"52":{"start":{"line":125,"column":2},"end":{"line":125,"column":52}},"53":{"start":{"line":128,"column":28},"end":{"line":130,"column":1}},"54":{"start":{"line":129,"column":2},"end":{"line":129,"column":47}}},"fnMap":{"0":{"name":"(anonymous_0)","decl":{"start":{"line":21,"column":21},"end":{"line":21,"column":22}},"loc":{"start":{"line":21,"column":70},"end":{"line":30,"column":1}},"line":21},"1":{"name":"(anonymous_1)","decl":{"start":{"line":22,"column":22},"end":{"line":22,"column":23}},"loc":{"start":{"line":22,"column":32},"end":{"line":28,"column":3}},"line":22},"2":{"name":"(anonymous_2)","decl":{"start":{"line":34,"column":2},"end":{"line":34,"column":3}},"loc":{"start":{"line":34,"column":48},"end":{"line":40,"column":3}},"line":34},"3":{"name":"(anonymous_3)","decl":{"start":{"line":41,"column":2},"end":{"line":41,"column":3}},"loc":{"start":{"line":41,"column":13},"end":{"line":41,"column":34}},"line":41},"4":{"name":"(anonymous_4)","decl":{"start":{"line":46,"column":2},"end":{"line":46,"column":3}},"loc":{"start":{"line":46,"column":16},"end":{"line":46,"column":24}},"line":46},"5":{"name":"(anonymous_5)","decl":{"start":{"line":47,"column":2},"end":{"line":47,"column":3}},"loc":{"start":{"line":47,"column":41},"end":{"line":113,"column":3}},"line":47},"6":{"name":"(anonymous_6)","decl":{"start":{"line":59,"column":35},"end":{"line":59,"column":36}},"loc":{"start":{"line":59,"column":56},"end":{"line":61,"column":9}},"line":59},"7":{"name":"(anonymous_7)","decl":{"start":{"line":61,"column":16},"end":{"line":61,"column":17}},"loc":{"start":{"line":61,"column":27},"end":{"line":64,"column":9}},"line":61},"8":{"name":"(anonymous_8)","decl":{"start":{"line":119,"column":28},"end":{"line":119,"column":29}},"loc":{"start":{"line":119,"column":53},"end":{"line":121,"column":1}},"line":119},"9":{"name":"(anonymous_9)","decl":{"start":{"line":123,"column":30},"end":{"line":123,"column":31}},"loc":{"start":{"line":123,"column":42},"end":{"line":126,"column":1}},"line":123},"10":{"name":"(anonymous_10)","decl":{"start":{"line":128,"column":28},"end":{"line":128,"column":29}},"loc":{"start":{"line":128,"column":40},"end":{"line":130,"column":1}},"line":128}},"branchMap":{"0":{"loc":{"start":{"line":21,"column":38},"end":{"line":21,"column":65}},"type":"default-arg","locations":[{"start":{"line":21,"column":61},"end":{"line":21,"column":65}}],"line":21},"1":{"loc":{"start":{"line":23,"column":4},"end":{"line":27,"column":5}},"type":"if","locations":[{"start":{"line":23,"column":4},"end":{"line":27,"column":5}},{"start":{"line":25,"column":11},"end":{"line":27,"column":5}}],"line":23},"2":{"loc":{"start":{"line":36,"column":4},"end":{"line":38,"column":5}},"type":"if","locations":[{"start":{"line":36,"column":4},"end":{"line":38,"column":5}},{"start":{},"end":{}}],"line":36},"3":{"loc":{"start":{"line":51,"column":4},"end":{"line":110,"column":5}},"type":"if","locations":[{"start":{"line":51,"column":4},"end":{"line":110,"column":5}},{"start":{},"end":{}}],"line":51},"4":{"loc":{"start":{"line":52,"column":6},"end":{"line":55,"column":46}},"type":"binary-expr","locations":[{"start":{"line":52,"column":6},"end":{"line":52,"column":36}},{"start":{"line":53,"column":6},"end":{"line":53,"column":21}},{"start":{"line":54,"column":6},"end":{"line":54,"column":29}},{"start":{"line":55,"column":6},"end":{"line":55,"column":46}}],"line":52},"5":{"loc":{"start":{"line":57,"column":6},"end":{"line":65,"column":7}},"type":"if","locations":[{"start":{"line":57,"column":6},"end":{"line":65,"column":7}},{"start":{},"end":{}}],"line":57},"6":{"loc":{"start":{"line":72,"column":8},"end":{"line":74,"column":9}},"type":"if","locations":[{"start":{"line":72,"column":8},"end":{"line":74,"column":9}},{"start":{},"end":{}}],"line":72},"7":{"loc":{"start":{"line":82,"column":8},"end":{"line":94,"column":9}},"type":"if","locations":[{"start":{"line":82,"column":8},"end":{"line":94,"column":9}},{"start":{},"end":{}}],"line":82},"8":{"loc":{"start":{"line":82,"column":12},"end":{"line":82,"column":49}},"type":"binary-expr","locations":[{"start":{"line":82,"column":12},"end":{"line":82,"column":28}},{"start":{"line":82,"column":32},"end":{"line":82,"column":49}}],"line":82}},"s":{"0":6,"1":6,"2":6,"3":6,"4":0,"5":0,"6":0,"7":0,"8":0,"9":6,"10":6,"11":6,"12":0,"13":6,"14":0,"15":6,"16":0,"17":5,"18":5,"19":0,"20":0,"21":0,"22":0,"23":0,"24":0,"25":0,"26":0,"27":0,"28":0,"29":0,"30":0,"31":0,"32":0,"33":0,"34":0,"35":0,"36":0,"37":0,"38":0,"39":0,"40":0,"41":0,"42":0,"43":0,"44":0,"45":0,"46":0,"47":5,"48":6,"49":0,"50":6,"51":0,"52":0,"53":6,"54":0},"f":{"0":0,"1":0,"2":6,"3":0,"4":0,"5":5,"6":0,"7":0,"8":0,"9":0,"10":0},"b":{"0":[0],"1":[0,0],"2":[0,6],"3":[0,5],"4":[5,0,0,0],"5":[0,0],"6":[0,0],"7":[0,0],"8":[0,0]},"_coverageSchema":"1a1c01bbd47fc00a2c39e90264f33305004495a9","hash":"68a7994a6e51fe90e1d9a72ebea4e46dad0775d3"}
,"/Users/hungnguyen/Downloads/klc-ev-charging/src/driver-app/src/api/sessions.ts": {"path":"/Users/hungnguyen/Downloads/klc-ev-charging/src/driver-app/src/api/sessions.ts","statementMap":{"0":{"start":{"line":10,"column":27},"end":{"line":46,"column":1}},"1":{"start":{"line":12,"column":21},"end":{"line":12,"column":63}},"2":{"start":{"line":13,"column":4},"end":{"line":13,"column":16}},"3":{"start":{"line":17,"column":21},"end":{"line":17,"column":66}},"4":{"start":{"line":18,"column":4},"end":{"line":18,"column":16}},"5":{"start":{"line":22,"column":21},"end":{"line":22,"column":60}},"6":{"start":{"line":23,"column":4},"end":{"line":23,"column":16}},"7":{"start":{"line":27,"column":4},"end":{"line":32,"column":5}},"8":{"start":{"line":28,"column":23},"end":{"line":28,"column":56}},"9":{"start":{"line":29,"column":6},"end":{"line":29,"column":18}},"10":{"start":{"line":31,"column":6},"end":{"line":31,"column":18}},"11":{"start":{"line":36,"column":21},"end":{"line":38,"column":6}},"12":{"start":{"line":39,"column":4},"end":{"line":39,"column":16}},"13":{"start":{"line":43,"column":21},"end":{"line":43,"column":73}},"14":{"start":{"line":44,"column":4},"end":{"line":44,"column":16}}},"fnMap":{"0":{"name":"(anonymous_0)","decl":{"start":{"line":11,"column":9},"end":{"line":11,"column":10}},"loc":{"start":{"line":11,"column":75},"end":{"line":14,"column":3}},"line":11},"1":{"name":"(anonymous_1)","decl":{"start":{"line":16,"column":8},"end":{"line":16,"column":9}},"loc":{"start":{"line":16,"column":63},"end":{"line":19,"column":3}},"line":16},"2":{"name":"(anonymous_2)","decl":{"start":{"line":21,"column":11},"end":{"line":21,"column":12}},"loc":{"start":{"line":21,"column":66},"end":{"line":24,"column":3}},"line":21},"3":{"name":"(anonymous_3)","decl":{"start":{"line":26,"column":13},"end":{"line":26,"column":14}},"loc":{"start":{"line":26,"column":58},"end":{"line":33,"column":3}},"line":26},"4":{"name":"(anonymous_4)","decl":{"start":{"line":35,"column":14},"end":{"line":35,"column":15}},"loc":{"start":{"line":35,"column":98},"end":{"line":40,"column":3}},"line":35},"5":{"name":"(anonymous_5)","decl":{"start":{"line":42,"column":18},"end":{"line":42,"column":19}},"loc":{"start":{"line":42,"column":70},"end":{"line":45,"column":3}},"line":42}},"branchMap":{"0":{"loc":{"start":{"line":35,"column":38},"end":{"line":35,"column":48}},"type":"default-arg","locations":[{"start":{"line":35,"column":46},"end":{"line":35,"column":48}}],"line":35}},"s":{"0":2,"1":0,"2":0,"3":0,"4":0,"5":0,"6":0,"7":0,"8":0,"9":0,"10":0,"11":0,"12":0,"13":0,"14":0},"f":{"0":0,"1":0,"2":0,"3":0,"4":0,"5":0},"b":{"0":[0]},"_coverageSchema":"1a1c01bbd47fc00a2c39e90264f33305004495a9","hash":"e7f0a28193a06490fe5f5a254cad31ced1e3d1ab"}
,"/Users/hungnguyen/Downloads/klc-ev-charging/src/driver-app/src/components/common/Badge.tsx": {"path":"/Users/hungnguyen/Downloads/klc-ev-charging/src/driver-app/src/components/common/Badge.tsx","statementMap":{"0":{"start":{"line":13,"column":2},"end":{"line":19,"column":4}},"1":{"start":{"line":22,"column":15},"end":{"line":74,"column":2}}},"fnMap":{"0":{"name":"Badge","decl":{"start":{"line":12,"column":16},"end":{"line":12,"column":21}},"loc":{"start":{"line":12,"column":90},"end":{"line":20,"column":1}},"line":12}},"branchMap":{"0":{"loc":{"start":{"line":12,"column":31},"end":{"line":12,"column":50}},"type":"default-arg","locations":[{"start":{"line":12,"column":41},"end":{"line":12,"column":50}}],"line":12},"1":{"loc":{"start":{"line":12,"column":52},"end":{"line":12,"column":67}},"type":"default-arg","locations":[{"start":{"line":12,"column":59},"end":{"line":12,"column":67}}],"line":12}},"s":{"0":97,"1":14},"f":{"0":97},"b":{"0":[0],"1":[34]},"_coverageSchema":"1a1c01bbd47fc00a2c39e90264f33305004495a9","hash":"23bec10fb30fd17e71e7378b80eaaca04630eebb"}
,"/Users/hungnguyen/Downloads/klc-ev-charging/src/driver-app/src/components/common/Button.tsx": {"path":"/Users/hungnguyen/Downloads/klc-ev-charging/src/driver-app/src/components/common/Button.tsx","statementMap":{"0":{"start":{"line":35,"column":21},"end":{"line":35,"column":40}},"1":{"start":{"line":37,"column":2},"end":{"line":69,"column":4}},"2":{"start":{"line":72,"column":15},"end":{"line":131,"column":2}}},"fnMap":{"0":{"name":"Button","decl":{"start":{"line":24,"column":16},"end":{"line":24,"column":22}},"loc":{"start":{"line":34,"column":16},"end":{"line":70,"column":1}},"line":34}},"branchMap":{"0":{"loc":{"start":{"line":27,"column":2},"end":{"line":27,"column":21}},"type":"default-arg","locations":[{"start":{"line":27,"column":12},"end":{"line":27,"column":21}}],"line":27},"1":{"loc":{"start":{"line":28,"column":2},"end":{"line":28,"column":17}},"type":"default-arg","locations":[{"start":{"line":28,"column":9},"end":{"line":28,"column":17}}],"line":28},"2":{"loc":{"start":{"line":29,"column":2},"end":{"line":29,"column":18}},"type":"default-arg","locations":[{"start":{"line":29,"column":13},"end":{"line":29,"column":18}}],"line":29},"3":{"loc":{"start":{"line":30,"column":2},"end":{"line":30,"column":17}},"type":"default-arg","locations":[{"start":{"line":30,"column":12},"end":{"line":30,"column":17}}],"line":30},"4":{"loc":{"start":{"line":35,"column":21},"end":{"line":35,"column":40}},"type":"binary-expr","locations":[{"start":{"line":35,"column":21},"end":{"line":35,"column":29}},{"start":{"line":35,"column":33},"end":{"line":35,"column":40}}],"line":35},"5":{"loc":{"start":{"line":43,"column":8},"end":{"line":43,"column":37}},"type":"binary-expr","locations":[{"start":{"line":43,"column":8},"end":{"line":43,"column":18}},{"start":{"line":43,"column":22},"end":{"line":43,"column":37}}],"line":43},"6":{"loc":{"start":{"line":51,"column":7},"end":{"line":67,"column":7}},"type":"cond-expr","locations":[{"start":{"line":52,"column":8},"end":{"line":55,"column":10}},{"start":{"line":57,"column":8},"end":{"line":66,"column":15}}],"line":51},"7":{"loc":{"start":{"line":53,"column":17},"end":{"line":53,"column":75}},"type":"cond-expr","locations":[{"start":{"line":53,"column":41},"end":{"line":53,"column":55}},{"start":{"line":53,"column":58},"end":{"line":53,"column":75}}],"line":53}},"s":{"0":180,"1":180,"2":15},"f":{"0":180},"b":{"0":[134],"1":[103],"2":[123],"3":[71],"4":[180,163],"5":[180,24],"6":[10,170],"7":[0,10]},"_coverageSchema":"1a1c01bbd47fc00a2c39e90264f33305004495a9","hash":"ef08d7da7b180b07a5be44f507377336cc129122"}
,"/Users/hungnguyen/Downloads/klc-ev-charging/src/driver-app/src/components/common/Card.tsx": {"path":"/Users/hungnguyen/Downloads/klc-ev-charging/src/driver-app/src/components/common/Card.tsx","statementMap":{"0":{"start":{"line":12,"column":2},"end":{"line":16,"column":4}},"1":{"start":{"line":19,"column":15},"end":{"line":36,"column":2}}},"fnMap":{"0":{"name":"Card","decl":{"start":{"line":11,"column":16},"end":{"line":11,"column":20}},"loc":{"start":{"line":11,"column":96},"end":{"line":17,"column":1}},"line":11}},"branchMap":{"0":{"loc":{"start":{"line":11,"column":40},"end":{"line":11,"column":58}},"type":"default-arg","locations":[{"start":{"line":11,"column":50},"end":{"line":11,"column":58}}],"line":11}},"s":{"0":414,"1":14},"f":{"0":414},"b":{"0":[375]},"_coverageSchema":"1a1c01bbd47fc00a2c39e90264f33305004495a9","hash":"adfe8de743c27c94cdb34598d55492dcbe371ece"}
,"/Users/hungnguyen/Downloads/klc-ev-charging/src/driver-app/src/components/common/ErrorBoundary.tsx": {"path":"/Users/hungnguyen/Downloads/klc-ev-charging/src/driver-app/src/components/common/ErrorBoundary.tsx","statementMap":{"0":{"start":{"line":19,"column":4},"end":{"line":19,"column":17}},"1":{"start":{"line":20,"column":4},"end":{"line":23,"column":6}},"2":{"start":{"line":27,"column":4},"end":{"line":30,"column":6}},"3":{"start":{"line":34,"column":4},"end":{"line":34,"column":59}},"4":{"start":{"line":35,"column":4},"end":{"line":35,"column":64}},"5":{"start":{"line":38,"column":15},"end":{"line":43,"column":3}},"6":{"start":{"line":39,"column":4},"end":{"line":42,"column":7}},"7":{"start":{"line":46,"column":4},"end":{"line":57,"column":5}},"8":{"start":{"line":47,"column":6},"end":{"line":49,"column":7}},"9":{"start":{"line":48,"column":8},"end":{"line":48,"column":35}},"10":{"start":{"line":51,"column":6},"end":{"line":56,"column":8}},"11":{"start":{"line":59,"column":4},"end":{"line":59,"column":31}}},"fnMap":{"0":{"name":"(anonymous_0)","decl":{"start":{"line":18,"column":2},"end":{"line":18,"column":3}},"loc":{"start":{"line":18,"column":41},"end":{"line":24,"column":3}},"line":18},"1":{"name":"(anonymous_1)","decl":{"start":{"line":26,"column":2},"end":{"line":26,"column":3}},"loc":{"start":{"line":26,"column":68},"end":{"line":31,"column":3}},"line":26},"2":{"name":"(anonymous_2)","decl":{"start":{"line":33,"column":2},"end":{"line":33,"column":3}},"loc":{"start":{"line":33,"column":62},"end":{"line":36,"column":3}},"line":33},"3":{"name":"(anonymous_3)","decl":{"start":{"line":38,"column":15},"end":{"line":38,"column":16}},"loc":{"start":{"line":38,"column":27},"end":{"line":43,"column":3}},"line":38},"4":{"name":"(anonymous_4)","decl":{"start":{"line":45,"column":2},"end":{"line":45,"column":3}},"loc":{"start":{"line":45,"column":11},"end":{"line":60,"column":3}},"line":45}},"branchMap":{"0":{"loc":{"start":{"line":46,"column":4},"end":{"line":57,"column":5}},"type":"if","locations":[{"start":{"line":46,"column":4},"end":{"line":57,"column":5}},{"start":{},"end":{}}],"line":46},"1":{"loc":{"start":{"line":47,"column":6},"end":{"line":49,"column":7}},"type":"if","locations":[{"start":{"line":47,"column":6},"end":{"line":49,"column":7}},{"start":{},"end":{}}],"line":47},"2":{"loc":{"start":{"line":53,"column":17},"end":{"line":53,"column":63}},"type":"binary-expr","locations":[{"start":{"line":53,"column":17},"end":{"line":53,"column":33}},{"start":{"line":53,"column":37},"end":{"line":53,"column":63}}],"line":53}},"s":{"0":12,"1":12,"2":12,"3":6,"4":6,"5":12,"6":1,"7":26,"8":12,"9":2,"10":10,"11":14},"f":{"0":12,"1":12,"2":6,"3":1,"4":26},"b":{"0":[12,14],"1":[2,10],"2":[10,0]},"_coverageSchema":"1a1c01bbd47fc00a2c39e90264f33305004495a9","hash":"e0dd10d7b633312e18765bf791371418f1f14c74"}
,"/Users/hungnguyen/Downloads/klc-ev-charging/src/driver-app/src/components/common/ErrorFallback.tsx": {"path":"/Users/hungnguyen/Downloads/klc-ev-charging/src/driver-app/src/components/common/ErrorFallback.tsx","statementMap":{"0":{"start":{"line":14,"column":16},"end":{"line":14,"column":32}},"1":{"start":{"line":15,"column":16},"end":{"line":15,"column":23}},"2":{"start":{"line":17,"column":2},"end":{"line":51,"column":4}},"3":{"start":{"line":54,"column":15},"end":{"line":111,"column":2}}},"fnMap":{"0":{"name":"ErrorFallback","decl":{"start":{"line":13,"column":16},"end":{"line":13,"column":29}},"loc":{"start":{"line":13,"column":73},"end":{"line":52,"column":1}},"line":13}},"branchMap":{"0":{"loc":{"start":{"line":24,"column":9},"end":{"line":31,"column":16}},"type":"cond-expr","locations":[{"start":{"line":25,"column":10},"end":{"line":30,"column":17}},{"start":{"line":31,"column":12},"end":{"line":31,"column":16}}],"line":24},"1":{"loc":{"start":{"line":24,"column":9},"end":{"line":24,"column":32}},"type":"binary-expr","locations":[{"start":{"line":24,"column":9},"end":{"line":24,"column":14}},{"start":{"line":24,"column":18},"end":{"line":24,"column":32}}],"line":24}},"s":{"0":10,"1":10,"2":10,"3":15},"f":{"0":10},"b":{"0":[10,0],"1":[10,10]},"_coverageSchema":"1a1c01bbd47fc00a2c39e90264f33305004495a9","hash":"942421ab819d74c467aba0b9ce901887c3b39425"}
,"/Users/hungnguyen/Downloads/klc-ev-charging/src/driver-app/src/components/common/index.ts": {"path":"/Users/hungnguyen/Downloads/klc-ev-charging/src/driver-app/src/components/common/index.ts","statementMap":{},"fnMap":{},"branchMap":{},"s":{},"f":{},"b":{},"_coverageSchema":"1a1c01bbd47fc00a2c39e90264f33305004495a9","hash":"7bfdd384db3569c653db30e9edc529cf4f917ceb"}
,"/Users/hungnguyen/Downloads/klc-ev-charging/src/driver-app/src/constants/colors.ts": {"path":"/Users/hungnguyen/Downloads/klc-ev-charging/src/driver-app/src/constants/colors.ts","statementMap":{"0":{"start":{"line":1,"column":22},"end":{"line":17,"column":1}},"1":{"start":{"line":19,"column":23},"end":{"line":34,"column":1}}},"fnMap":{},"branchMap":{},"s":{"0":16,"1":16},"f":{},"b":{},"_coverageSchema":"1a1c01bbd47fc00a2c39e90264f33305004495a9","hash":"1bc9841035fc5b99abcc6aa8d4fab968cebaff93"}
,"/Users/hungnguyen/Downloads/klc-ev-charging/src/driver-app/src/constants/config.ts": {"path":"/Users/hungnguyen/Downloads/klc-ev-charging/src/driver-app/src/constants/config.ts","statementMap":{"0":{"start":{"line":1,"column":22},"end":{"line":26,"column":1}}},"fnMap":{},"branchMap":{"0":{"loc":{"start":{"line":3,"column":16},"end":{"line":5,"column":40}},"type":"cond-expr","locations":[{"start":{"line":4,"column":6},"end":{"line":4,"column":36}},{"start":{"line":5,"column":6},"end":{"line":5,"column":40}}],"line":3},"1":{"loc":{"start":{"line":8,"column":19},"end":{"line":10,"column":45}},"type":"cond-expr","locations":[{"start":{"line":9,"column":6},"end":{"line":9,"column":41}},{"start":{"line":10,"column":6},"end":{"line":10,"column":45}}],"line":8},"2":{"loc":{"start":{"line":13,"column":23},"end":{"line":13,"column":96}},"type":"binary-expr","locations":[{"start":{"line":13,"column":23},"end":{"line":13,"column":66}},{"start":{"line":13,"column":70},"end":{"line":13,"column":96}}],"line":13}},"s":{"0":7},"f":{},"b":{"0":[7,0],"1":[7,0],"2":[7,7]},"_coverageSchema":"1a1c01bbd47fc00a2c39e90264f33305004495a9","hash":"4c7d83a747b9223e5064de5a4e967708ca431766"}
,"/Users/hungnguyen/Downloads/klc-ev-charging/src/driver-app/src/screens/FavoritesScreen.tsx": {"path":"/Users/hungnguyen/Downloads/klc-ev-charging/src/driver-app/src/screens/FavoritesScreen.tsx","statementMap":{"0":{"start":{"line":29,"column":16},"end":{"line":29,"column":32}},"1":{"start":{"line":30,"column":21},"end":{"line":30,"column":83}},"2":{"start":{"line":32,"column":36},"end":{"line":32,"column":59}},"3":{"start":{"line":33,"column":32},"end":{"line":33,"column":46}},"4":{"start":{"line":34,"column":38},"end":{"line":34,"column":53}},"5":{"start":{"line":37,"column":27},"end":{"line":52,"column":9}},"6":{"start":{"line":37,"column":42},"end":{"line":52,"column":3}},"7":{"start":{"line":39,"column":23},"end":{"line":39,"column":53}},"8":{"start":{"line":40,"column":6},"end":{"line":50,"column":8}},"9":{"start":{"line":41,"column":8},"end":{"line":49,"column":9}},"10":{"start":{"line":42,"column":10},"end":{"line":48,"column":21}},"11":{"start":{"line":54,"column":66},"end":{"line":54,"column":94}},"12":{"start":{"line":56,"column":24},"end":{"line":66,"column":3}},"13":{"start":{"line":57,"column":4},"end":{"line":65,"column":5}},"14":{"start":{"line":58,"column":21},"end":{"line":58,"column":48}},"15":{"start":{"line":59,"column":6},"end":{"line":59,"column":27}},"16":{"start":{"line":61,"column":6},"end":{"line":61,"column":56}},"17":{"start":{"line":63,"column":6},"end":{"line":63,"column":24}},"18":{"start":{"line":64,"column":6},"end":{"line":64,"column":27}},"19":{"start":{"line":68,"column":2},"end":{"line":72,"column":4}},"20":{"start":{"line":70,"column":6},"end":{"line":70,"column":22}},"21":{"start":{"line":75,"column":2},"end":{"line":89,"column":78}},"22":{"start":{"line":76,"column":4},"end":{"line":76,"column":39}},"23":{"start":{"line":76,"column":32},"end":{"line":76,"column":39}},"24":{"start":{"line":78,"column":4},"end":{"line":82,"column":7}},"25":{"start":{"line":79,"column":6},"end":{"line":81,"column":9}},"26":{"start":{"line":80,"column":8},"end":{"line":80,"column":39}},"27":{"start":{"line":84,"column":4},"end":{"line":88,"column":6}},"28":{"start":{"line":85,"column":6},"end":{"line":87,"column":9}},"29":{"start":{"line":86,"column":8},"end":{"line":86,"column":43}},"30":{"start":{"line":91,"column":20},"end":{"line":94,"column":3}},"31":{"start":{"line":92,"column":4},"end":{"line":92,"column":24}},"32":{"start":{"line":93,"column":4},"end":{"line":93,"column":20}},"33":{"start":{"line":96,"column":31},"end":{"line":117,"column":3}},"34":{"start":{"line":97,"column":4},"end":{"line":116,"column":6}},"35":{"start":{"line":106,"column":12},"end":{"line":112,"column":13}},"36":{"start":{"line":107,"column":14},"end":{"line":107,"column":52}},"37":{"start":{"line":108,"column":14},"end":{"line":108,"column":78}},"38":{"start":{"line":108,"column":37},"end":{"line":108,"column":76}},"39":{"start":{"line":108,"column":56},"end":{"line":108,"column":75}},"40":{"start":{"line":110,"column":14},"end":{"line":110,"column":65}},"41":{"start":{"line":111,"column":14},"end":{"line":111,"column":81}},"42":{"start":{"line":119,"column":28},"end":{"line":121,"column":3}},"43":{"start":{"line":120,"column":4},"end":{"line":120,"column":77}},"44":{"start":{"line":120,"column":44},"end":{"line":120,"column":68}},"45":{"start":{"line":123,"column":27},"end":{"line":135,"column":3}},"46":{"start":{"line":124,"column":4},"end":{"line":134,"column":5}},"47":{"start":{"line":126,"column":8},"end":{"line":126,"column":25}},"48":{"start":{"line":129,"column":8},"end":{"line":129,"column":35}},"49":{"start":{"line":131,"column":8},"end":{"line":131,"column":23}},"50":{"start":{"line":133,"column":8},"end":{"line":133,"column":25}},"51":{"start":{"line":137,"column":28},"end":{"line":206,"column":3}},"52":{"start":{"line":138,"column":27},"end":{"line":138,"column":53}},"53":{"start":{"line":139,"column":23},"end":{"line":139,"column":48}},"54":{"start":{"line":141,"column":4},"end":{"line":205,"column":6}},"55":{"start":{"line":143,"column":23},"end":{"line":143,"column":86}},"56":{"start":{"line":144,"column":27},"end":{"line":144,"column":56}},"57":{"start":{"line":184,"column":14},"end":{"line":190,"column":16}},"58":{"start":{"line":196,"column":27},"end":{"line":196,"column":56}},"59":{"start":{"line":208,"column":2},"end":{"line":215,"column":3}},"60":{"start":{"line":209,"column":4},"end":{"line":214,"column":6}},"61":{"start":{"line":217,"column":2},"end":{"line":249,"column":4}},"62":{"start":{"line":229,"column":32},"end":{"line":229,"column":39}},"63":{"start":{"line":252,"column":15},"end":{"line":386,"column":2}}},"fnMap":{"0":{"name":"FavoritesScreen","decl":{"start":{"line":28,"column":16},"end":{"line":28,"column":31}},"loc":{"start":{"line":28,"column":34},"end":{"line":250,"column":1}},"line":28},"1":{"name":"(anonymous_1)","decl":{"start":{"line":37,"column":35},"end":{"line":37,"column":36}},"loc":{"start":{"line":37,"column":42},"end":{"line":52,"column":3}},"line":37},"2":{"name":"(anonymous_2)","decl":{"start":{"line":38,"column":28},"end":{"line":38,"column":29}},"loc":{"start":{"line":38,"column":70},"end":{"line":51,"column":5}},"line":38},"3":{"name":"(anonymous_3)","decl":{"start":{"line":40,"column":19},"end":{"line":40,"column":20}},"loc":{"start":{"line":41,"column":8},"end":{"line":49,"column":9}},"line":41},"4":{"name":"(anonymous_4)","decl":{"start":{"line":41,"column":17},"end":{"line":41,"column":18}},"loc":{"start":{"line":42,"column":10},"end":{"line":48,"column":21}},"line":42},"5":{"name":"(anonymous_5)","decl":{"start":{"line":56,"column":24},"end":{"line":56,"column":25}},"loc":{"start":{"line":56,"column":36},"end":{"line":66,"column":3}},"line":56},"6":{"name":"(anonymous_6)","decl":{"start":{"line":69,"column":16},"end":{"line":69,"column":17}},"loc":{"start":{"line":69,"column":22},"end":{"line":71,"column":5}},"line":69},"7":{"name":"(anonymous_7)","decl":{"start":{"line":75,"column":12},"end":{"line":75,"column":13}},"loc":{"start":{"line":75,"column":18},"end":{"line":89,"column":3}},"line":75},"8":{"name":"(anonymous_8)","decl":{"start":{"line":78,"column":19},"end":{"line":78,"column":20}},"loc":{"start":{"line":78,"column":25},"end":{"line":82,"column":5}},"line":78},"9":{"name":"(anonymous_9)","decl":{"start":{"line":79,"column":24},"end":{"line":79,"column":25}},"loc":{"start":{"line":79,"column":37},"end":{"line":81,"column":7}},"line":79},"10":{"name":"(anonymous_10)","decl":{"start":{"line":84,"column":11},"end":{"line":84,"column":12}},"loc":{"start":{"line":84,"column":17},"end":{"line":88,"column":5}},"line":84},"11":{"name":"(anonymous_11)","decl":{"start":{"line":85,"column":24},"end":{"line":85,"column":25}},"loc":{"start":{"line":85,"column":37},"end":{"line":87,"column":7}},"line":85},"12":{"name":"(anonymous_12)","decl":{"start":{"line":91,"column":20},"end":{"line":91,"column":21}},"loc":{"start":{"line":91,"column":26},"end":{"line":94,"column":3}},"line":91},"13":{"name":"(anonymous_13)","decl":{"start":{"line":96,"column":31},"end":{"line":96,"column":32}},"loc":{"start":{"line":96,"column":53},"end":{"line":117,"column":3}},"line":96},"14":{"name":"(anonymous_14)","decl":{"start":{"line":105,"column":19},"end":{"line":105,"column":20}},"loc":{"start":{"line":105,"column":31},"end":{"line":113,"column":11}},"line":105},"15":{"name":"(anonymous_15)","decl":{"start":{"line":108,"column":27},"end":{"line":108,"column":28}},"loc":{"start":{"line":108,"column":37},"end":{"line":108,"column":76}},"line":108},"16":{"name":"(anonymous_16)","decl":{"start":{"line":108,"column":49},"end":{"line":108,"column":50}},"loc":{"start":{"line":108,"column":56},"end":{"line":108,"column":75}},"line":108},"17":{"name":"(anonymous_17)","decl":{"start":{"line":119,"column":28},"end":{"line":119,"column":29}},"loc":{"start":{"line":119,"column":50},"end":{"line":121,"column":3}},"line":119},"18":{"name":"(anonymous_18)","decl":{"start":{"line":120,"column":37},"end":{"line":120,"column":38}},"loc":{"start":{"line":120,"column":44},"end":{"line":120,"column":68}},"line":120},"19":{"name":"(anonymous_19)","decl":{"start":{"line":123,"column":27},"end":{"line":123,"column":28}},"loc":{"start":{"line":123,"column":101},"end":{"line":135,"column":3}},"line":123},"20":{"name":"(anonymous_20)","decl":{"start":{"line":137,"column":28},"end":{"line":137,"column":29}},"loc":{"start":{"line":137,"column":70},"end":{"line":206,"column":3}},"line":137},"21":{"name":"(anonymous_21)","decl":{"start":{"line":143,"column":17},"end":{"line":143,"column":18}},"loc":{"start":{"line":143,"column":23},"end":{"line":143,"column":86}},"line":143},"22":{"name":"(anonymous_22)","decl":{"start":{"line":144,"column":21},"end":{"line":144,"column":22}},"loc":{"start":{"line":144,"column":27},"end":{"line":144,"column":56}},"line":144},"23":{"name":"(anonymous_23)","decl":{"start":{"line":183,"column":36},"end":{"line":183,"column":37}},"loc":{"start":{"line":184,"column":14},"end":{"line":190,"column":16}},"line":184},"24":{"name":"(anonymous_24)","decl":{"start":{"line":196,"column":21},"end":{"line":196,"column":22}},"loc":{"start":{"line":196,"column":27},"end":{"line":196,"column":56}},"line":196},"25":{"name":"(anonymous_25)","decl":{"start":{"line":229,"column":22},"end":{"line":229,"column":23}},"loc":{"start":{"line":229,"column":32},"end":{"line":229,"column":39}},"line":229}},"branchMap":{"0":{"loc":{"start":{"line":42,"column":10},"end":{"line":48,"column":21}},"type":"cond-expr","locations":[{"start":{"line":43,"column":14},"end":{"line":47,"column":15}},{"start":{"line":48,"column":14},"end":{"line":48,"column":21}}],"line":42},"1":{"loc":{"start":{"line":76,"column":4},"end":{"line":76,"column":39}},"type":"if","locations":[{"start":{"line":76,"column":4},"end":{"line":76,"column":39}},{"start":{},"end":{}}],"line":76},"2":{"loc":{"start":{"line":124,"column":4},"end":{"line":134,"column":5}},"type":"switch","locations":[{"start":{"line":125,"column":6},"end":{"line":126,"column":25}},{"start":{"line":127,"column":6},"end":{"line":127,"column":22}},{"start":{"line":128,"column":6},"end":{"line":129,"column":35}},{"start":{"line":130,"column":6},"end":{"line":131,"column":23}},{"start":{"line":132,"column":6},"end":{"line":133,"column":25}}],"line":124},"3":{"loc":{"start":{"line":147,"column":48},"end":{"line":147,"column":87}},"type":"cond-expr","locations":[{"start":{"line":147,"column":67},"end":{"line":147,"column":75}},{"start":{"line":147,"column":78},"end":{"line":147,"column":87}}],"line":147},"4":{"loc":{"start":{"line":157,"column":25},"end":{"line":157,"column":84}},"type":"cond-expr","locations":[{"start":{"line":157,"column":44},"end":{"line":157,"column":62}},{"start":{"line":157,"column":65},"end":{"line":157,"column":84}}],"line":157},"5":{"loc":{"start":{"line":158,"column":27},"end":{"line":158,"column":67}},"type":"cond-expr","locations":[{"start":{"line":158,"column":46},"end":{"line":158,"column":55}},{"start":{"line":158,"column":58},"end":{"line":158,"column":67}}],"line":158},"6":{"loc":{"start":{"line":165,"column":15},"end":{"line":167,"column":15}},"type":"binary-expr","locations":[{"start":{"line":165,"column":15},"end":{"line":165,"column":39}},{"start":{"line":166,"column":16},"end":{"line":166,"column":85}}],"line":165},"7":{"loc":{"start":{"line":173,"column":18},"end":{"line":173,"column":84}},"type":"cond-expr","locations":[{"start":{"line":173,"column":39},"end":{"line":173,"column":59}},{"start":{"line":173,"column":62},"end":{"line":173,"column":84}}],"line":173},"8":{"loc":{"start":{"line":208,"column":2},"end":{"line":215,"column":3}},"type":"if","locations":[{"start":{"line":208,"column":2},"end":{"line":215,"column":3}},{"start":{},"end":{}}],"line":208},"9":{"loc":{"start":{"line":208,"column":6},"end":{"line":208,"column":39}},"type":"binary-expr","locations":[{"start":{"line":208,"column":6},"end":{"line":208,"column":13}},{"start":{"line":208,"column":17},"end":{"line":208,"column":39}}],"line":208},"10":{"loc":{"start":{"line":222,"column":11},"end":{"line":222,"column":157}},"type":"cond-expr","locations":[{"start":{"line":222,"column":36},"end":{"line":222,"column":92}},{"start":{"line":222,"column":95},"end":{"line":222,"column":157}}],"line":222}},"s":{"0":20,"1":19,"2":19,"3":19,"4":19,"5":19,"6":9,"7":0,"8":0,"9":0,"10":0,"11":19,"12":19,"13":9,"14":9,"15":9,"16":0,"17":9,"18":9,"19":19,"20":9,"21":19,"22":19,"23":11,"24":8,"25":8,"26":15,"27":8,"28":8,"29":15,"30":19,"31":0,"32":0,"33":19,"34":2,"35":1,"36":1,"37":1,"38":1,"39":2,"40":0,"41":0,"42":19,"43":15,"44":15,"45":19,"46":15,"47":7,"48":0,"49":0,"50":8,"51":19,"52":15,"53":15,"54":15,"55":0,"56":0,"57":15,"58":2,"59":19,"60":9,"61":10,"62":23,"63":1},"f":{"0":20,"1":9,"2":0,"3":0,"4":0,"5":9,"6":9,"7":19,"8":8,"9":15,"10":8,"11":15,"12":0,"13":2,"14":1,"15":1,"16":2,"17":15,"18":15,"19":15,"20":15,"21":0,"22":0,"23":15,"24":2,"25":23},"b":{"0":[0,0],"1":[11,8],"2":[7,0,0,0,8],"3":[7,8],"4":[7,8],"5":[7,8],"6":[15,7],"7":[7,8],"8":[9,10],"9":[19,9],"10":[1,9]},"_coverageSchema":"1a1c01bbd47fc00a2c39e90264f33305004495a9","hash":"5e74f5324b1b817cb17cebf57ba0767964169e08"}
,"/Users/hungnguyen/Downloads/klc-ev-charging/src/driver-app/src/screens/HelpSupportScreen.tsx": {"path":"/Users/hungnguyen/Downloads/klc-ev-charging/src/driver-app/src/screens/HelpSupportScreen.tsx","statementMap":{"0":{"start":{"line":22,"column":23},"end":{"line":28,"column":10}},"1":{"start":{"line":31,"column":16},"end":{"line":31,"column":32}},"2":{"start":{"line":32,"column":21},"end":{"line":32,"column":36}},"3":{"start":{"line":34,"column":34},"end":{"line":34,"column":57}},"4":{"start":{"line":35,"column":40},"end":{"line":35,"column":69}},"5":{"start":{"line":36,"column":32},"end":{"line":36,"column":46}},"6":{"start":{"line":37,"column":38},"end":{"line":37,"column":53}},"7":{"start":{"line":38,"column":28},"end":{"line":38,"column":57}},"8":{"start":{"line":40,"column":42},"end":{"line":40,"column":53}},"9":{"start":{"line":41,"column":32},"end":{"line":41,"column":44}},"10":{"start":{"line":42,"column":32},"end":{"line":42,"column":44}},"11":{"start":{"line":43,"column":38},"end":{"line":43,"column":53}},"12":{"start":{"line":44,"column":46},"end":{"line":44,"column":61}},"13":{"start":{"line":46,"column":18},"end":{"line":58,"column":3}},"14":{"start":{"line":47,"column":4},"end":{"line":57,"column":5}},"15":{"start":{"line":48,"column":6},"end":{"line":48,"column":21}},"16":{"start":{"line":49,"column":19},"end":{"line":49,"column":45}},"17":{"start":{"line":50,"column":6},"end":{"line":50,"column":24}},"18":{"start":{"line":52,"column":6},"end":{"line":52,"column":48}},"19":{"start":{"line":53,"column":6},"end":{"line":53,"column":36}},"20":{"start":{"line":55,"column":6},"end":{"line":55,"column":24}},"21":{"start":{"line":56,"column":6},"end":{"line":56,"column":27}},"22":{"start":{"line":60,"column":2},"end":{"line":64,"column":4}},"23":{"start":{"line":62,"column":6},"end":{"line":62,"column":16}},"24":{"start":{"line":66,"column":20},"end":{"line":69,"column":3}},"25":{"start":{"line":67,"column":4},"end":{"line":67,"column":24}},"26":{"start":{"line":68,"column":4},"end":{"line":68,"column":14}},"27":{"start":{"line":71,"column":20},"end":{"line":73,"column":3}},"28":{"start":{"line":72,"column":4},"end":{"line":72,"column":57}},"29":{"start":{"line":75,"column":31},"end":{"line":98,"column":3}},"30":{"start":{"line":76,"column":4},"end":{"line":79,"column":5}},"31":{"start":{"line":77,"column":6},"end":{"line":77,"column":67}},"32":{"start":{"line":78,"column":6},"end":{"line":78,"column":13}},"33":{"start":{"line":81,"column":4},"end":{"line":81,"column":24}},"34":{"start":{"line":82,"column":4},"end":{"line":97,"column":5}},"35":{"start":{"line":83,"column":6},"end":{"line":87,"column":9}},"36":{"start":{"line":88,"column":6},"end":{"line":88,"column":71}},"37":{"start":{"line":89,"column":6},"end":{"line":89,"column":21}},"38":{"start":{"line":90,"column":6},"end":{"line":90,"column":21}},"39":{"start":{"line":91,"column":6},"end":{"line":91,"column":25}},"40":{"start":{"line":93,"column":6},"end":{"line":93,"column":55}},"41":{"start":{"line":94,"column":6},"end":{"line":94,"column":67}},"42":{"start":{"line":96,"column":6},"end":{"line":96,"column":27}},"43":{"start":{"line":100,"column":23},"end":{"line":103,"column":3}},"44":{"start":{"line":101,"column":17},"end":{"line":101,"column":64}},"45":{"start":{"line":101,"column":45},"end":{"line":101,"column":63}},"46":{"start":{"line":102,"column":4},"end":{"line":102,"column":66}},"47":{"start":{"line":105,"column":2},"end":{"line":116,"column":3}},"48":{"start":{"line":106,"column":4},"end":{"line":115,"column":6}},"49":{"start":{"line":118,"column":2},"end":{"line":321,"column":4}},"50":{"start":{"line":122,"column":25},"end":{"line":122,"column":44}},"51":{"start":{"line":157,"column":18},"end":{"line":157,"column":35}},"52":{"start":{"line":158,"column":18},"end":{"line":158,"column":28}},"53":{"start":{"line":170,"column":16},"end":{"line":190,"column":23}},"54":{"start":{"line":173,"column":35},"end":{"line":173,"column":51}},"55":{"start":{"line":204,"column":29},"end":{"line":204,"column":63}},"56":{"start":{"line":216,"column":18},"end":{"line":238,"column":37}},"57":{"start":{"line":223,"column":22},"end":{"line":223,"column":50}},"58":{"start":{"line":224,"column":22},"end":{"line":224,"column":47}},"59":{"start":{"line":287,"column":29},"end":{"line":287,"column":69}},"60":{"start":{"line":300,"column":29},"end":{"line":300,"column":60}},"61":{"start":{"line":324,"column":15},"end":{"line":516,"column":2}}},"fnMap":{"0":{"name":"HelpSupportScreen","decl":{"start":{"line":30,"column":16},"end":{"line":30,"column":33}},"loc":{"start":{"line":30,"column":36},"end":{"line":322,"column":1}},"line":30},"1":{"name":"(anonymous_1)","decl":{"start":{"line":46,"column":18},"end":{"line":46,"column":19}},"loc":{"start":{"line":46,"column":30},"end":{"line":58,"column":3}},"line":46},"2":{"name":"(anonymous_2)","decl":{"start":{"line":61,"column":16},"end":{"line":61,"column":17}},"loc":{"start":{"line":61,"column":22},"end":{"line":63,"column":5}},"line":61},"3":{"name":"(anonymous_3)","decl":{"start":{"line":66,"column":20},"end":{"line":66,"column":21}},"loc":{"start":{"line":66,"column":26},"end":{"line":69,"column":3}},"line":66},"4":{"name":"(anonymous_4)","decl":{"start":{"line":71,"column":20},"end":{"line":71,"column":21}},"loc":{"start":{"line":71,"column":39},"end":{"line":73,"column":3}},"line":71},"5":{"name":"(anonymous_5)","decl":{"start":{"line":75,"column":31},"end":{"line":75,"column":32}},"loc":{"start":{"line":75,"column":43},"end":{"line":98,"column":3}},"line":75},"6":{"name":"(anonymous_6)","decl":{"start":{"line":100,"column":23},"end":{"line":100,"column":24}},"loc":{"start":{"line":100,"column":50},"end":{"line":103,"column":3}},"line":100},"7":{"name":"(anonymous_7)","decl":{"start":{"line":101,"column":37},"end":{"line":101,"column":38}},"loc":{"start":{"line":101,"column":45},"end":{"line":101,"column":63}},"line":101},"8":{"name":"(anonymous_8)","decl":{"start":{"line":122,"column":19},"end":{"line":122,"column":20}},"loc":{"start":{"line":122,"column":25},"end":{"line":122,"column":44}},"line":122},"9":{"name":"(anonymous_9)","decl":{"start":{"line":156,"column":25},"end":{"line":156,"column":26}},"loc":{"start":{"line":156,"column":31},"end":{"line":159,"column":17}},"line":156},"10":{"name":"(anonymous_10)","decl":{"start":{"line":169,"column":28},"end":{"line":169,"column":29}},"loc":{"start":{"line":170,"column":16},"end":{"line":190,"column":23}},"line":170},"11":{"name":"(anonymous_11)","decl":{"start":{"line":173,"column":29},"end":{"line":173,"column":30}},"loc":{"start":{"line":173,"column":35},"end":{"line":173,"column":51}},"line":173},"12":{"name":"(anonymous_12)","decl":{"start":{"line":204,"column":23},"end":{"line":204,"column":24}},"loc":{"start":{"line":204,"column":29},"end":{"line":204,"column":63}},"line":204},"13":{"name":"(anonymous_13)","decl":{"start":{"line":215,"column":36},"end":{"line":215,"column":37}},"loc":{"start":{"line":216,"column":18},"end":{"line":238,"column":37}},"line":216},"14":{"name":"(anonymous_14)","decl":{"start":{"line":222,"column":29},"end":{"line":222,"column":30}},"loc":{"start":{"line":222,"column":35},"end":{"line":225,"column":21}},"line":222},"15":{"name":"(anonymous_15)","decl":{"start":{"line":287,"column":23},"end":{"line":287,"column":24}},"loc":{"start":{"line":287,"column":29},"end":{"line":287,"column":69}},"line":287},"16":{"name":"(anonymous_16)","decl":{"start":{"line":300,"column":23},"end":{"line":300,"column":24}},"loc":{"start":{"line":300,"column":29},"end":{"line":300,"column":60}},"line":300}},"branchMap":{"0":{"loc":{"start":{"line":72,"column":19},"end":{"line":72,"column":55}},"type":"cond-expr","locations":[{"start":{"line":72,"column":43},"end":{"line":72,"column":47}},{"start":{"line":72,"column":50},"end":{"line":72,"column":55}}],"line":72},"1":{"loc":{"start":{"line":76,"column":4},"end":{"line":79,"column":5}},"type":"if","locations":[{"start":{"line":76,"column":4},"end":{"line":79,"column":5}},{"start":{},"end":{}}],"line":76},"2":{"loc":{"start":{"line":76,"column":8},"end":{"line":76,"column":42}},"type":"binary-expr","locations":[{"start":{"line":76,"column":8},"end":{"line":76,"column":23}},{"start":{"line":76,"column":27},"end":{"line":76,"column":42}}],"line":76},"3":{"loc":{"start":{"line":102,"column":11},"end":{"line":102,"column":65}},"type":"cond-expr","locations":[{"start":{"line":102,"column":18},"end":{"line":102,"column":34}},{"start":{"line":102,"column":37},"end":{"line":102,"column":65}}],"line":102},"4":{"loc":{"start":{"line":105,"column":2},"end":{"line":116,"column":3}},"type":"if","locations":[{"start":{"line":105,"column":2},"end":{"line":116,"column":3}},{"start":{},"end":{}}],"line":105},"5":{"loc":{"start":{"line":149,"column":11},"end":{"line":193,"column":11}},"type":"cond-expr","locations":[{"start":{"line":150,"column":12},"end":{"line":162,"column":19}},{"start":{"line":163,"column":14},"end":{"line":193,"column":11}}],"line":149},"6":{"loc":{"start":{"line":163,"column":14},"end":{"line":193,"column":11}},"type":"cond-expr","locations":[{"start":{"line":164,"column":12},"end":{"line":166,"column":19}},{"start":{"line":168,"column":12},"end":{"line":192,"column":19}}],"line":163},"7":{"loc":{"start":{"line":181,"column":23},"end":{"line":181,"column":66}},"type":"cond-expr","locations":[{"start":{"line":181,"column":47},"end":{"line":181,"column":55}},{"start":{"line":181,"column":58},"end":{"line":181,"column":66}}],"line":181},"8":{"loc":{"start":{"line":184,"column":19},"end":{"line":188,"column":19}},"type":"binary-expr","locations":[{"start":{"line":184,"column":19},"end":{"line":184,"column":40}},{"start":{"line":185,"column":20},"end":{"line":187,"column":27}}],"line":184},"9":{"loc":{"start":{"line":189,"column":19},"end":{"line":189,"column":84}},"type":"binary-expr","locations":[{"start":{"line":189,"column":19},"end":{"line":189,"column":46}},{"start":{"line":189,"column":50},"end":{"line":189,"column":84}}],"line":189},"10":{"loc":{"start":{"line":210,"column":50},"end":{"line":210,"column":86}},"type":"cond-expr","locations":[{"start":{"line":210,"column":67},"end":{"line":210,"column":75}},{"start":{"line":210,"column":78},"end":{"line":210,"column":86}}],"line":210},"11":{"loc":{"start":{"line":213,"column":13},"end":{"line":241,"column":13}},"type":"binary-expr","locations":[{"start":{"line":213,"column":13},"end":{"line":213,"column":27}},{"start":{"line":214,"column":14},"end":{"line":240,"column":21}}],"line":213},"12":{"loc":{"start":{"line":220,"column":22},"end":{"line":220,"column":80}},"type":"binary-expr","locations":[{"start":{"line":220,"column":22},"end":{"line":220,"column":49}},{"start":{"line":220,"column":53},"end":{"line":220,"column":80}}],"line":220},"13":{"loc":{"start":{"line":233,"column":24},"end":{"line":233,"column":86}},"type":"binary-expr","locations":[{"start":{"line":233,"column":24},"end":{"line":233,"column":51}},{"start":{"line":233,"column":55},"end":{"line":233,"column":86}}],"line":233},"14":{"loc":{"start":{"line":275,"column":24},"end":{"line":275,"column":58}},"type":"binary-expr","locations":[{"start":{"line":275,"column":24},"end":{"line":275,"column":39}},{"start":{"line":275,"column":43},"end":{"line":275,"column":58}}],"line":275}},"s":{"0":1,"1":28,"2":27,"3":27,"4":27,"5":27,"6":27,"7":27,"8":27,"9":27,"10":27,"11":27,"12":27,"13":27,"14":10,"15":10,"16":10,"17":10,"18":0,"19":0,"20":10,"21":10,"22":27,"23":10,"24":27,"25":0,"26":0,"27":27,"28":1,"29":27,"30":2,"31":0,"32":0,"33":2,"34":2,"35":2,"36":1,"37":1,"38":1,"39":1,"40":1,"41":1,"42":2,"43":27,"44":34,"45":34,"46":34,"47":27,"48":10,"49":17,"50":0,"51":0,"52":0,"53":32,"54":1,"55":0,"56":0,"57":0,"58":0,"59":0,"60":0,"61":1},"f":{"0":28,"1":10,"2":10,"3":0,"4":1,"5":2,"6":34,"7":34,"8":0,"9":0,"10":32,"11":1,"12":0,"13":0,"14":0,"15":0,"16":0},"b":{"0":[0,1],"1":[0,2],"2":[2,2],"3":[34,0],"4":[10,17],"5":[0,17],"6":[1,16],"7":[1,31],"8":[32,1],"9":[32,16],"10":[0,17],"11":[17,0],"12":[0,0],"13":[0,0],"14":[17,5]},"_coverageSchema":"1a1c01bbd47fc00a2c39e90264f33305004495a9","hash":"9c1706e72520a191d46baf4557b525eb77553285"}
,"/Users/hungnguyen/Downloads/klc-ev-charging/src/driver-app/src/screens/HistoryScreen.tsx": {"path":"/Users/hungnguyen/Downloads/klc-ev-charging/src/driver-app/src/screens/HistoryScreen.tsx","statementMap":{"0":{"start":{"line":21,"column":16},"end":{"line":21,"column":32}},"1":{"start":{"line":22,"column":34},"end":{"line":22,"column":65}},"2":{"start":{"line":23,"column":32},"end":{"line":23,"column":46}},"3":{"start":{"line":24,"column":38},"end":{"line":24,"column":53}},"4":{"start":{"line":25,"column":30},"end":{"line":25,"column":60}},"5":{"start":{"line":26,"column":32},"end":{"line":26,"column":46}},"6":{"start":{"line":28,"column":23},"end":{"line":46,"column":3}},"7":{"start":{"line":29,"column":4},"end":{"line":29,"column":35}},"8":{"start":{"line":29,"column":28},"end":{"line":29,"column":35}},"9":{"start":{"line":31,"column":4},"end":{"line":45,"column":5}},"10":{"start":{"line":32,"column":21},"end":{"line":32,"column":77}},"11":{"start":{"line":33,"column":6},"end":{"line":37,"column":7}},"12":{"start":{"line":34,"column":8},"end":{"line":34,"column":34}},"13":{"start":{"line":36,"column":8},"end":{"line":36,"column":58}},"14":{"start":{"line":36,"column":30},"end":{"line":36,"column":56}},"15":{"start":{"line":38,"column":6},"end":{"line":38,"column":35}},"16":{"start":{"line":39,"column":6},"end":{"line":39,"column":33}},"17":{"start":{"line":41,"column":6},"end":{"line":41,"column":55}},"18":{"start":{"line":43,"column":6},"end":{"line":43,"column":24}},"19":{"start":{"line":44,"column":6},"end":{"line":44,"column":27}},"20":{"start":{"line":48,"column":2},"end":{"line":52,"column":4}},"21":{"start":{"line":50,"column":6},"end":{"line":50,"column":25}},"22":{"start":{"line":54,"column":20},"end":{"line":57,"column":3}},"23":{"start":{"line":55,"column":4},"end":{"line":55,"column":24}},"24":{"start":{"line":56,"column":4},"end":{"line":56,"column":23}},"25":{"start":{"line":59,"column":23},"end":{"line":63,"column":3}},"26":{"start":{"line":60,"column":4},"end":{"line":62,"column":5}},"27":{"start":{"line":61,"column":6},"end":{"line":61,"column":21}},"28":{"start":{"line":65,"column":27},"end":{"line":77,"column":3}},"29":{"start":{"line":66,"column":4},"end":{"line":76,"column":5}},"30":{"start":{"line":68,"column":8},"end":{"line":68,"column":25}},"31":{"start":{"line":70,"column":8},"end":{"line":70,"column":22}},"32":{"start":{"line":73,"column":8},"end":{"line":73,"column":23}},"33":{"start":{"line":75,"column":8},"end":{"line":75,"column":22}},"34":{"start":{"line":79,"column":24},"end":{"line":114,"column":3}},"35":{"start":{"line":80,"column":4},"end":{"line":113,"column":11}},"36":{"start":{"line":116,"column":2},"end":{"line":122,"column":3}},"37":{"start":{"line":117,"column":4},"end":{"line":121,"column":6}},"38":{"start":{"line":124,"column":2},"end":{"line":160,"column":4}},"39":{"start":{"line":134,"column":32},"end":{"line":134,"column":39}},"40":{"start":{"line":163,"column":15},"end":{"line":258,"column":2}}},"fnMap":{"0":{"name":"HistoryScreen","decl":{"start":{"line":20,"column":16},"end":{"line":20,"column":29}},"loc":{"start":{"line":20,"column":32},"end":{"line":161,"column":1}},"line":20},"1":{"name":"(anonymous_1)","decl":{"start":{"line":28,"column":23},"end":{"line":28,"column":24}},"loc":{"start":{"line":28,"column":48},"end":{"line":46,"column":3}},"line":28},"2":{"name":"(anonymous_2)","decl":{"start":{"line":36,"column":20},"end":{"line":36,"column":21}},"loc":{"start":{"line":36,"column":30},"end":{"line":36,"column":56}},"line":36},"3":{"name":"(anonymous_3)","decl":{"start":{"line":49,"column":16},"end":{"line":49,"column":17}},"loc":{"start":{"line":49,"column":22},"end":{"line":51,"column":5}},"line":49},"4":{"name":"(anonymous_4)","decl":{"start":{"line":54,"column":20},"end":{"line":54,"column":21}},"loc":{"start":{"line":54,"column":26},"end":{"line":57,"column":3}},"line":54},"5":{"name":"(anonymous_5)","decl":{"start":{"line":59,"column":23},"end":{"line":59,"column":24}},"loc":{"start":{"line":59,"column":29},"end":{"line":63,"column":3}},"line":59},"6":{"name":"(anonymous_6)","decl":{"start":{"line":65,"column":27},"end":{"line":65,"column":28}},"loc":{"start":{"line":65,"column":96},"end":{"line":77,"column":3}},"line":65},"7":{"name":"(anonymous_7)","decl":{"start":{"line":79,"column":24},"end":{"line":79,"column":25}},"loc":{"start":{"line":80,"column":4},"end":{"line":113,"column":11}},"line":80},"8":{"name":"(anonymous_8)","decl":{"start":{"line":134,"column":22},"end":{"line":134,"column":23}},"loc":{"start":{"line":134,"column":32},"end":{"line":134,"column":39}},"line":134}},"branchMap":{"0":{"loc":{"start":{"line":28,"column":30},"end":{"line":28,"column":43}},"type":"default-arg","locations":[{"start":{"line":28,"column":38},"end":{"line":28,"column":43}}],"line":28},"1":{"loc":{"start":{"line":29,"column":4},"end":{"line":29,"column":35}},"type":"if","locations":[{"start":{"line":29,"column":4},"end":{"line":29,"column":35}},{"start":{},"end":{}}],"line":29},"2":{"loc":{"start":{"line":29,"column":8},"end":{"line":29,"column":26}},"type":"binary-expr","locations":[{"start":{"line":29,"column":8},"end":{"line":29,"column":14}},{"start":{"line":29,"column":18},"end":{"line":29,"column":26}}],"line":29},"3":{"loc":{"start":{"line":32,"column":50},"end":{"line":32,"column":76}},"type":"cond-expr","locations":[{"start":{"line":32,"column":58},"end":{"line":32,"column":67}},{"start":{"line":32,"column":70},"end":{"line":32,"column":76}}],"line":32},"4":{"loc":{"start":{"line":33,"column":6},"end":{"line":37,"column":7}},"type":"if","locations":[{"start":{"line":33,"column":6},"end":{"line":37,"column":7}},{"start":{"line":35,"column":13},"end":{"line":37,"column":7}}],"line":33},"5":{"loc":{"start":{"line":60,"column":4},"end":{"line":62,"column":5}},"type":"if","locations":[{"start":{"line":60,"column":4},"end":{"line":62,"column":5}},{"start":{},"end":{}}],"line":60},"6":{"loc":{"start":{"line":60,"column":8},"end":{"line":60,"column":27}},"type":"binary-expr","locations":[{"start":{"line":60,"column":8},"end":{"line":60,"column":16}},{"start":{"line":60,"column":20},"end":{"line":60,"column":27}}],"line":60},"7":{"loc":{"start":{"line":66,"column":4},"end":{"line":76,"column":5}},"type":"switch","locations":[{"start":{"line":67,"column":6},"end":{"line":68,"column":25}},{"start":{"line":69,"column":6},"end":{"line":70,"column":22}},{"start":{"line":71,"column":6},"end":{"line":71,"column":20}},{"start":{"line":72,"column":6},"end":{"line":73,"column":23}},{"start":{"line":74,"column":6},"end":{"line":75,"column":22}}],"line":66},"8":{"loc":{"start":{"line":102,"column":28},"end":{"line":102,"column":71}},"type":"binary-expr","locations":[{"start":{"line":102,"column":28},"end":{"line":102,"column":46}},{"start":{"line":102,"column":50},"end":{"line":102,"column":71}}],"line":102},"9":{"loc":{"start":{"line":116,"column":2},"end":{"line":122,"column":3}},"type":"if","locations":[{"start":{"line":116,"column":2},"end":{"line":122,"column":3}},{"start":{},"end":{}}],"line":116},"10":{"loc":{"start":{"line":116,"column":6},"end":{"line":116,"column":38}},"type":"binary-expr","locations":[{"start":{"line":116,"column":6},"end":{"line":116,"column":13}},{"start":{"line":116,"column":17},"end":{"line":116,"column":38}}],"line":116},"11":{"loc":{"start":{"line":146,"column":10},"end":{"line":148,"column":18}},"type":"cond-expr","locations":[{"start":{"line":147,"column":12},"end":{"line":147,"column":136}},{"start":{"line":148,"column":14},"end":{"line":148,"column":18}}],"line":146},"12":{"loc":{"start":{"line":146,"column":10},"end":{"line":146,"column":32}},"type":"binary-expr","locations":[{"start":{"line":146,"column":10},"end":{"line":146,"column":17}},{"start":{"line":146,"column":21},"end":{"line":146,"column":32}}],"line":146}},"s":{"0":17,"1":16,"2":16,"3":16,"4":16,"5":16,"6":16,"7":8,"8":0,"9":8,"10":8,"11":7,"12":7,"13":0,"14":0,"15":7,"16":7,"17":1,"18":8,"19":8,"20":16,"21":8,"22":16,"23":0,"24":0,"25":16,"26":0,"27":0,"28":16,"29":10,"30":5,"31":0,"32":5,"33":0,"34":16,"35":10,"36":16,"37":8,"38":8,"39":15,"40":1},"f":{"0":17,"1":8,"2":0,"3":8,"4":0,"5":0,"6":10,"7":10,"8":15},"b":{"0":[0],"1":[0,8],"2":[8,0],"3":[8,0],"4":[7,0],"5":[0,0],"6":[0,0],"7":[5,0,5,5,0],"8":[10,5],"9":[8,8],"10":[16,8],"11":[1,7],"12":[8,1]},"_coverageSchema":"1a1c01bbd47fc00a2c39e90264f33305004495a9","hash":"9854ed6694cc15baace5d4bab12dca104fe06a11"}
,"/Users/hungnguyen/Downloads/klc-ev-charging/src/driver-app/src/screens/HomeScreen.tsx": {"path":"/Users/hungnguyen/Downloads/klc-ev-charging/src/driver-app/src/screens/HomeScreen.tsx","statementMap":{"0":{"start":{"line":32,"column":16},"end":{"line":32,"column":32}},"1":{"start":{"line":33,"column":21},"end":{"line":33,"column":83}},"2":{"start":{"line":34,"column":68},"end":{"line":34,"column":86}},"3":{"start":{"line":35,"column":28},"end":{"line":35,"column":45}},"4":{"start":{"line":37,"column":34},"end":{"line":37,"column":57}},"5":{"start":{"line":38,"column":32},"end":{"line":38,"column":46}},"6":{"start":{"line":39,"column":38},"end":{"line":39,"column":53}},"7":{"start":{"line":40,"column":34},"end":{"line":40,"column":60}},"8":{"start":{"line":42,"column":23},"end":{"line":57,"column":27}},"9":{"start":{"line":43,"column":4},"end":{"line":56,"column":5}},"10":{"start":{"line":44,"column":21},"end":{"line":49,"column":8}},"11":{"start":{"line":50,"column":6},"end":{"line":50,"column":32}},"12":{"start":{"line":52,"column":6},"end":{"line":52,"column":55}},"13":{"start":{"line":54,"column":6},"end":{"line":54,"column":24}},"14":{"start":{"line":55,"column":6},"end":{"line":55,"column":27}},"15":{"start":{"line":59,"column":2},"end":{"line":61,"column":40}},"16":{"start":{"line":60,"column":4},"end":{"line":60,"column":51}},"17":{"start":{"line":60,"column":35},"end":{"line":60,"column":49}},"18":{"start":{"line":63,"column":20},"end":{"line":66,"column":3}},"19":{"start":{"line":64,"column":4},"end":{"line":64,"column":24}},"20":{"start":{"line":65,"column":4},"end":{"line":65,"column":19}},"21":{"start":{"line":68,"column":28},"end":{"line":70,"column":3}},"22":{"start":{"line":69,"column":4},"end":{"line":69,"column":77}},"23":{"start":{"line":69,"column":44},"end":{"line":69,"column":68}},"24":{"start":{"line":72,"column":27},"end":{"line":84,"column":3}},"25":{"start":{"line":73,"column":4},"end":{"line":83,"column":5}},"26":{"start":{"line":75,"column":8},"end":{"line":75,"column":25}},"27":{"start":{"line":78,"column":8},"end":{"line":78,"column":35}},"28":{"start":{"line":80,"column":8},"end":{"line":80,"column":23}},"29":{"start":{"line":82,"column":8},"end":{"line":82,"column":25}},"30":{"start":{"line":86,"column":25},"end":{"line":90,"column":3}},"31":{"start":{"line":87,"column":4},"end":{"line":87,"column":49}},"32":{"start":{"line":87,"column":27},"end":{"line":87,"column":49}},"33":{"start":{"line":88,"column":27},"end":{"line":88,"column":53}},"34":{"start":{"line":89,"column":4},"end":{"line":89,"column":68}},"35":{"start":{"line":92,"column":28},"end":{"line":119,"column":37}},"36":{"start":{"line":93,"column":4},"end":{"line":100,"column":5}},"37":{"start":{"line":94,"column":6},"end":{"line":99,"column":8}},"38":{"start":{"line":103,"column":17},"end":{"line":103,"column":63}},"39":{"start":{"line":103,"column":51},"end":{"line":103,"column":61}},"40":{"start":{"line":104,"column":17},"end":{"line":104,"column":65}},"41":{"start":{"line":104,"column":52},"end":{"line":104,"column":63}},"42":{"start":{"line":105,"column":19},"end":{"line":105,"column":36}},"43":{"start":{"line":106,"column":19},"end":{"line":106,"column":36}},"44":{"start":{"line":107,"column":19},"end":{"line":107,"column":36}},"45":{"start":{"line":108,"column":19},"end":{"line":108,"column":36}},"46":{"start":{"line":110,"column":21},"end":{"line":110,"column":60}},"47":{"start":{"line":111,"column":21},"end":{"line":111,"column":60}},"48":{"start":{"line":113,"column":4},"end":{"line":118,"column":6}},"49":{"start":{"line":121,"column":25},"end":{"line":123,"column":3}},"50":{"start":{"line":122,"column":4},"end":{"line":122,"column":62}},"51":{"start":{"line":122,"column":27},"end":{"line":122,"column":59}},"52":{"start":{"line":125,"column":28},"end":{"line":172,"column":3}},"53":{"start":{"line":126,"column":27},"end":{"line":126,"column":53}},"54":{"start":{"line":127,"column":23},"end":{"line":127,"column":48}},"55":{"start":{"line":129,"column":4},"end":{"line":171,"column":6}},"56":{"start":{"line":131,"column":23},"end":{"line":131,"column":86}},"57":{"start":{"line":160,"column":14},"end":{"line":166,"column":16}},"58":{"start":{"line":174,"column":2},"end":{"line":186,"column":3}},"59":{"start":{"line":175,"column":4},"end":{"line":185,"column":6}},"60":{"start":{"line":188,"column":24},"end":{"line":261,"column":3}},"61":{"start":{"line":189,"column":4},"end":{"line":260,"column":11}},"62":{"start":{"line":198,"column":33},"end":{"line":198,"column":59}},"63":{"start":{"line":199,"column":29},"end":{"line":199,"column":54}},"64":{"start":{"line":200,"column":10},"end":{"line":249,"column":12}},"65":{"start":{"line":211,"column":16},"end":{"line":211,"column":79}},"66":{"start":{"line":218,"column":20},"end":{"line":218,"column":83}},"67":{"start":{"line":263,"column":2},"end":{"line":354,"column":4}},"68":{"start":{"line":299,"column":25},"end":{"line":299,"column":55}},"69":{"start":{"line":319,"column":34},"end":{"line":319,"column":41}},"70":{"start":{"line":343,"column":23},"end":{"line":343,"column":55}},"71":{"start":{"line":357,"column":15},"end":{"line":600,"column":2}}},"fnMap":{"0":{"name":"HomeScreen","decl":{"start":{"line":31,"column":16},"end":{"line":31,"column":26}},"loc":{"start":{"line":31,"column":29},"end":{"line":355,"column":1}},"line":31},"1":{"name":"(anonymous_1)","decl":{"start":{"line":42,"column":35},"end":{"line":42,"column":36}},"loc":{"start":{"line":42,"column":47},"end":{"line":57,"column":3}},"line":42},"2":{"name":"(anonymous_2)","decl":{"start":{"line":59,"column":12},"end":{"line":59,"column":13}},"loc":{"start":{"line":59,"column":18},"end":{"line":61,"column":3}},"line":59},"3":{"name":"(anonymous_3)","decl":{"start":{"line":60,"column":29},"end":{"line":60,"column":30}},"loc":{"start":{"line":60,"column":35},"end":{"line":60,"column":49}},"line":60},"4":{"name":"(anonymous_4)","decl":{"start":{"line":63,"column":20},"end":{"line":63,"column":21}},"loc":{"start":{"line":63,"column":26},"end":{"line":66,"column":3}},"line":63},"5":{"name":"(anonymous_5)","decl":{"start":{"line":68,"column":28},"end":{"line":68,"column":29}},"loc":{"start":{"line":68,"column":50},"end":{"line":70,"column":3}},"line":68},"6":{"name":"(anonymous_6)","decl":{"start":{"line":69,"column":37},"end":{"line":69,"column":38}},"loc":{"start":{"line":69,"column":44},"end":{"line":69,"column":68}},"line":69},"7":{"name":"(anonymous_7)","decl":{"start":{"line":72,"column":27},"end":{"line":72,"column":28}},"loc":{"start":{"line":72,"column":101},"end":{"line":84,"column":3}},"line":72},"8":{"name":"(anonymous_8)","decl":{"start":{"line":86,"column":25},"end":{"line":86,"column":26}},"loc":{"start":{"line":86,"column":55},"end":{"line":90,"column":3}},"line":86},"9":{"name":"(anonymous_9)","decl":{"start":{"line":92,"column":36},"end":{"line":92,"column":37}},"loc":{"start":{"line":92,"column":42},"end":{"line":119,"column":3}},"line":92},"10":{"name":"(anonymous_10)","decl":{"start":{"line":103,"column":44},"end":{"line":103,"column":45}},"loc":{"start":{"line":103,"column":51},"end":{"line":103,"column":61}},"line":103},"11":{"name":"(anonymous_11)","decl":{"start":{"line":104,"column":45},"end":{"line":104,"column":46}},"loc":{"start":{"line":104,"column":52},"end":{"line":104,"column":63}},"line":104},"12":{"name":"(anonymous_12)","decl":{"start":{"line":121,"column":25},"end":{"line":121,"column":26}},"loc":{"start":{"line":121,"column":31},"end":{"line":123,"column":3}},"line":121},"13":{"name":"(anonymous_13)","decl":{"start":{"line":122,"column":16},"end":{"line":122,"column":17}},"loc":{"start":{"line":122,"column":27},"end":{"line":122,"column":59}},"line":122},"14":{"name":"(anonymous_14)","decl":{"start":{"line":125,"column":28},"end":{"line":125,"column":29}},"loc":{"start":{"line":125,"column":70},"end":{"line":172,"column":3}},"line":125},"15":{"name":"(anonymous_15)","decl":{"start":{"line":131,"column":17},"end":{"line":131,"column":18}},"loc":{"start":{"line":131,"column":23},"end":{"line":131,"column":86}},"line":131},"16":{"name":"(anonymous_16)","decl":{"start":{"line":159,"column":36},"end":{"line":159,"column":37}},"loc":{"start":{"line":160,"column":14},"end":{"line":166,"column":16}},"line":160},"17":{"name":"(anonymous_17)","decl":{"start":{"line":188,"column":24},"end":{"line":188,"column":25}},"loc":{"start":{"line":189,"column":4},"end":{"line":260,"column":11}},"line":189},"18":{"name":"(anonymous_18)","decl":{"start":{"line":197,"column":22},"end":{"line":197,"column":23}},"loc":{"start":{"line":197,"column":35},"end":{"line":250,"column":9}},"line":197},"19":{"name":"(anonymous_19)","decl":{"start":{"line":210,"column":30},"end":{"line":210,"column":31}},"loc":{"start":{"line":211,"column":16},"end":{"line":211,"column":79}},"line":211},"20":{"name":"(anonymous_20)","decl":{"start":{"line":217,"column":27},"end":{"line":217,"column":28}},"loc":{"start":{"line":218,"column":20},"end":{"line":218,"column":83}},"line":218},"21":{"name":"(anonymous_21)","decl":{"start":{"line":299,"column":19},"end":{"line":299,"column":20}},"loc":{"start":{"line":299,"column":25},"end":{"line":299,"column":55}},"line":299},"22":{"name":"(anonymous_22)","decl":{"start":{"line":319,"column":24},"end":{"line":319,"column":25}},"loc":{"start":{"line":319,"column":34},"end":{"line":319,"column":41}},"line":319},"23":{"name":"(anonymous_23)","decl":{"start":{"line":343,"column":17},"end":{"line":343,"column":18}},"loc":{"start":{"line":343,"column":23},"end":{"line":343,"column":55}},"line":343}},"branchMap":{"0":{"loc":{"start":{"line":73,"column":4},"end":{"line":83,"column":5}},"type":"switch","locations":[{"start":{"line":74,"column":6},"end":{"line":75,"column":25}},{"start":{"line":76,"column":6},"end":{"line":76,"column":22}},{"start":{"line":77,"column":6},"end":{"line":78,"column":35}},{"start":{"line":79,"column":6},"end":{"line":80,"column":23}},{"start":{"line":81,"column":6},"end":{"line":82,"column":25}}],"line":73},"1":{"loc":{"start":{"line":87,"column":4},"end":{"line":87,"column":49}},"type":"if","locations":[{"start":{"line":87,"column":4},"end":{"line":87,"column":49}},{"start":{},"end":{}}],"line":87},"2":{"loc":{"start":{"line":89,"column":11},"end":{"line":89,"column":67}},"type":"cond-expr","locations":[{"start":{"line":89,"column":32},"end":{"line":89,"column":48}},{"start":{"line":89,"column":51},"end":{"line":89,"column":67}}],"line":89},"3":{"loc":{"start":{"line":93,"column":4},"end":{"line":100,"column":5}},"type":"if","locations":[{"start":{"line":93,"column":4},"end":{"line":100,"column":5}},{"start":{},"end":{}}],"line":93},"4":{"loc":{"start":{"line":122,"column":27},"end":{"line":122,"column":59}},"type":"cond-expr","locations":[{"start":{"line":122,"column":45},"end":{"line":122,"column":50}},{"start":{"line":122,"column":53},"end":{"line":122,"column":59}}],"line":122},"5":{"loc":{"start":{"line":135,"column":103},"end":{"line":135,"column":177}},"type":"cond-expr","locations":[{"start":{"line":135,"column":122},"end":{"line":135,"column":172}},{"start":{"line":135,"column":175},"end":{"line":135,"column":177}}],"line":135},"6":{"loc":{"start":{"line":143,"column":15},"end":{"line":145,"column":15}},"type":"binary-expr","locations":[{"start":{"line":143,"column":15},"end":{"line":143,"column":31}},{"start":{"line":144,"column":16},"end":{"line":144,"column":114}}],"line":143},"7":{"loc":{"start":{"line":150,"column":16},"end":{"line":150,"column":82}},"type":"cond-expr","locations":[{"start":{"line":150,"column":37},"end":{"line":150,"column":57}},{"start":{"line":150,"column":60},"end":{"line":150,"column":82}}],"line":150},"8":{"loc":{"start":{"line":174,"column":2},"end":{"line":186,"column":3}},"type":"if","locations":[{"start":{"line":174,"column":2},"end":{"line":186,"column":3}},{"start":{},"end":{}}],"line":174},"9":{"loc":{"start":{"line":233,"column":24},"end":{"line":235,"column":53}},"type":"cond-expr","locations":[{"start":{"line":234,"column":28},"end":{"line":234,"column":51}},{"start":{"line":235,"column":28},"end":{"line":235,"column":53}}],"line":233},"10":{"loc":{"start":{"line":240,"column":21},"end":{"line":244,"column":21}},"type":"binary-expr","locations":[{"start":{"line":240,"column":21},"end":{"line":240,"column":45}},{"start":{"line":241,"column":22},"end":{"line":243,"column":29}}],"line":240},"11":{"loc":{"start":{"line":253,"column":7},"end":{"line":259,"column":7}},"type":"binary-expr","locations":[{"start":{"line":253,"column":7},"end":{"line":253,"column":26}},{"start":{"line":254,"column":8},"end":{"line":258,"column":15}}],"line":253},"12":{"loc":{"start":{"line":280,"column":14},"end":{"line":282,"column":36}},"type":"cond-expr","locations":[{"start":{"line":281,"column":18},"end":{"line":281,"column":35}},{"start":{"line":282,"column":18},"end":{"line":282,"column":36}}],"line":280},"13":{"loc":{"start":{"line":287,"column":15},"end":{"line":287,"column":68}},"type":"cond-expr","locations":[{"start":{"line":287,"column":37},"end":{"line":287,"column":51}},{"start":{"line":287,"column":54},"end":{"line":287,"column":68}}],"line":287},"14":{"loc":{"start":{"line":290,"column":15},"end":{"line":290,"column":75}},"type":"cond-expr","locations":[{"start":{"line":290,"column":37},"end":{"line":290,"column":54}},{"start":{"line":290,"column":57},"end":{"line":290,"column":75}}],"line":290},"15":{"loc":{"start":{"line":296,"column":7},"end":{"line":313,"column":7}},"type":"binary-expr","locations":[{"start":{"line":296,"column":7},"end":{"line":296,"column":20}},{"start":{"line":297,"column":8},"end":{"line":312,"column":27}}],"line":296},"16":{"loc":{"start":{"line":315,"column":7},"end":{"line":339,"column":7}},"type":"cond-expr","locations":[{"start":{"line":316,"column":8},"end":{"line":336,"column":10}},{"start":{"line":338,"column":8},"end":{"line":338,"column":23}}],"line":315}},"s":{"0":22,"1":21,"2":21,"3":21,"4":21,"5":21,"6":21,"7":21,"8":21,"9":10,"10":10,"11":9,"12":1,"13":10,"14":10,"15":21,"16":10,"17":10,"18":21,"19":0,"20":0,"21":21,"22":18,"23":27,"24":21,"25":21,"26":14,"27":7,"28":0,"29":0,"30":21,"31":2,"32":0,"33":2,"34":2,"35":21,"36":19,"37":12,"38":7,"39":14,"40":7,"41":14,"42":7,"43":7,"44":7,"45":7,"46":7,"47":7,"48":7,"49":21,"50":1,"51":1,"52":21,"53":14,"54":14,"55":14,"56":0,"57":21,"58":21,"59":10,"60":11,"61":1,"62":2,"63":2,"64":2,"65":0,"66":0,"67":11,"68":0,"69":21,"70":0,"71":1},"f":{"0":22,"1":10,"2":10,"3":10,"4":0,"5":18,"6":27,"7":21,"8":2,"9":19,"10":14,"11":14,"12":1,"13":1,"14":14,"15":0,"16":21,"17":1,"18":2,"19":0,"20":0,"21":0,"22":21,"23":0},"b":{"0":[14,7,7,0,0],"1":[0,2],"2":[2,0],"3":[12,7],"4":[1,0],"5":[7,7],"6":[14,7],"7":[14,0],"8":[10,11],"9":[2,0],"10":[2,1],"11":[1,1],"12":[10,1],"13":[10,1],"14":[10,1],"15":[11,1],"16":[10,1]},"_coverageSchema":"1a1c01bbd47fc00a2c39e90264f33305004495a9","hash":"607b8a8b9afbba431384376e60ef8cf619bf3b89"}
,"/Users/hungnguyen/Downloads/klc-ev-charging/src/driver-app/src/screens/LoginScreen.tsx": {"path":"/Users/hungnguyen/Downloads/klc-ev-charging/src/driver-app/src/screens/LoginScreen.tsx","statementMap":{"0":{"start":{"line":22,"column":16},"end":{"line":22,"column":32}},"1":{"start":{"line":23,"column":20},"end":{"line":23,"column":34}},"2":{"start":{"line":24,"column":28},"end":{"line":24,"column":40}},"3":{"start":{"line":25,"column":34},"end":{"line":25,"column":46}},"4":{"start":{"line":26,"column":32},"end":{"line":26,"column":47}},"5":{"start":{"line":28,"column":22},"end":{"line":64,"column":3}},"6":{"start":{"line":29,"column":4},"end":{"line":32,"column":5}},"7":{"start":{"line":30,"column":6},"end":{"line":30,"column":60}},"8":{"start":{"line":31,"column":6},"end":{"line":31,"column":13}},"9":{"start":{"line":34,"column":4},"end":{"line":34,"column":21}},"10":{"start":{"line":35,"column":4},"end":{"line":63,"column":5}},"11":{"start":{"line":36,"column":21},"end":{"line":36,"column":74}},"12":{"start":{"line":38,"column":6},"end":{"line":45,"column":7}},"13":{"start":{"line":39,"column":28},"end":{"line":39,"column":61}},"14":{"start":{"line":40,"column":8},"end":{"line":42,"column":9}},"15":{"start":{"line":41,"column":10},"end":{"line":41,"column":82}},"16":{"start":{"line":44,"column":8},"end":{"line":44,"column":91}},"17":{"start":{"line":47,"column":25},"end":{"line":47,"column":54}},"18":{"start":{"line":48,"column":6},"end":{"line":60,"column":7}},"19":{"start":{"line":49,"column":23},"end":{"line":49,"column":49}},"20":{"start":{"line":50,"column":8},"end":{"line":55,"column":9}},"21":{"start":{"line":51,"column":10},"end":{"line":51,"column":77}},"22":{"start":{"line":53,"column":26},"end":{"line":53,"column":90}},"23":{"start":{"line":54,"column":10},"end":{"line":54,"column":50}},"24":{"start":{"line":56,"column":13},"end":{"line":60,"column":7}},"25":{"start":{"line":57,"column":8},"end":{"line":57,"column":64}},"26":{"start":{"line":59,"column":8},"end":{"line":59,"column":68}},"27":{"start":{"line":62,"column":6},"end":{"line":62,"column":24}},"28":{"start":{"line":66,"column":2},"end":{"line":141,"column":4}},"29":{"start":{"line":144,"column":15},"end":{"line":256,"column":2}}},"fnMap":{"0":{"name":"LoginScreen","decl":{"start":{"line":21,"column":16},"end":{"line":21,"column":27}},"loc":{"start":{"line":21,"column":30},"end":{"line":142,"column":1}},"line":21},"1":{"name":"(anonymous_1)","decl":{"start":{"line":28,"column":22},"end":{"line":28,"column":23}},"loc":{"start":{"line":28,"column":34},"end":{"line":64,"column":3}},"line":28}},"branchMap":{"0":{"loc":{"start":{"line":29,"column":4},"end":{"line":32,"column":5}},"type":"if","locations":[{"start":{"line":29,"column":4},"end":{"line":32,"column":5}},{"start":{},"end":{}}],"line":29},"1":{"loc":{"start":{"line":29,"column":8},"end":{"line":29,"column":27}},"type":"binary-expr","locations":[{"start":{"line":29,"column":8},"end":{"line":29,"column":14}},{"start":{"line":29,"column":18},"end":{"line":29,"column":27}}],"line":29},"2":{"loc":{"start":{"line":38,"column":6},"end":{"line":45,"column":7}},"type":"if","locations":[{"start":{"line":38,"column":6},"end":{"line":45,"column":7}},{"start":{"line":43,"column":13},"end":{"line":45,"column":7}}],"line":38},"3":{"loc":{"start":{"line":38,"column":10},"end":{"line":38,"column":61}},"type":"binary-expr","locations":[{"start":{"line":38,"column":10},"end":{"line":38,"column":24}},{"start":{"line":38,"column":28},"end":{"line":38,"column":46}},{"start":{"line":38,"column":50},"end":{"line":38,"column":61}}],"line":38},"4":{"loc":{"start":{"line":40,"column":8},"end":{"line":42,"column":9}},"type":"if","locations":[{"start":{"line":40,"column":8},"end":{"line":42,"column":9}},{"start":{},"end":{}}],"line":40},"5":{"loc":{"start":{"line":41,"column":42},"end":{"line":41,"column":67}},"type":"binary-expr","locations":[{"start":{"line":41,"column":42},"end":{"line":41,"column":61}},{"start":{"line":41,"column":65},"end":{"line":41,"column":67}}],"line":41},"6":{"loc":{"start":{"line":44,"column":39},"end":{"line":44,"column":89}},"type":"binary-expr","locations":[{"start":{"line":44,"column":39},"end":{"line":44,"column":51}},{"start":{"line":44,"column":55},"end":{"line":44,"column":89}}],"line":44},"7":{"loc":{"start":{"line":48,"column":6},"end":{"line":60,"column":7}},"type":"if","locations":[{"start":{"line":48,"column":6},"end":{"line":60,"column":7}},{"start":{"line":56,"column":13},"end":{"line":60,"column":7}}],"line":48},"8":{"loc":{"start":{"line":50,"column":8},"end":{"line":55,"column":9}},"type":"if","locations":[{"start":{"line":50,"column":8},"end":{"line":55,"column":9}},{"start":{"line":52,"column":15},"end":{"line":55,"column":9}}],"line":50},"9":{"loc":{"start":{"line":53,"column":26},"end":{"line":53,"column":90}},"type":"binary-expr","locations":[{"start":{"line":53,"column":26},"end":{"line":53,"column":59}},{"start":{"line":53,"column":63},"end":{"line":53,"column":90}}],"line":53},"10":{"loc":{"start":{"line":56,"column":13},"end":{"line":60,"column":7}},"type":"if","locations":[{"start":{"line":56,"column":13},"end":{"line":60,"column":7}},{"start":{"line":58,"column":13},"end":{"line":60,"column":7}}],"line":56},"11":{"loc":{"start":{"line":69,"column":18},"end":{"line":69,"column":62}},"type":"cond-expr","locations":[{"start":{"line":69,"column":42},"end":{"line":69,"column":51}},{"start":{"line":69,"column":54},"end":{"line":69,"column":62}}],"line":69},"12":{"loc":{"start":{"line":118,"column":19},"end":{"line":118,"column":69}},"type":"cond-expr","locations":[{"start":{"line":118,"column":29},"end":{"line":118,"column":49}},{"start":{"line":118,"column":52},"end":{"line":118,"column":69}}],"line":118}},"s":{"0":45,"1":44,"2":44,"3":44,"4":44,"5":44,"6":8,"7":1,"8":1,"9":7,"10":7,"11":7,"12":3,"13":2,"14":2,"15":2,"16":1,"17":4,"18":4,"19":2,"20":2,"21":1,"22":1,"23":1,"24":2,"25":1,"26":1,"27":7,"28":44,"29":1},"f":{"0":45,"1":8},"b":{"0":[1,7],"1":[8,7],"2":[2,1],"3":[3,2,2],"4":[2,0],"5":[2,0],"6":[1,0],"7":[2,2],"8":[1,1],"9":[1,0],"10":[1,1],"11":[44,0],"12":[7,37]},"_coverageSchema":"1a1c01bbd47fc00a2c39e90264f33305004495a9","hash":"2934dd3dd8456cfbb038f276c8030c57a827cb25"}
[...]
,"/Users/hungnguyen/Downloads/klc-ev-charging/src/driver-app/src/services/notifications.ts": {"path":"/Users/hungnguyen/Downloads/klc-ev-charging/src/driver-app/src/services/notifications.ts","statementMap":{"0":{"start":{"line":7,"column":0},"end":{"line":13,"column":3}},"1":{"start":{"line":8,"column":35},"end":{"line":12,"column":3}},"2":{"start":{"line":15,"column":37},"end":{"line":15,"column":41}},"3":{"start":{"line":23,"column":2},"end":{"line":26,"column":3}},"4":{"start":{"line":24,"column":4},"end":{"line":24,"column":65}},"5":{"start":{"line":25,"column":4},"end":{"line":25,"column":16}},"6":{"start":{"line":29,"column":37},"end":{"line":29,"column":78}},"7":{"start":{"line":30,"column":20},"end":{"line":30,"column":34}},"8":{"start":{"line":32,"column":2},"end":{"line":35,"column":3}},"9":{"start":{"line":33,"column":23},"end":{"line":33,"column":68}},"10":{"start":{"line":34,"column":4},"end":{"line":34,"column":25}},"11":{"start":{"line":37,"column":2},"end":{"line":40,"column":3}},"12":{"start":{"line":38,"column":4},"end":{"line":38,"column":61}},"13":{"start":{"line":39,"column":4},"end":{"line":39,"column":16}},"14":{"start":{"line":42,"column":2},"end":{"line":71,"column":3}},"15":{"start":{"line":44,"column":26},"end":{"line":44,"column":71}},"16":{"start":{"line":45,"column":18},"end":{"line":45,"column":36}},"17":{"start":{"line":46,"column":4},"end":{"line":46,"column":28}},"18":{"start":{"line":49,"column":21},"end":{"line":49,"column":62}},"19":{"start":{"line":52,"column":4},"end":{"line":55,"column":7}},"20":{"start":{"line":58,"column":4},"end":{"line":65,"column":5}},"21":{"start":{"line":59,"column":6},"end":{"line":64,"column":9}},"22":{"start":{"line":67,"column":4},"end":{"line":67,"column":17}},"23":{"start":{"line":69,"column":4},"end":{"line":69,"column":71}},"24":{"start":{"line":70,"column":4},"end":{"line":70,"column":16}},"25":{"start":{"line":79,"column":2},"end":{"line":87,"column":3}},"26":{"start":{"line":80,"column":4},"end":{"line":83,"column":5}},"27":{"start":{"line":81,"column":6},"end":{"line":81,"column":74}},"28":{"start":{"line":82,"column":6},"end":{"line":82,"column":29}},"29":{"start":{"line":86,"column":4},"end":{"line":86,"column":69}},"30":{"start":{"line":97,"column":2},"end":{"line":97,"column":64}},"31":{"start":{"line":107,"column":2},"end":{"line":107,"column":72}},"32":{"start":{"line":114,"column":2},"end":{"line":114,"column":58}}},"fnMap":{"0":{"name":"(anonymous_0)","decl":{"start":{"line":8,"column":22},"end":{"line":8,"column":23}},"loc":{"start":{"line":8,"column":35},"end":{"line":12,"column":3}},"line":8},"1":{"name":"registerForPushNotifications","decl":{"start":{"line":21,"column":22},"end":{"line":21,"column":50}},"loc":{"start":{"line":21,"column":77},"end":{"line":72,"column":1}},"line":21},"2":{"name":"unregisterPushNotifications","decl":{"start":{"line":78,"column":22},"end":{"line":78,"column":49}},"loc":{"start":{"line":78,"column":67},"end":{"line":88,"column":1}},"line":78},"3":{"name":"addNotificationReceivedListener","decl":{"start":{"line":94,"column":16},"end":{"line":94,"column":47}},"loc":{"start":{"line":96,"column":30},"end":{"line":98,"column":1}},"line":96},"4":{"name":"addNotificationResponseReceivedListener","decl":{"start":{"line":104,"column":16},"end":{"line":104,"column":55}},"loc":{"start":{"line":106,"column":30},"end":{"line":108,"column":1}},"line":106},"5":{"name":"getLastNotificationResponse","decl":{"start":{"line":113,"column":22},"end":{"line":113,"column":49}},"loc":{"start":{"line":113,"column":104},"end":{"line":115,"column":1}},"line":113}},"branchMap":{"0":{"loc":{"start":{"line":23,"column":2},"end":{"line":26,"column":3}},"type":"if","locations":[{"start":{"line":23,"column":2},"end":{"line":26,"column":3}},{"start":{},"end":{}}],"line":23},"1":{"loc":{"start":{"line":32,"column":2},"end":{"line":35,"column":3}},"type":"if","locations":[{"start":{"line":32,"column":2},"end":{"line":35,"column":3}},{"start":{},"end":{}}],"line":32},"2":{"loc":{"start":{"line":37,"column":2},"end":{"line":40,"column":3}},"type":"if","locations":[{"start":{"line":37,"column":2},"end":{"line":40,"column":3}},{"start":{},"end":{}}],"line":37},"3":{"loc":{"start":{"line":49,"column":21},"end":{"line":49,"column":62}},"type":"cond-expr","locations":[{"start":{"line":49,"column":45},"end":{"line":49,"column":50}},{"start":{"line":49,"column":53},"end":{"line":49,"column":62}}],"line":49},"4":{"loc":{"start":{"line":58,"column":4},"end":{"line":65,"column":5}},"type":"if","locations":[{"start":{"line":58,"column":4},"end":{"line":65,"column":5}},{"start":{},"end":{}}],"line":58},"5":{"loc":{"start":{"line":80,"column":4},"end":{"line":83,"column":5}},"type":"if","locations":[{"start":{"line":80,"column":4},"end":{"line":83,"column":5}},{"start":{},"end":{}}],"line":80}},"s":{"0":5,"1":0,"2":5,"3":4,"4":0,"5":0,"6":4,"7":4,"8":4,"9":0,"10":0,"11":4,"12":0,"13":0,"14":4,"15":4,"16":4,"17":4,"18":4,"19":4,"20":0,"21":0,"22":0,"23":3,"24":3,"25":2,"26":2,"27":2,"28":0,"29":2,"30":0,"31":0,"32":0},"f":{"0":0,"1":4,"2":2,"3":0,"4":0,"5":0},"b":{"0":[0,4],"1":[0,4],"2":[0,4],"3":[4,0],"4":[0,0],"5":[2,0]},"_coverageSchema":"1a1c01bbd47fc00a2c39e90264f33305004495a9","hash":"997db3c12e97a37aa6f098cb1f856530351d0577"}
,"/Users/hungnguyen/Downloads/klc-ev-charging/src/driver-app/src/stores/authStore.ts": {"path":"/Users/hungnguyen/Downloads/klc-ev-charging/src/driver-app/src/stores/authStore.ts","statementMap":{"0":{"start":{"line":20,"column":28},"end":{"line":70,"column":3}},"1":{"start":{"line":20,"column":56},"end":{"line":70,"column":1}},"2":{"start":{"line":27,"column":21},"end":{"line":27,"column":34}},"3":{"start":{"line":29,"column":23},"end":{"line":29,"column":63}},"4":{"start":{"line":32,"column":4},"end":{"line":32,"column":55}},"5":{"start":{"line":33,"column":4},"end":{"line":33,"column":65}},"6":{"start":{"line":34,"column":4},"end":{"line":34,"column":80}},"7":{"start":{"line":37,"column":4},"end":{"line":39,"column":7}},"8":{"start":{"line":44,"column":4},"end":{"line":44,"column":40}},"9":{"start":{"line":46,"column":4},"end":{"line":46,"column":51}},"10":{"start":{"line":47,"column":4},"end":{"line":47,"column":54}},"11":{"start":{"line":48,"column":4},"end":{"line":48,"column":81}},"12":{"start":{"line":52,"column":4},"end":{"line":62,"column":5}},"13":{"start":{"line":53,"column":20},"end":{"line":53,"column":63}},"14":{"start":{"line":54,"column":27},"end":{"line":54,"column":73}},"15":{"start":{"line":55,"column":6},"end":{"line":59,"column":7}},"16":{"start":{"line":56,"column":8},"end":{"line":56,"column":78}},"17":{"start":{"line":58,"column":8},"end":{"line":58,"column":58}},"18":{"start":{"line":61,"column":6},"end":{"line":61,"column":56}},"19":{"start":{"line":66,"column":4},"end":{"line":66,"column":55}},"20":{"start":{"line":67,"column":4},"end":{"line":67,"column":65}},"21":{"start":{"line":68,"column":4},"end":{"line":68,"column":33}}},"fnMap":{"0":{"name":"(anonymous_0)","decl":{"start":{"line":20,"column":46},"end":{"line":20,"column":47}},"loc":{"start":{"line":20,"column":56},"end":{"line":70,"column":1}},"line":20},"1":{"name":"(anonymous_1)","decl":{"start":{"line":27,"column":11},"end":{"line":27,"column":12}},"loc":{"start":{"line":27,"column":21},"end":{"line":27,"column":34}},"line":27},"2":{"name":"(anonymous_2)","decl":{"start":{"line":29,"column":12},"end":{"line":29,"column":13}},"loc":{"start":{"line":29,"column":23},"end":{"line":29,"column":63}},"line":29},"3":{"name":"(anonymous_3)","decl":{"start":{"line":31,"column":9},"end":{"line":31,"column":10}},"loc":{"start":{"line":31,"column":46},"end":{"line":40,"column":3}},"line":31},"4":{"name":"(anonymous_4)","decl":{"start":{"line":37,"column":41},"end":{"line":37,"column":42}},"loc":{"start":{"line":37,"column":47},"end":{"line":39,"column":5}},"line":37},"5":{"name":"(anonymous_5)","decl":{"start":{"line":42,"column":10},"end":{"line":42,"column":11}},"loc":{"start":{"line":42,"column":22},"end":{"line":49,"column":3}},"line":42},"6":{"name":"(anonymous_6)","decl":{"start":{"line":51,"column":13},"end":{"line":51,"column":14}},"loc":{"start":{"line":51,"column":25},"end":{"line":63,"column":3}},"line":51},"7":{"name":"(anonymous_7)","decl":{"start":{"line":65,"column":16},"end":{"line":65,"column":17}},"loc":{"start":{"line":65,"column":47},"end":{"line":69,"column":3}},"line":65}},"branchMap":{"0":{"loc":{"start":{"line":55,"column":6},"end":{"line":59,"column":7}},"type":"if","locations":[{"start":{"line":55,"column":6},"end":{"line":59,"column":7}},{"start":{"line":57,"column":13},"end":{"line":59,"column":7}}],"line":55}},"s":{"0":5,"1":5,"2":3,"3":3,"4":4,"5":4,"6":4,"7":4,"8":2,"9":2,"10":2,"11":2,"12":3,"13":3,"14":2,"15":2,"16":1,"17":1,"18":1,"19":1,"20":1,"21":1},"f":{"0":5,"1":3,"2":3,"3":4,"4":0,"5":2,"6":3,"7":1},"b":{"0":[1,1]},"_coverageSchema":"1a1c01bbd47fc00a2c39e90264f33305004495a9","hash":"ec9ce4c474025dce817d6ca591972b7a04943869"}
,"/Users/hungnguyen/Downloads/klc-ev-charging/src/driver-app/src/stores/index.ts": {"path":"/Users/hungnguyen/Downloads/klc-ev-charging/src/driver-app/src/stores/index.ts","statementMap":{},"fnMap":{},"branchMap":{},"s":{},"f":{},"b":{},"_coverageSchema":"1a1c01bbd47fc00a2c39e90264f33305004495a9","hash":"5edd6337390e00911e08c349db7b53b21eb40db5"}
,"/Users/hungnguyen/Downloads/klc-ev-charging/src/driver-app/src/stores/locationStore.ts": {"path":"/Users/hungnguyen/Downloads/klc-ev-charging/src/driver-app/src/stores/locationStore.ts","statementMap":{"0":{"start":{"line":16,"column":32},"end":{"line":56,"column":3}},"1":{"start":{"line":16,"column":69},"end":{"line":56,"column":1}},"2":{"start":{"line":24,"column":4},"end":{"line":24,"column":42}},"3":{"start":{"line":25,"column":4},"end":{"line":38,"column":5}},"4":{"start":{"line":26,"column":25},"end":{"line":26,"column":75}},"5":{"start":{"line":27,"column":28},"end":{"line":27,"column":48}},"6":{"start":{"line":28,"column":6},"end":{"line":28,"column":47}},"7":{"start":{"line":30,"column":6},"end":{"line":32,"column":7}},"8":{"start":{"line":31,"column":8},"end":{"line":31,"column":37}},"9":{"start":{"line":34,"column":6},"end":{"line":34,"column":27}},"10":{"start":{"line":36,"column":6},"end":{"line":36,"column":76}},"11":{"start":{"line":37,"column":6},"end":{"line":37,"column":19}},"12":{"start":{"line":42,"column":4},"end":{"line":52,"column":5}},"13":{"start":{"line":43,"column":23},"end":{"line":45,"column":8}},"14":{"start":{"line":46,"column":6},"end":{"line":49,"column":9}},"15":{"start":{"line":51,"column":6},"end":{"line":51,"column":55}},"16":{"start":{"line":55,"column":40},"end":{"line":55,"column":68}}},"fnMap":{"0":{"name":"(anonymous_0)","decl":{"start":{"line":16,"column":54},"end":{"line":16,"column":55}},"loc":{"start":{"line":16,"column":69},"end":{"line":56,"column":1}},"line":16},"1":{"name":"(anonymous_1)","decl":{"start":{"line":23,"column":21},"end":{"line":23,"column":22}},"loc":{"start":{"line":23,"column":33},"end":{"line":39,"column":3}},"line":23},"2":{"name":"(anonymous_2)","decl":{"start":{"line":41,"column":18},"end":{"line":41,"column":19}},"loc":{"start":{"line":41,"column":30},"end":{"line":53,"column":3}},"line":41},"3":{"name":"(anonymous_3)","decl":{"start":{"line":55,"column":15},"end":{"line":55,"column":16}},"loc":{"start":{"line":55,"column":40},"end":{"line":55,"column":68}},"line":55}},"branchMap":{"0":{"loc":{"start":{"line":30,"column":6},"end":{"line":32,"column":7}},"type":"if","locations":[{"start":{"line":30,"column":6},"end":{"line":32,"column":7}},{"start":{},"end":{}}],"line":30}},"s":{"0":5,"1":5,"2":5,"3":5,"4":5,"5":4,"6":4,"7":4,"8":3,"9":4,"10":1,"11":1,"12":5,"13":5,"14":3,"15":2,"16":1},"f":{"0":5,"1":5,"2":5,"3":1},"b":{"0":[3,1]},"_coverageSchema":"1a1c01bbd47fc00a2c39e90264f33305004495a9","hash":"353d55b2e82b558da5693aa2a7272f6880394959"}
,"/Users/hungnguyen/Downloads/klc-ev-charging/src/driver-app/src/stores/sessionStore.ts": {"path":"/Users/hungnguyen/Downloads/klc-ev-charging/src/driver-app/src/stores/sessionStore.ts","statementMap":{"0":{"start":{"line":18,"column":31},"end":{"line":63,"column":3}},"1":{"start":{"line":18,"column":62},"end":{"line":63,"column":1}},"2":{"start":{"line":24,"column":33},"end":{"line":24,"column":64}},"3":{"start":{"line":27,"column":4},"end":{"line":35,"column":7}},"4":{"start":{"line":27,"column":20},"end":{"line":35,"column":5}},"5":{"start":{"line":38,"column":4},"end":{"line":42,"column":7}},"6":{"start":{"line":38,"column":20},"end":{"line":42,"column":5}},"7":{"start":{"line":44,"column":22},"end":{"line":44,"column":74}},"8":{"start":{"line":46,"column":33},"end":{"line":46,"column":66}},"9":{"start":{"line":49,"column":4},"end":{"line":49,"column":36}},"10":{"start":{"line":50,"column":4},"end":{"line":61,"column":5}},"11":{"start":{"line":51,"column":22},"end":{"line":51,"column":51}},"12":{"start":{"line":52,"column":6},"end":{"line":55,"column":7}},"13":{"start":{"line":53,"column":8},"end":{"line":53,"column":40}},"14":{"start":{"line":54,"column":8},"end":{"line":54,"column":20}},"15":{"start":{"line":56,"column":6},"end":{"line":56,"column":19}},"16":{"start":{"line":58,"column":6},"end":{"line":58,"column":19}},"17":{"start":{"line":60,"column":6},"end":{"line":60,"column":39}}},"fnMap":{"0":{"name":"(anonymous_0)","decl":{"start":{"line":18,"column":52},"end":{"line":18,"column":53}},"loc":{"start":{"line":18,"column":62},"end":{"line":63,"column":1}},"line":18},"1":{"name":"(anonymous_1)","decl":{"start":{"line":24,"column":20},"end":{"line":24,"column":21}},"loc":{"start":{"line":24,"column":33},"end":{"line":24,"column":64}},"line":24},"2":{"name":"(anonymous_2)","decl":{"start":{"line":26,"column":20},"end":{"line":26,"column":21}},"loc":{"start":{"line":27,"column":4},"end":{"line":35,"column":7}},"line":27},"3":{"name":"(anonymous_3)","decl":{"start":{"line":27,"column":8},"end":{"line":27,"column":9}},"loc":{"start":{"line":27,"column":20},"end":{"line":35,"column":5}},"line":27},"4":{"name":"(anonymous_4)","decl":{"start":{"line":37,"column":23},"end":{"line":37,"column":24}},"loc":{"start":{"line":38,"column":4},"end":{"line":42,"column":7}},"line":38},"5":{"name":"(anonymous_5)","decl":{"start":{"line":38,"column":8},"end":{"line":38,"column":9}},"loc":{"start":{"line":38,"column":20},"end":{"line":42,"column":5}},"line":38},"6":{"name":"(anonymous_6)","decl":{"start":{"line":44,"column":16},"end":{"line":44,"column":17}},"loc":{"start":{"line":44,"column":22},"end":{"line":44,"column":74}},"line":44},"7":{"name":"(anonymous_7)","decl":{"start":{"line":46,"column":17},"end":{"line":46,"column":18}},"loc":{"start":{"line":46,"column":33},"end":{"line":46,"column":66}},"line":46},"8":{"name":"(anonymous_8)","decl":{"start":{"line":48,"column":22},"end":{"line":48,"column":23}},"loc":{"start":{"line":48,"column":34},"end":{"line":62,"column":3}},"line":48}},"branchMap":{"0":{"loc":{"start":{"line":29,"column":21},"end":{"line":34,"column":14}},"type":"cond-expr","locations":[{"start":{"line":30,"column":10},"end":{"line":33,"column":11}},{"start":{"line":34,"column":10},"end":{"line":34,"column":14}}],"line":29},"1":{"loc":{"start":{"line":39,"column":21},"end":{"line":41,"column":14}},"type":"cond-expr","locations":[{"start":{"line":40,"column":10},"end":{"line":40,"column":44}},{"start":{"line":41,"column":10},"end":{"line":41,"column":14}}],"line":39},"2":{"loc":{"start":{"line":52,"column":6},"end":{"line":55,"column":7}},"type":"if","locations":[{"start":{"line":52,"column":6},"end":{"line":55,"column":7}},{"start":{},"end":{}}],"line":52}},"s":{"0":3,"1":3,"2":3,"3":3,"4":3,"5":3,"6":3,"7":1,"8":3,"9":5,"10":5,"11":5,"12":4,"13":1,"14":1,"15":3,"16":1,"17":5},"f":{"0":3,"1":3,"2":3,"3":3,"4":3,"5":3,"6":1,"7":3,"8":5},"b":{"0":[2,1],"1":[2,1],"2":[1,3]},"_coverageSchema":"1a1c01bbd47fc00a2c39e90264f33305004495a9","hash":"b8177df5c1f88c6746a2c096f04d539b8ca07370"}
,"/Users/hungnguyen/Downloads/klc-ev-charging/src/driver-app/src/utils/formatting.ts": {"path":"/Users/hungnguyen/Downloads/klc-ev-charging/src/driver-app/src/utils/formatting.ts","statementMap":{"0":{"start":{"line":6,"column":17},"end":{"line":6,"column":35}},"1":{"start":{"line":13,"column":2},"end":{"line":13,"column":76}},"2":{"start":{"line":18,"column":2},"end":{"line":23,"column":4}},"3":{"start":{"line":28,"column":2},"end":{"line":33,"column":5}},"4":{"start":{"line":38,"column":12},"end":{"line":38,"column":32}},"5":{"start":{"line":39,"column":15},"end":{"line":44,"column":4}},"6":{"start":{"line":45,"column":15},"end":{"line":49,"column":4}},"7":{"start":{"line":50,"column":2},"end":{"line":50,"column":27}},"8":{"start":{"line":55,"column":2},"end":{"line":59,"column":5}},"9":{"start":{"line":64,"column":16},"end":{"line":64,"column":40}},"10":{"start":{"line":65,"column":15},"end":{"line":65,"column":27}},"11":{"start":{"line":66,"column":2},"end":{"line":68,"column":3}},"12":{"start":{"line":67,"column":4},"end":{"line":67,"column":32}},"13":{"start":{"line":69,"column":2},"end":{"line":69,"column":20}}},"fnMap":{"0":{"name":"parseUtc","decl":{"start":{"line":12,"column":16},"end":{"line":12,"column":24}},"loc":{"start":{"line":12,"column":51},"end":{"line":14,"column":1}},"line":12},"1":{"name":"formatCurrency","decl":{"start":{"line":17,"column":16},"end":{"line":17,"column":30}},"loc":{"start":{"line":17,"column":55},"end":{"line":24,"column":1}},"line":17},"2":{"name":"formatDate","decl":{"start":{"line":27,"column":16},"end":{"line":27,"column":26}},"loc":{"start":{"line":27,"column":55},"end":{"line":34,"column":1}},"line":27},"3":{"name":"formatDateTime","decl":{"start":{"line":37,"column":16},"end":{"line":37,"column":30}},"loc":{"start":{"line":37,"column":59},"end":{"line":51,"column":1}},"line":37},"4":{"name":"formatTime","decl":{"start":{"line":54,"column":16},"end":{"line":54,"column":26}},"loc":{"start":{"line":54,"column":55},"end":{"line":60,"column":1}},"line":54},"5":{"name":"formatDuration","decl":{"start":{"line":63,"column":16},"end":{"line":63,"column":30}},"loc":{"start":{"line":63,"column":56},"end":{"line":70,"column":1}},"line":63}},"branchMap":{"0":{"loc":{"start":{"line":13,"column":18},"end":{"line":13,"column":74}},"type":"cond-expr","locations":[{"start":{"line":13,"column":45},"end":{"line":13,"column":55}},{"start":{"line":13,"column":58},"end":{"line":13,"column":74}}],"line":13},"1":{"loc":{"start":{"line":66,"column":2},"end":{"line":68,"column":3}},"type":"if","locations":[{"start":{"line":66,"column":2},"end":{"line":68,"column":3}},{"start":{},"end":{}}],"line":66}},"s":{"0":3,"1":94,"2":222,"3":20,"4":54,"5":54,"6":54,"7":54,"8":20,"9":40,"10":40,"11":40,"12":10,"13":30},"f":{"0":94,"1":222,"2":20,"3":54,"4":20,"5":40},"b":{"0":[94,0],"1":[10,30]},"_coverageSchema":"1a1c01bbd47fc00a2c39e90264f33305004495a9","hash":"d0b2f97934845b9cc61e96b00aa6023e97903e76"}
}
