TN:
SF:src/api/auth.ts
FN:31,mapAuthUserToProfile
FN:45,(anonymous_1)
FN:50,(anonymous_2)
FN:55,(anonymous_3)
FNF:4
FNH:1
FNDA:2,mapAuthUserToProfile
FNDA:0,(anonymous_1)
FNDA:0,(anonymous_2)
FNDA:0,(anonymous_3)
DA:32,2
DA:33,2
DA:44,1
DA:46,0
DA:47,0
DA:51,0
DA:52,0
DA:56,0
LF:8
LH:3
BRDA:32,0,0,0
BRDA:32,0,1,2
BRDA:35,1,0,2
BRDA:35,1,1,0
BRDA:56,2,0,0
BRDA:56,2,1,0
BRF:6
BRH:2
end_of_record
TN:
SF:src/api/client.ts
FN:21,(anonymous_0)
FN:22,(anonymous_1)
FN:34,(anonymous_2)
FN:41,(anonymous_3)
FN:46,(anonymous_4)
FN:47,(anonymous_5)
FN:59,(anonymous_6)
FN:61,(anonymous_7)
FN:119,(anonymous_8)
FN:123,(anonymous_9)
FN:128,(anonymous_10)
FNF:11
FNH:2
FNDA:0,(anonymous_0)
FNDA:0,(anonymous_1)
FNDA:6,(anonymous_2)
FNDA:0,(anonymous_3)
FNDA:0,(anonymous_4)
FNDA:5,(anonymous_5)
FNDA:0,(anonymous_6)
FNDA:0,(anonymous_7)
FNDA:0,(anonymous_8)
FNDA:0,(anonymous_9)
FNDA:0,(anonymous_10)
DA:6,6
DA:15,6
DA:19,6
DA:21,6
DA:22,0
DA:23,0
DA:24,0
DA:26,0
DA:29,0
DA:33,6
DA:35,6
DA:36,6
DA:37,0
DA:39,6
DA:41,0
DA:45,6
DA:46,0
DA:48,5
DA:51,5
DA:57,0
DA:59,0
DA:60,0
DA:62,0
DA:63,0
DA:67,0
DA:68,0
DA:70,0
DA:71,0
DA:72,0
DA:73,0
DA:76,0
DA:82,0
DA:83,0
DA:84,0
DA:87,0
DA:88,0
DA:90,0
DA:92,0
DA:93,0
DA:95,0
DA:97,0
DA:100,0
DA:101,0
DA:103,0
DA:104,0
DA:106,0
DA:108,0
DA:112,5
DA:119,6
DA:120,0
DA:123,6
DA:124,0
DA:125,0
DA:128,6
DA:129,0
LF:55
LH:15
BRDA:21,0,0,0
BRDA:23,1,0,0
BRDA:23,1,1,0
BRDA:36,2,0,0
BRDA:36,2,1,6
BRDA:51,3,0,0
BRDA:51,3,1,5
BRDA:52,4,0,5
BRDA:52,4,1,0
BRDA:52,4,2,0
BRDA:52,4,3,0
BRDA:57,5,0,0
BRDA:57,5,1,0
BRDA:72,6,0,0
BRDA:72,6,1,0
BRDA:82,7,0,0
BRDA:82,7,1,0
BRDA:82,8,0,0
BRDA:82,8,1,0
BRF:19
BRH:3
end_of_record
TN:
SF:src/api/sessions.ts
FN:11,(anonymous_0)
FN:16,(anonymous_1)
FN:21,(anonymous_2)
FN:26,(anonymous_3)
FN:35,(anonymous_4)
FN:42,(anonymous_5)
FNF:6
FNH:0
FNDA:0,(anonymous_0)
FNDA:0,(anonymous_1)
FNDA:0,(anonymous_2)
FNDA:0,(anonymous_3)
FNDA:0,(anonymous_4)
FNDA:0,(anonymous_5)
DA:10,2
DA:12,0
DA:13,0
DA:17,0
DA:18,0
DA:22,0
DA:23,0
DA:27,0
DA:28,0
DA:29,0
DA:31,0
DA:36,0
DA:39,0
DA:43,0
DA:44,0
LF:15
LH:1
BRDA:35,0,0,0
BRF:1
BRH:0
end_of_record
TN:
SF:src/components/common/Badge.tsx
FN:12,Badge
FNF:1
FNH:1
FNDA:97,Badge
DA:13,97
DA:22,14
LF:2
LH:2
BRDA:12,0,0,0
BRDA:12,1,0,34
BRF:2
BRH:1
end_of_record
TN:
SF:src/components/common/Button.tsx
FN:24,Button
FNF:1
FNH:1
FNDA:180,Button
DA:35,180
DA:37,180
DA:72,15
LF:3
LH:3
BRDA:27,0,0,134
BRDA:28,1,0,103
BRDA:29,2,0,123
BRDA:30,3,0,71
BRDA:35,4,0,180
BRDA:35,4,1,163
BRDA:43,5,0,180
BRDA:43,5,1,24
BRDA:51,6,0,10
BRDA:51,6,1,170
BRDA:53,7,0,0
BRDA:53,7,1,10
BRF:12
BRH:11
end_of_record
TN:
SF:src/components/common/Card.tsx
FN:11,Card
FNF:1
FNH:1
FNDA:414,Card
DA:12,414
DA:19,14
LF:2
LH:2
BRDA:11,0,0,375
BRF:1
BRH:1
end_of_record
TN:
SF:src/components/common/ErrorBoundary.tsx
FN:18,(anonymous_0)
FN:26,(anonymous_1)
FN:33,(anonymous_2)
FN:38,(anonymous_3)
FN:45,(anonymous_4)
FNF:5
FNH:5
FNDA:12,(anonymous_0)
FNDA:12,(anonymous_1)
FNDA:6,(anonymous_2)
FNDA:1,(anonymous_3)
FNDA:26,(anonymous_4)
DA:19,12
DA:20,12
DA:27,12
DA:34,6
DA:35,6
DA:38,12
DA:39,1
DA:46,26
DA:47,12
DA:48,2
DA:51,10
DA:59,14
LF:12
LH:12
BRDA:46,0,0,12
BRDA:46,0,1,14
BRDA:47,1,0,2
BRDA:47,1,1,10
BRDA:53,2,0,10
BRDA:53,2,1,0
BRF:6
BRH:5
end_of_record
TN:
SF:src/components/common/ErrorFallback.tsx
FN:13,ErrorFallback
FNF:1
FNH:1
FNDA:10,ErrorFallback
DA:14,10
DA:15,10
DA:17,10
DA:54,15
LF:4
LH:4
BRDA:24,0,0,10
BRDA:24,0,1,0
BRDA:24,1,0,10
BRDA:24,1,1,10
BRF:4
BRH:3
end_of_record
TN:
SF:src/components/common/index.ts
FNF:0
FNH:0
LF:0
LH:0
BRF:0
BRH:0
end_of_record
TN:
SF:src/constants/colors.ts
FNF:0
FNH:0
DA:1,16
DA:19,16
LF:2
LH:2
BRF:0
BRH:0
end_of_record
TN:
SF:src/constants/config.ts
FNF:0
FNH:0
DA:1,7
LF:1
LH:1
BRDA:3,0,0,7
BRDA:3,0,1,0
BRDA:8,1,0,7
BRDA:8,1,1,0
BRDA:13,2,0,7
BRDA:13,2,1,7
BRF:6
BRH:4
end_of_record
TN:
SF:src/screens/FavoritesScreen.tsx
FN:28,FavoritesScreen
FN:37,(anonymous_1)
FN:38,(anonymous_2)
FN:40,(anonymous_3)
FN:41,(anonymous_4)
FN:56,(anonymous_5)
FN:69,(anonymous_6)
FN:75,(anonymous_7)
FN:78,(anonymous_8)
FN:79,(anonymous_9)
FN:84,(anonymous_10)
FN:85,(anonymous_11)
FN:91,(anonymous_12)
FN:96,(anonymous_13)
FN:105,(anonymous_14)
FN:108,(anonymous_15)
FN:108,(anonymous_16)
FN:119,(anonymous_17)
FN:120,(anonymous_18)
FN:123,(anonymous_19)
FN:137,(anonymous_20)
FN:143,(anonymous_21)
FN:144,(anonymous_22)
FN:183,(anonymous_23)
FN:196,(anonymous_24)
FN:229,(anonymous_25)
FNF:26
FNH:20
FNDA:20,FavoritesScreen
FNDA:9,(anonymous_1)
FNDA:0,(anonymous_2)
FNDA:0,(anonymous_3)
FNDA:0,(anonymous_4)
FNDA:9,(anonymous_5)
FNDA:9,(anonymous_6)
FNDA:19,(anonymous_7)
FNDA:8,(anonymous_8)
FNDA:15,(anonymous_9)
FNDA:8,(anonymous_10)
FNDA:15,(anonymous_11)
FNDA:0,(anonymous_12)
FNDA:2,(anonymous_13)
FNDA:1,(anonymous_14)
FNDA:1,(anonymous_15)
FNDA:2,(anonymous_16)
FNDA:15,(anonymous_17)
FNDA:15,(anonymous_18)
FNDA:15,(anonymous_19)
FNDA:15,(anonymous_20)
FNDA:0,(anonymous_21)
FNDA:0,(anonymous_22)
FNDA:15,(anonymous_23)
FNDA:2,(anonymous_24)
FNDA:23,(anonymous_25)
DA:29,20
DA:30,19
DA:32,19
DA:33,19
DA:34,19
DA:37,19
DA:39,0
DA:40,0
DA:41,0
DA:42,0
DA:54,19
DA:56,19
DA:57,9
DA:58,9
DA:59,9
DA:61,0
DA:63,9
DA:64,9
DA:68,19
DA:70,9
DA:75,19
DA:76,19
DA:78,8
DA:79,8
DA:80,15
DA:84,8
DA:85,8
DA:86,15
DA:91,19
DA:92,0
DA:93,0
DA:96,19
DA:97,2
DA:106,1
DA:107,1
DA:108,2
DA:110,0
DA:111,0
DA:119,19
DA:120,15
DA:123,19
DA:124,15
DA:126,7
DA:129,0
DA:131,0
DA:133,8
DA:137,19
DA:138,15
DA:139,15
DA:141,15
DA:143,0
DA:144,0
DA:184,15
DA:196,2
DA:208,19
DA:209,9
DA:217,10
DA:229,23
DA:252,1
LF:59
LH:46
BRDA:42,0,0,0
BRDA:42,0,1,0
BRDA:76,1,0,11
BRDA:76,1,1,8
BRDA:124,2,0,7
BRDA:124,2,1,0
BRDA:124,2,2,0
BRDA:124,2,3,0
BRDA:124,2,4,8
BRDA:147,3,0,7
BRDA:147,3,1,8
BRDA:157,4,0,7
BRDA:157,4,1,8
BRDA:158,5,0,7
BRDA:158,5,1,8
BRDA:165,6,0,15
BRDA:165,6,1,7
BRDA:173,7,0,7
BRDA:173,7,1,8
BRDA:208,8,0,9
BRDA:208,8,1,10
BRDA:208,9,0,19
BRDA:208,9,1,9
BRDA:222,10,0,1
BRDA:222,10,1,9
BRF:25
BRH:20
end_of_record
TN:
SF:src/screens/HelpSupportScreen.tsx
FN:30,HelpSupportScreen
FN:46,(anonymous_1)
FN:61,(anonymous_2)
FN:66,(anonymous_3)
FN:71,(anonymous_4)
FN:75,(anonymous_5)
FN:100,(anonymous_6)
FN:101,(anonymous_7)
FN:122,(anonymous_8)
FN:156,(anonymous_9)
FN:169,(anonymous_10)
FN:173,(anonymous_11)
FN:204,(anonymous_12)
FN:215,(anonymous_13)
FN:222,(anonymous_14)
FN:287,(anonymous_15)
FN:300,(anonymous_16)
FNF:17
FNH:9
FNDA:28,HelpSupportScreen
FNDA:10,(anonymous_1)
FNDA:10,(anonymous_2)
FNDA:0,(anonymous_3)
FNDA:1,(anonymous_4)
FNDA:2,(anonymous_5)
FNDA:34,(anonymous_6)
FNDA:34,(anonymous_7)
FNDA:0,(anonymous_8)
FNDA:0,(anonymous_9)
FNDA:32,(anonymous_10)
FNDA:1,(anonymous_11)
FNDA:0,(anonymous_12)
FNDA:0,(anonymous_13)
FNDA:0,(anonymous_14)
FNDA:0,(anonymous_15)
FNDA:0,(anonymous_16)
DA:22,1
DA:31,28
DA:32,27
DA:34,27
DA:35,27
DA:36,27
DA:37,27
DA:38,27
DA:40,27
DA:41,27
DA:42,27
DA:43,27
DA:44,27
DA:46,27
DA:47,10
DA:48,10
DA:49,10
DA:50,10
DA:52,0
DA:53,0
DA:55,10
DA:56,10
DA:60,27
DA:62,10
DA:66,27
DA:67,0
DA:68,0
DA:71,27
DA:72,1
DA:75,27
DA:76,2
DA:77,0
DA:78,0
DA:81,2
DA:82,2
DA:83,2
DA:88,1
DA:89,1
DA:90,1
DA:91,1
DA:93,1
DA:94,1
DA:96,2
DA:100,27
DA:101,34
DA:102,34
DA:105,27
DA:106,10
DA:118,17
DA:122,0
DA:157,0
DA:158,0
DA:170,32
DA:173,1
DA:204,0
DA:216,0
DA:223,0
DA:224,0
DA:287,0
DA:300,0
DA:324,1
LF:61
LH:46
BRDA:72,0,0,0
BRDA:72,0,1,1
BRDA:76,1,0,0
BRDA:76,1,1,2
BRDA:76,2,0,2
BRDA:76,2,1,2
BRDA:102,3,0,34
BRDA:102,3,1,0
BRDA:105,4,0,10
BRDA:105,4,1,17
BRDA:149,5,0,0
BRDA:149,5,1,17
BRDA:163,6,0,1
BRDA:163,6,1,16
BRDA:181,7,0,1
BRDA:181,7,1,31
BRDA:184,8,0,32
BRDA:184,8,1,1
BRDA:189,9,0,32
BRDA:189,9,1,16
BRDA:210,10,0,0
BRDA:210,10,1,17
BRDA:213,11,0,17
BRDA:213,11,1,0
BRDA:220,12,0,0
BRDA:220,12,1,0
BRDA:233,13,0,0
BRDA:233,13,1,0
BRDA:275,14,0,17
BRDA:275,14,1,5
BRF:30
BRH:20
end_of_record
TN:
SF:src/screens/HistoryScreen.tsx
FN:20,HistoryScreen
FN:28,(anonymous_1)
FN:36,(anonymous_2)
FN:49,(anonymous_3)
FN:54,(anonymous_4)
FN:59,(anonymous_5)
FN:65,(anonymous_6)
FN:79,(anonymous_7)
FN:134,(anonymous_8)
FNF:9
FNH:6
FNDA:17,HistoryScreen
FNDA:8,(anonymous_1)
FNDA:0,(anonymous_2)
FNDA:8,(anonymous_3)
FNDA:0,(anonymous_4)
FNDA:0,(anonymous_5)
FNDA:10,(anonymous_6)
FNDA:10,(anonymous_7)
FNDA:15,(anonymous_8)
DA:21,17
DA:22,16
DA:23,16
DA:24,16
DA:25,16
DA:26,16
DA:28,16
DA:29,8
DA:31,8
DA:32,8
DA:33,7
DA:34,7
DA:36,0
DA:38,7
DA:39,7
DA:41,1
DA:43,8
DA:44,8
DA:48,16
DA:50,8
DA:54,16
DA:55,0
DA:56,0
DA:59,16
DA:60,0
DA:61,0
DA:65,16
DA:66,10
DA:68,5
DA:70,0
DA:73,5
DA:75,0
DA:79,16
DA:80,10
DA:116,16
DA:117,8
DA:124,8
DA:134,15
DA:163,1
LF:39
LH:32
BRDA:28,0,0,0
BRDA:29,1,0,0
BRDA:29,1,1,8
BRDA:29,2,0,8
BRDA:29,2,1,0
BRDA:32,3,0,8
BRDA:32,3,1,0
BRDA:33,4,0,7
BRDA:33,4,1,0
BRDA:60,5,0,0
BRDA:60,5,1,0
BRDA:60,6,0,0
BRDA:60,6,1,0
BRDA:66,7,0,5
BRDA:66,7,1,0
BRDA:66,7,2,5
BRDA:66,7,3,5
BRDA:66,7,4,0
BRDA:102,8,0,10
BRDA:102,8,1,5
BRDA:116,9,0,8
BRDA:116,9,1,8
BRDA:116,10,0,16
BRDA:116,10,1,8
BRDA:146,11,0,1
BRDA:146,11,1,7
BRDA:146,12,0,8
BRDA:146,12,1,1
BRF:28
BRH:17
end_of_record
TN:
SF:src/screens/HomeScreen.tsx
FN:31,HomeScreen
FN:42,(anonymous_1)
FN:59,(anonymous_2)
FN:60,(anonymous_3)
FN:63,(anonymous_4)
FN:68,(anonymous_5)
FN:69,(anonymous_6)
FN:72,(anonymous_7)
FN:86,(anonymous_8)
FN:92,(anonymous_9)
FN:103,(anonymous_10)
FN:104,(anonymous_11)
FN:121,(anonymous_12)
FN:122,(anonymous_13)
FN:125,(anonymous_14)
FN:131,(anonymous_15)
FN:159,(anonymous_16)
FN:188,(anonymous_17)
FN:197,(anonymous_18)
FN:210,(anonymous_19)
FN:217,(anonymous_20)
FN:299,(anonymous_21)
FN:319,(anonymous_22)
FN:343,(anonymous_23)
FNF:24
FNH:18
FNDA:22,HomeScreen
FNDA:10,(anonymous_1)
FNDA:10,(anonymous_2)
FNDA:10,(anonymous_3)
FNDA:0,(anonymous_4)
FNDA:18,(anonymous_5)
FNDA:27,(anonymous_6)
FNDA:21,(anonymous_7)
FNDA:2,(anonymous_8)
FNDA:19,(anonymous_9)
FNDA:14,(anonymous_10)
FNDA:14,(anonymous_11)
FNDA:1,(anonymous_12)
FNDA:1,(anonymous_13)
FNDA:14,(anonymous_14)
FNDA:0,(anonymous_15)
FNDA:21,(anonymous_16)
FNDA:1,(anonymous_17)
FNDA:2,(anonymous_18)
FNDA:0,(anonymous_19)
FNDA:0,(anonymous_20)
FNDA:0,(anonymous_21)
FNDA:21,(anonymous_22)
FNDA:0,(anonymous_23)
DA:32,22
DA:33,21
DA:34,21
DA:35,21
DA:37,21
DA:38,21
DA:39,21
DA:40,21
DA:42,21
DA:43,10
DA:44,10
DA:50,9
DA:52,1
DA:54,10
DA:55,10
DA:59,21
DA:60,10
DA:63,21
DA:64,0
DA:65,0
DA:68,21
DA:69,27
DA:72,21
DA:73,21
DA:75,14
DA:78,7
DA:80,0
DA:82,0
DA:86,21
DA:87,2
DA:88,2
DA:89,2
DA:92,21
DA:93,19
DA:94,12
DA:103,14
DA:104,14
DA:105,7
DA:106,7
DA:107,7
DA:108,7
DA:110,7
DA:111,7
DA:113,7
DA:121,21
DA:122,1
DA:125,21
DA:126,14
DA:127,14
DA:129,14
DA:131,0
DA:160,21
DA:174,21
DA:175,10
DA:188,11
DA:189,1
DA:198,2
DA:199,2
DA:200,2
DA:211,0
DA:218,0
DA:263,11
DA:299,0
DA:319,21
DA:343,0
DA:357,1
LF:66
LH:57
BRDA:73,0,0,14
BRDA:73,0,1,7
BRDA:73,0,2,7
BRDA:73,0,3,0
BRDA:73,0,4,0
BRDA:87,1,0,0
BRDA:87,1,1,2
BRDA:89,2,0,2
BRDA:89,2,1,0
BRDA:93,3,0,12
BRDA:93,3,1,7
BRDA:122,4,0,1
BRDA:122,4,1,0
BRDA:135,5,0,7
BRDA:135,5,1,7
BRDA:143,6,0,14
BRDA:143,6,1,7
BRDA:150,7,0,14
BRDA:150,7,1,0
BRDA:174,8,0,10
BRDA:174,8,1,11
BRDA:233,9,0,2
BRDA:233,9,1,0
BRDA:240,10,0,2
BRDA:240,10,1,1
BRDA:253,11,0,1
BRDA:253,11,1,1
BRDA:280,12,0,10
BRDA:280,12,1,1
BRDA:287,13,0,10
BRDA:287,13,1,1
BRDA:290,14,0,10
BRDA:290,14,1,1
BRDA:296,15,0,11
BRDA:296,15,1,1
BRDA:315,16,0,10
BRDA:315,16,1,1
BRF:37
BRH:30
end_of_record
TN:
SF:src/screens/LoginScreen.tsx
FN:21,LoginScreen
FN:28,(anonymous_1)
FNF:2
FNH:2
FNDA:45,LoginScreen
FNDA:8,(anonymous_1)
DA:22,45
DA:23,44
DA:24,44
DA:25,44
DA:26,44
DA:28,44
DA:29,8
DA:30,1
DA:31,1
DA:34,7
DA:35,7
DA:36,7
DA:38,3
DA:39,2
DA:40,2
DA:41,2
DA:44,1
DA:47,4
DA:48,4
DA:49,2
DA:50,2
DA:51,1
DA:53,1
DA:54,1
DA:56,2
DA:57,1
DA:59,1
DA:62,7
DA:66,44
DA:144,1
LF:30
LH:30
BRDA:29,0,0,1
BRDA:29,0,1,7
BRDA:29,1,0,8
BRDA:29,1,1,7
BRDA:38,2,0,2
BRDA:38,2,1,1
BRDA:38,3,0,3
BRDA:38,3,1,2
BRDA:38,3,2,2
BRDA:40,4,0,2
BRDA:40,4,1,0
BRDA:41,5,0,2
BRDA:41,5,1,0
BRDA:44,6,0,1
BRDA:44,6,1,0
BRDA:48,7,0,2
BRDA:48,7,1,2
BRDA:50,8,0,1
BRDA:50,8,1,1
BRDA:53,9,0,1
BRDA:53,9,1,0
BRDA:56,10,0,1
BRDA:56,10,1,1
BRDA:69,11,0,44
BRDA:69,11,1,0
BRDA:118,12,0,7
BRDA:118,12,1,37
BRF:27
BRH:22
end_of_record
TN:
SF:src/screens/NotificationsScreen.tsx
FN:58,formatTimeAgo
FN:66,NotificationsScreen
FN:75,(anonymous_2)
FN:78,(anonymous_3)
FN:79,(anonymous_4)
FN:88,(anonymous_5)
FN:94,(anonymous_6)
FN:98,(anonymous_7)
FN:106,(anonymous_8)
FN:119,(anonymous_9)
FN:124,(anonymous_10)
FN:129,(anonymous_11)
FN:135,(anonymous_12)
FN:138,(anonymous_13)
FN:139,(anonymous_14)
FN:146,(anonymous_15)
FN:152,(anonymous_16)
FN:152,(anonymous_17)
FN:160,(anonymous_18)
FN:166,(anonymous_19)
FN:175,(anonymous_20)
FN:252,(anonymous_21)
FNF:22
FNH:17
FNDA:60,formatTimeAgo
FNDA:23,NotificationsScreen
FNDA:30,(anonymous_2)
FNDA:10,(anonymous_3)
FNDA:0,(anonymous_4)
FNDA:0,(anonymous_5)
FNDA:22,(anonymous_6)
FNDA:10,(anonymous_7)
FNDA:0,(anonymous_8)
FNDA:10,(anonymous_9)
FNDA:0,(anonymous_10)
FNDA:0,(anonymous_11)
FNDA:1,(anonymous_12)
FNDA:1,(anonymous_13)
FNDA:3,(anonymous_14)
FNDA:1,(anonymous_15)
FNDA:1,(anonymous_16)
FNDA:3,(anonymous_17)
FNDA:1,(anonymous_18)
FNDA:30,(anonymous_19)
FNDA:1,(anonymous_20)
FNDA:38,(anonymous_21)
DA:28,1
DA:56,1
DA:59,60
DA:60,60
DA:62,0
DA:67,23
DA:68,22
DA:69,22
DA:70,22
DA:71,22
DA:72,22
DA:73,22
DA:75,30
DA:78,22
DA:80,0
DA:88,0
DA:92,22
DA:94,22
DA:95,22
DA:98,22
DA:99,10
DA:101,10
DA:102,10
DA:103,10
DA:104,10
DA:106,0
DA:108,10
DA:109,10
DA:111,0
DA:113,10
DA:114,10
DA:118,22
DA:120,10
DA:124,22
DA:125,0
DA:126,0
DA:129,22
DA:130,0
DA:131,0
DA:135,22
DA:136,1
DA:137,1
DA:138,1
DA:139,3
DA:142,0
DA:146,22
DA:147,1
DA:149,1
DA:150,1
DA:151,1
DA:152,3
DA:154,0
DA:156,1
DA:160,22
DA:161,1
DA:162,1
DA:166,22
DA:167,30
DA:169,30
DA:175,1
DA:207,22
DA:208,10
DA:220,12
DA:252,38
DA:284,1
LF:65
LH:54
BRDA:84,0,0,0
BRDA:84,0,1,0
BRDA:98,1,0,0
BRDA:99,2,0,0
BRDA:99,2,1,10
BRDA:99,3,0,10
BRDA:99,3,1,0
BRDA:102,4,0,10
BRDA:102,4,1,0
BRDA:103,5,0,10
BRDA:103,5,1,0
BRDA:130,6,0,0
BRDA:130,6,1,0
BRDA:130,7,0,0
BRDA:130,7,1,0
BRDA:139,8,0,1
BRDA:139,8,1,2
BRDA:147,9,0,0
BRDA:147,9,1,1
BRDA:147,10,0,1
BRDA:147,10,1,1
BRDA:161,11,0,1
BRDA:161,11,1,0
BRDA:167,12,0,30
BRDA:167,12,1,0
BRDA:173,13,0,30
BRDA:173,13,1,15
BRDA:179,14,0,15
BRDA:179,14,1,15
BRDA:181,15,0,15
BRDA:181,15,1,15
BRDA:194,16,0,30
BRDA:194,16,1,15
BRDA:207,17,0,10
BRDA:207,17,1,12
BRDA:207,18,0,22
BRDA:207,18,1,10
BRDA:225,19,0,12
BRDA:225,19,1,8
BRDA:236,20,0,0
BRDA:236,20,1,8
BRDA:245,21,0,8
BRDA:245,21,1,4
BRDA:264,22,0,0
BRDA:264,22,1,12
BRDA:264,23,0,12
BRDA:264,23,1,0
BRF:47
BRH:30
end_of_record
TN:
SF:src/screens/PaymentMethodsScreen.tsx
FN:35,getMethodIcon
FN:39,getMethodNameKey
FN:50,PaymentMethodsScreen
FN:60,(anonymous_3)
FN:75,(anonymous_4)
FN:80,(anonymous_5)
FN:85,(anonymous_6)
FN:90,(anonymous_7)
FN:91,(anonymous_8)
FN:102,(anonymous_9)
FN:111,(anonymous_10)
FN:114,(anonymous_11)
FN:114,(anonymous_12)
FN:125,(anonymous_13)
FN:129,(anonymous_14)
FN:151,(anonymous_15)
FN:183,(anonymous_16)
FN:201,(anonymous_17)
FN:207,(anonymous_18)
FN:236,(anonymous_19)
FN:247,(anonymous_20)
FN:266,(anonymous_21)
FN:276,(anonymous_22)
FN:281,(anonymous_23)
FN:299,(anonymous_24)
FN:303,(anonymous_25)
FNF:26
FNH:21
FNDA:16,getMethodIcon
FNDA:16,getMethodNameKey
FNDA:28,PaymentMethodsScreen
FNDA:11,(anonymous_3)
FNDA:11,(anonymous_4)
FNDA:0,(anonymous_5)
FNDA:1,(anonymous_6)
FNDA:1,(anonymous_7)
FNDA:2,(anonymous_8)
FNDA:1,(anonymous_9)
FNDA:1,(anonymous_10)
FNDA:1,(anonymous_11)
FNDA:2,(anonymous_12)
FNDA:1,(anonymous_13)
FNDA:1,(anonymous_14)
FNDA:1,(anonymous_15)
FNDA:0,(anonymous_16)
FNDA:2,(anonymous_17)
FNDA:16,(anonymous_18)
FNDA:1,(anonymous_19)
FNDA:1,(anonymous_20)
FNDA:0,(anonymous_21)
FNDA:0,(anonymous_22)
FNDA:0,(anonymous_23)
FNDA:80,(anonymous_24)
FNDA:1,(anonymous_25)
DA:27,1
DA:36,16
DA:40,16
DA:47,16
DA:51,28
DA:52,28
DA:53,28
DA:54,28
DA:55,28
DA:56,28
DA:57,28
DA:58,28
DA:60,28
DA:61,11
DA:62,11
DA:63,11
DA:64,10
DA:66,1
DA:67,1
DA:69,11
DA:70,11
DA:74,28
DA:76,11
DA:80,28
DA:81,0
DA:82,0
DA:85,28
DA:86,1
DA:88,1
DA:89,1
DA:90,1
DA:91,2
DA:97,0
DA:98,0
DA:102,28
DA:103,1
DA:112,1
DA:113,1
DA:114,2
DA:116,0
DA:117,0
DA:125,28
DA:126,1
DA:127,1
DA:128,1
DA:129,1
DA:130,1
DA:132,0
DA:133,0
DA:135,1
DA:139,28
DA:140,11
DA:147,17
DA:151,1
DA:184,0
DA:185,0
DA:201,2
DA:208,16
DA:236,1
DA:247,1
DA:266,0
DA:276,0
DA:281,0
DA:300,80
DA:303,1
DA:323,1
LF:66
LH:53
BRDA:36,0,0,7
BRDA:36,0,1,9
BRDA:86,1,0,0
BRDA:86,1,1,1
BRDA:139,2,0,11
BRDA:139,2,1,17
BRDA:175,3,0,1
BRDA:175,3,1,16
BRDA:190,4,0,7
BRDA:190,4,1,9
BRDA:217,5,0,7
BRDA:217,5,1,9
BRDA:222,6,0,16
BRDA:222,6,1,8
BRDA:233,7,0,16
BRDA:233,7,1,8
BRDA:262,8,0,17
BRDA:262,8,1,9
BRDA:293,9,0,1
BRDA:293,9,1,16
BRF:20
BRH:19
end_of_record
TN:
SF:src/screens/ProfileScreen.tsx
FN:23,ProfileScreen
FN:33,(anonymous_1)
FN:52,(anonymous_2)
FN:57,(anonymous_3)
FN:62,(anonymous_4)
FN:71,(anonymous_5)
FN:77,(anonymous_6)
FN:145,(anonymous_7)
FN:161,(anonymous_8)
FN:166,(anonymous_9)
FN:194,(anonymous_10)
FN:195,(anonymous_11)
FN:196,(anonymous_12)
FN:197,(anonymous_13)
FN:198,(anonymous_14)
FN:217,MenuItem
FNF:16
FNH:9
FNDA:23,ProfileScreen
FNDA:11,(anonymous_1)
FNDA:11,(anonymous_2)
FNDA:0,(anonymous_3)
FNDA:2,(anonymous_4)
FNDA:1,(anonymous_5)
FNDA:11,(anonymous_6)
FNDA:0,(anonymous_7)
FNDA:0,(anonymous_8)
FNDA:11,(anonymous_9)
FNDA:0,(anonymous_10)
FNDA:0,(anonymous_11)
FNDA:0,(anonymous_12)
FNDA:1,(anonymous_13)
FNDA:0,(anonymous_14)
FNDA:55,MenuItem
DA:24,23
DA:25,22
DA:26,22
DA:27,22
DA:28,22
DA:29,22
DA:30,22
DA:31,22
DA:33,22
DA:34,11
DA:35,11
DA:40,11
DA:41,11
DA:42,11
DA:44,0
DA:46,11
DA:47,11
DA:51,22
DA:53,11
DA:57,22
DA:58,0
DA:59,0
DA:62,22
DA:63,2
DA:71,1
DA:77,22
DA:78,11
DA:85,22
DA:86,11
DA:93,11
DA:145,0
DA:161,0
DA:167,11
DA:194,0
DA:195,0
DA:196,0
DA:197,1
DA:198,0
DA:218,55
DA:226,1
LF:40
LH:31
BRDA:85,0,0,11
BRDA:85,0,1,11
BRDA:107,1,0,11
BRDA:107,1,1,0
BRDA:110,2,0,11
BRDA:110,2,1,0
BRDA:118,3,0,11
BRDA:118,3,1,0
BRDA:123,4,0,11
BRDA:123,4,1,0
BRDA:129,5,0,11
BRDA:129,5,1,0
BRDA:137,6,0,11
BRDA:137,6,1,0
BRDA:154,7,0,0
BRDA:154,7,1,11
BRDA:175,8,0,11
BRDA:175,8,1,11
BRF:18
BRH:11
end_of_record
TN:
SF:src/screens/PromotionsScreen.tsx
FN:19,formatCurrency
FN:28,formatDate
FN:36,isExpired
FN:40,PromotionsScreen
FN:50,(anonymous_4)
FN:59,(anonymous_5)
FN:73,(anonymous_6)
FN:79,(anonymous_7)
FN:84,(anonymous_8)
FN:90,(anonymous_9)
FN:111,(anonymous_10)
FN:174,(anonymous_11)
FN:184,(anonymous_12)
FN:211,(anonymous_13)
FN:226,(anonymous_14)
FNF:15
FNH:11
FNDA:18,formatCurrency
FNDA:12,formatDate
FNDA:12,isExpired
FNDA:17,PromotionsScreen
FNDA:8,(anonymous_4)
FNDA:0,(anonymous_5)
FNDA:8,(anonymous_6)
FNDA:0,(anonymous_7)
FNDA:0,(anonymous_8)
FNDA:12,(anonymous_9)
FNDA:12,(anonymous_10)
FNDA:2,(anonymous_11)
FNDA:8,(anonymous_12)
FNDA:0,(anonymous_13)
FNDA:18,(anonymous_14)
DA:20,18
DA:29,12
DA:30,12
DA:31,12
DA:32,12
DA:33,12
DA:37,12
DA:41,17
DA:42,16
DA:43,16
DA:44,16
DA:45,16
DA:46,16
DA:47,16
DA:48,16
DA:50,16
DA:51,8
DA:52,8
DA:56,8
DA:57,8
DA:59,0
DA:61,8
DA:62,8
DA:64,0
DA:66,8
DA:67,8
DA:68,8
DA:72,16
DA:74,8
DA:75,8
DA:79,16
DA:80,0
DA:81,0
DA:84,16
DA:85,0
DA:86,0
DA:87,0
DA:90,16
DA:91,12
DA:92,6
DA:100,6
DA:111,16
DA:112,12
DA:113,12
DA:115,12
DA:174,16
DA:175,2
DA:184,16
DA:185,8
DA:186,0
DA:193,16
DA:194,8
DA:206,8
DA:211,0
DA:226,18
DA:245,1
LF:56
LH:47
BRDA:50,0,0,0
BRDA:53,1,0,8
BRDA:53,1,1,0
BRDA:56,2,0,8
BRDA:56,2,1,0
BRDA:85,3,0,0
BRDA:85,3,1,0
BRDA:85,4,0,0
BRDA:85,4,1,0
BRDA:85,4,2,0
BRDA:91,5,0,6
BRDA:91,5,1,6
BRDA:113,6,0,12
BRDA:113,6,1,6
BRDA:117,7,0,12
BRDA:117,7,1,6
BRDA:120,8,0,6
BRDA:120,8,1,6
BRDA:123,9,0,6
BRDA:123,9,1,6
BRDA:133,10,0,6
BRDA:133,10,1,6
BRDA:134,11,0,6
BRDA:134,11,1,6
BRDA:141,12,0,12
BRDA:141,12,1,0
BRDA:152,13,0,6
BRDA:152,13,1,6
BRDA:152,14,0,12
BRDA:152,14,1,6
BRDA:160,15,0,6
BRDA:160,15,1,6
BRDA:160,16,0,12
BRDA:160,16,1,6
BRDA:163,17,0,6
BRDA:163,17,1,0
BRDA:185,18,0,8
BRDA:185,18,1,0
BRDA:193,19,0,8
BRDA:193,19,1,8
BRDA:193,20,0,16
BRDA:193,20,1,8
BRF:42
BRH:31
end_of_record
TN:
SF:src/screens/QRScannerScreen.tsx
FN:30,parseQrData
FN:93,QRScannerScreen
FN:102,(anonymous_2)
FN:143,(anonymous_3)
FN:147,(anonymous_4)
FN:148,(anonymous_5)
FN:151,(anonymous_6)
FNF:7
FNH:6
FNDA:9,parseQrData
FNDA:25,QRScannerScreen
FNDA:10,(anonymous_2)
FNDA:2,(anonymous_3)
FNDA:3,(anonymous_4)
FNDA:3,(anonymous_5)
FNDA:0,(anonymous_6)
DA:20,1
DA:21,1
DA:22,1
DA:32,9
DA:33,9
DA:34,5
DA:35,3
DA:45,6
DA:46,6
DA:47,2
DA:55,4
DA:56,4
DA:57,0
DA:64,4
DA:65,4
DA:66,0
DA:73,4
DA:74,4
DA:75,0
DA:82,4
DA:83,4
DA:84,0
DA:90,4
DA:94,25
DA:95,25
DA:96,25
DA:97,25
DA:98,25
DA:99,25
DA:101,25
DA:103,10
DA:106,10
DA:110,1
DA:113,9
DA:114,9
DA:116,9
DA:118,9
DA:119,4
DA:120,4
DA:124,5
DA:125,5
DA:129,0
DA:131,0
DA:136,0
DA:137,0
DA:143,25
DA:144,2
DA:147,25
DA:148,3
DA:151,25
DA:152,0
DA:153,0
DA:155,0
DA:160,25
DA:161,1
DA:169,24
DA:170,5
DA:205,19
DA:274,1
DA:275,1
DA:277,1
LF:61
LH:50
BRDA:34,0,0,3
BRDA:34,0,1,2
BRDA:34,1,0,5
BRDA:34,1,1,5
BRDA:34,1,2,4
BRDA:37,2,0,0
BRDA:37,2,1,3
BRDA:46,3,0,2
BRDA:46,3,1,4
BRDA:46,4,0,6
BRDA:46,4,1,2
BRDA:49,5,0,1
BRDA:49,5,1,1
BRDA:56,6,0,0
BRDA:56,6,1,4
BRDA:65,7,0,0
BRDA:65,7,1,4
BRDA:74,8,0,0
BRDA:74,8,1,4
BRDA:74,9,0,4
BRDA:74,9,1,0
BRDA:83,10,0,0
BRDA:83,10,1,4
BRDA:83,11,0,4
BRDA:83,11,1,0
BRDA:86,12,0,0
BRDA:86,12,1,0
BRDA:106,13,0,1
BRDA:106,13,1,9
BRDA:107,14,0,10
BRDA:107,14,1,1
BRDA:118,15,0,4
BRDA:118,15,1,5
BRDA:124,16,0,5
BRDA:124,16,1,0
BRDA:129,17,0,0
BRDA:129,17,1,0
BRDA:152,18,0,0
BRDA:152,18,1,0
BRDA:160,19,0,1
BRDA:160,19,1,24
BRDA:169,20,0,5
BRDA:169,20,1,19
BRDA:179,21,0,4
BRDA:179,21,1,1
BRDA:210,22,0,2
BRDA:210,22,1,17
BRDA:256,23,0,19
BRDA:256,23,1,2
BRDA:264,24,0,2
BRDA:264,24,1,17
BRDA:266,25,0,19
BRDA:266,25,1,2
BRDA:349,26,0,1
BRDA:349,26,1,0
BRDA:365,27,0,1
BRDA:365,27,1,0
BRF:57
BRH:41
end_of_record
TN:
SF:src/screens/SessionScreen.tsx
FN:19,SessionScreen
FN:27,(anonymous_1)
FN:29,(anonymous_2)
FN:31,(anonymous_3)
FN:35,(anonymous_4)
FN:42,(anonymous_5)
FN:45,(anonymous_6)
FN:51,(anonymous_7)
FN:56,(anonymous_8)
FN:67,(anonymous_9)
FN:89,(anonymous_10)
FNF:11
FNH:9
FNDA:12,SessionScreen
FNDA:12,(anonymous_1)
FNDA:10,(anonymous_2)
FNDA:0,(anonymous_3)
FNDA:10,(anonymous_4)
FNDA:12,(anonymous_5)
FNDA:0,(anonymous_6)
FNDA:10,(anonymous_7)
FNDA:3,(anonymous_8)
FNDA:2,(anonymous_9)
FNDA:1,(anonymous_10)
DA:20,12
DA:21,12
DA:22,12
DA:23,12
DA:24,12
DA:27,12
DA:28,12
DA:29,10
DA:30,10
DA:35,10
DA:36,10
DA:42,12
DA:43,12
DA:45,10
DA:46,0
DA:47,0
DA:51,10
DA:52,10
DA:56,12
DA:57,3
DA:59,3
DA:68,2
DA:69,2
DA:70,1
DA:71,1
DA:73,1
DA:74,1
DA:82,12
DA:83,2
DA:89,1
DA:98,10
DA:100,10
DA:188,1
LF:33
LH:31
BRDA:28,0,0,10
BRDA:28,0,1,2
BRDA:43,1,0,2
BRDA:43,1,1,10
BRDA:46,2,0,0
BRDA:46,2,1,0
BRDA:52,3,0,10
BRDA:52,3,1,0
BRDA:57,4,0,0
BRDA:57,4,1,3
BRDA:82,5,0,2
BRDA:82,5,1,10
BRDA:98,6,0,10
BRDA:98,6,1,0
BRDA:132,7,0,10
BRDA:132,7,1,1
BRDA:134,8,0,10
BRDA:134,8,1,1
BRF:18
BRH:13
end_of_record
TN:
SF:src/screens/SettingsScreen.tsx
FN:18,SettingsScreen
FN:26,(anonymous_1)
FN:38,(anonymous_2)
FN:43,(anonymous_3)
FN:48,(anonymous_4)
FN:141,(anonymous_5)
FN:171,(anonymous_6)
FN:201,(anonymous_7)
FN:231,(anonymous_8)
FNF:9
FNH:6
FNDA:24,SettingsScreen
FNDA:10,(anonymous_1)
FNDA:10,(anonymous_2)
FNDA:2,(anonymous_3)
FNDA:2,(anonymous_4)
FNDA:2,(anonymous_5)
FNDA:0,(anonymous_6)
FNDA:0,(anonymous_7)
FNDA:0,(anonymous_8)
DA:19,24
DA:20,24
DA:21,24
DA:22,24
DA:24,24
DA:26,24
DA:27,10
DA:28,10
DA:29,10
DA:31,0
DA:33,10
DA:37,24
DA:39,10
DA:43,24
DA:44,2
DA:45,2
DA:48,24
DA:52,2
DA:54,2
DA:55,2
DA:56,2
DA:58,2
DA:59,2
DA:60,1
DA:62,1
DA:63,1
DA:65,2
DA:69,24
DA:70,10
DA:89,14
DA:142,2
DA:172,0
DA:202,0
DA:232,0
DA:269,1
LF:35
LH:31
BRDA:44,0,0,1
BRDA:44,0,1,1
BRDA:52,1,0,0
BRDA:52,1,1,2
BRDA:69,2,0,10
BRDA:69,2,1,14
BRDA:107,3,0,1
BRDA:107,3,1,13
BRDA:116,4,0,1
BRDA:116,4,1,13
BRDA:140,5,0,14
BRDA:140,5,1,0
BRDA:146,6,0,13
BRDA:146,6,1,1
BRDA:152,7,0,14
BRDA:152,7,1,0
BRDA:170,8,0,14
BRDA:170,8,1,0
BRDA:176,9,0,14
BRDA:176,9,1,0
BRDA:182,10,0,14
BRDA:182,10,1,0
BRDA:200,11,0,14
BRDA:200,11,1,0
BRDA:206,12,0,0
BRDA:206,12,1,14
BRDA:212,13,0,14
BRDA:212,13,1,0
BRDA:230,14,0,14
BRDA:230,14,1,0
BRDA:236,15,0,14
BRDA:236,15,1,0
BRDA:242,16,0,14
BRDA:242,16,1,0
BRF:34
BRH:22
end_of_record
TN:
SF:src/screens/StationDetailScreen.tsx
FN:31,StationDetailScreen
FN:42,(anonymous_1)
FN:46,(anonymous_2)
FN:58,(anonymous_3)
FN:82,(anonymous_4)
FN:97,(anonymous_5)
FN:112,(anonymous_6)
FN:136,(anonymous_7)
FN:186,(anonymous_8)
FNF:9
FNH:8
FNDA:21,StationDetailScreen
FNDA:9,(anonymous_1)
FNDA:9,(anonymous_2)
FNDA:2,(anonymous_3)
FNDA:20,(anonymous_4)
FNDA:20,(anonymous_5)
FNDA:20,(anonymous_6)
FNDA:2,(anonymous_7)
FNDA:0,(anonymous_8)
DA:32,21
DA:33,20
DA:34,20
DA:35,20
DA:36,20
DA:38,20
DA:39,20
DA:40,20
DA:42,20
DA:43,9
DA:46,20
DA:47,9
DA:48,9
DA:49,8
DA:51,1
DA:52,1
DA:54,9
DA:58,20
DA:59,2
DA:60,0
DA:61,0
DA:64,2
DA:65,2
DA:67,2
DA:68,2
DA:71,1
DA:72,1
DA:74,1
DA:75,1
DA:77,2
DA:78,2
DA:82,20
DA:83,20
DA:85,10
DA:89,10
DA:91,0
DA:93,0
DA:97,20
DA:98,20
DA:100,10
DA:104,10
DA:106,0
DA:108,0
DA:112,20
DA:113,20
DA:136,2
DA:150,20
DA:151,9
DA:158,11
DA:159,1
DA:166,10
DA:186,0
DA:197,1
LF:53
LH:46
BRDA:59,0,0,0
BRDA:59,0,1,2
BRDA:83,1,0,10
BRDA:83,1,1,10
BRDA:83,1,2,10
BRDA:83,1,3,10
BRDA:83,1,4,0
BRDA:83,1,5,0
BRDA:98,2,0,10
BRDA:98,2,1,10
BRDA:98,2,2,10
BRDA:98,2,3,10
BRDA:98,2,4,0
BRDA:98,2,5,0
BRDA:133,3,0,20
BRDA:133,3,1,10
BRDA:135,4,0,0
BRDA:135,4,1,10
BRDA:142,5,0,20
BRDA:142,5,1,10
BRDA:142,5,2,10
BRDA:150,6,0,9
BRDA:150,6,1,11
BRDA:158,7,0,1
BRDA:158,7,1,10
BRDA:173,8,0,10
BRDA:173,8,1,0
BRDA:174,9,0,10
BRDA:174,9,1,0
BRF:29
BRH:21
end_of_record
TN:
SF:src/screens/VehiclesScreen.tsx
FN:43,VehiclesScreen
FN:54,(anonymous_1)
FN:69,(anonymous_2)
FN:74,(anonymous_3)
FN:79,(anonymous_4)
FN:105,(anonymous_5)
FN:116,(anonymous_6)
FN:128,(anonymous_7)
FN:133,(anonymous_8)
FN:134,(anonymous_9)
FN:145,(anonymous_10)
FN:154,(anonymous_11)
FN:157,(anonymous_12)
FN:157,(anonymous_13)
FN:168,(anonymous_14)
FN:174,(anonymous_15)
FN:175,(anonymous_16)
FN:177,(anonymous_17)
FN:218,(anonymous_18)
FN:242,(anonymous_19)
FN:246,(anonymous_20)
FN:292,(anonymous_21)
FN:301,(anonymous_22)
FN:333,(anonymous_23)
FN:341,(anonymous_24)
FN:360,(anonymous_25)
FN:376,(anonymous_26)
FN:392,(anonymous_27)
FN:415,(anonymous_28)
FN:434,(anonymous_29)
FN:449,(anonymous_30)
FN:457,(anonymous_31)
FNF:32
FNH:30
FNDA:105,VehiclesScreen
FNDA:29,(anonymous_1)
FNDA:28,(anonymous_2)
FNDA:0,(anonymous_3)
FNDA:7,(anonymous_4)
FNDA:7,(anonymous_5)
FNDA:2,(anonymous_6)
FNDA:3,(anonymous_7)
FNDA:1,(anonymous_8)
FNDA:2,(anonymous_9)
FNDA:4,(anonymous_10)
FNDA:2,(anonymous_11)
FNDA:1,(anonymous_12)
FNDA:2,(anonymous_13)
FNDA:10,(anonymous_14)
FNDA:23,(anonymous_15)
FNDA:23,(anonymous_16)
FNDA:1,(anonymous_17)
FNDA:1,(anonymous_18)
FNDA:139,(anonymous_19)
FNDA:1,(anonymous_20)
FNDA:2,(anonymous_21)
FNDA:4,(anonymous_22)
FNDA:0,(anonymous_23)
FNDA:1,(anonymous_24)
FNDA:5,(anonymous_25)
FNDA:4,(anonymous_26)
FNDA:5,(anonymous_27)
FNDA:4,(anonymous_28)
FNDA:4,(anonymous_29)
FNDA:450,(anonymous_30)
FNDA:1,(anonymous_31)
DA:25,1
DA:34,1
DA:44,105
DA:45,104
DA:46,104
DA:47,104
DA:48,104
DA:49,104
DA:50,104
DA:51,104
DA:52,104
DA:54,104
DA:55,29
DA:56,29
DA:57,29
DA:58,27
DA:60,2
DA:61,2
DA:63,29
DA:64,29
DA:68,104
DA:70,28
DA:74,104
DA:75,0
DA:76,0
DA:79,104
DA:80,7
DA:82,7
DA:83,3
DA:85,7
DA:86,3
DA:88,7
DA:89,2
DA:91,7
DA:92,3
DA:94,7
DA:95,3
DA:97,7
DA:98,0
DA:101,7
DA:102,7
DA:105,104
DA:106,7
DA:108,3
DA:109,3
DA:110,3
DA:116,2
DA:117,2
DA:118,2
DA:119,2
DA:121,1
DA:122,1
DA:124,3
DA:128,104
DA:129,3
DA:131,2
DA:132,2
DA:133,1
DA:134,2
DA:140,1
DA:141,1
DA:145,104
DA:146,4
DA:155,2
DA:156,2
DA:157,2
DA:159,1
DA:160,1
DA:168,104
DA:169,10
DA:170,10
DA:171,10
DA:174,104
DA:175,23
DA:176,23
DA:177,1
DA:178,1
DA:179,1
DA:180,1
DA:185,104
DA:186,29
DA:193,75
DA:219,1
DA:220,1
DA:243,139
DA:246,1
DA:292,2
DA:301,4
DA:333,0
DA:341,1
DA:360,5
DA:376,4
DA:393,5
DA:394,5
DA:415,4
DA:435,4
DA:436,4
DA:450,450
DA:457,1
DA:494,1
LF:100
LH:96
BRDA:82,0,0,3
BRDA:82,0,1,4
BRDA:85,1,0,3
BRDA:85,1,1,4
BRDA:88,2,0,2
BRDA:88,2,1,5
BRDA:88,3,0,7
BRDA:88,3,1,6
BRDA:88,3,2,5
BRDA:91,4,0,3
BRDA:91,4,1,4
BRDA:94,5,0,3
BRDA:94,5,1,4
BRDA:94,6,0,7
BRDA:94,6,1,4
BRDA:97,7,0,0
BRDA:97,7,1,7
BRDA:106,8,0,4
BRDA:106,8,1,3
BRDA:129,9,0,1
BRDA:129,9,1,2
BRDA:176,10,0,1
BRDA:176,10,1,22
BRDA:185,11,0,29
BRDA:185,11,1,75
BRDA:210,12,0,2
BRDA:210,12,1,73
BRDA:225,13,0,4
BRDA:225,13,1,69
BRDA:248,14,0,68
BRDA:248,14,1,71
BRDA:253,15,0,68
BRDA:253,15,1,71
BRDA:263,16,0,139
BRDA:263,16,1,68
BRDA:289,17,0,139
BRDA:289,17,1,71
BRDA:315,18,0,75
BRDA:315,18,1,69
BRDA:337,19,0,75
BRDA:337,19,1,0
BRDA:356,20,0,3
BRDA:356,20,1,72
BRDA:364,21,0,75
BRDA:364,21,1,3
BRDA:372,22,0,4
BRDA:372,22,1,71
BRDA:380,23,0,75
BRDA:380,23,1,4
BRDA:388,24,0,2
BRDA:388,24,1,73
BRDA:391,25,0,73
BRDA:391,25,1,2
BRDA:394,26,0,1
BRDA:394,26,1,4
BRDA:400,27,0,75
BRDA:400,27,1,2
BRDA:410,28,0,4
BRDA:410,28,1,71
BRDA:419,29,0,75
BRDA:419,29,1,4
BRDA:429,30,0,75
BRDA:429,30,1,4
BRDA:433,31,0,10
BRDA:433,31,1,65
BRDA:436,32,0,0
BRDA:436,32,1,4
BRDA:441,33,0,75
BRDA:441,33,1,4
BRDA:454,34,0,450
BRDA:454,34,1,75
BRDA:465,35,0,450
BRDA:465,35,1,75
BRDA:474,36,0,75
BRDA:474,36,1,0
BRF:75
BRH:71
end_of_record
TN:
SF:src/screens/WalletScreen.tsx
FN:40,WalletScreen
FN:53,(anonymous_1)
FN:54,(anonymous_2)
FN:67,(anonymous_3)
FN:73,(anonymous_4)
FN:77,(anonymous_5)
FN:96,(anonymous_6)
FN:101,(anonymous_7)
FN:106,(anonymous_8)
FN:111,(anonymous_9)
FN:121,(anonymous_10)
FN:127,(anonymous_11)
FN:128,(anonymous_12)
FN:133,(anonymous_13)
FN:154,(anonymous_14)
FN:189,(anonymous_15)
FN:203,(anonymous_16)
FN:221,(anonymous_17)
FN:225,(anonymous_18)
FN:240,(anonymous_19)
FN:262,(anonymous_20)
FN:272,(anonymous_21)
FN:301,(anonymous_22)
FN:316,(anonymous_23)
FNF:24
FNH:14
FNDA:21,WalletScreen
FNDA:10,(anonymous_1)
FNDA:0,(anonymous_2)
FNDA:0,(anonymous_3)
FNDA:20,(anonymous_4)
FNDA:10,(anonymous_5)
FNDA:10,(anonymous_6)
FNDA:0,(anonymous_7)
FNDA:0,(anonymous_8)
FNDA:0,(anonymous_9)
FNDA:1,(anonymous_10)
FNDA:0,(anonymous_11)
FNDA:0,(anonymous_12)
FNDA:0,(anonymous_13)
FNDA:27,(anonymous_14)
FNDA:10,(anonymous_15)
FNDA:1,(anonymous_16)
FNDA:40,(anonymous_17)
FNDA:0,(anonymous_18)
FNDA:0,(anonymous_19)
FNDA:1,(anonymous_20)
FNDA:10,(anonymous_21)
FNDA:36,(anonymous_22)
FNDA:18,(anonymous_23)
DA:24,1
DA:26,1
DA:33,1
DA:41,21
DA:42,20
DA:43,20
DA:44,20
DA:45,20
DA:46,20
DA:47,20
DA:48,20
DA:49,20
DA:50,20
DA:53,20
DA:55,0
DA:58,0
DA:59,0
DA:67,0
DA:71,20
DA:73,20
DA:74,20
DA:77,20
DA:78,10
DA:79,10
DA:83,10
DA:84,10
DA:85,10
DA:86,10
DA:88,0
DA:90,10
DA:91,10
DA:95,20
DA:97,10
DA:101,20
DA:102,0
DA:103,0
DA:106,20
DA:107,0
DA:108,0
DA:109,0
DA:110,0
DA:111,0
DA:112,0
DA:113,0
DA:115,0
DA:117,0
DA:121,20
DA:122,1
DA:127,0
DA:128,0
DA:133,20
DA:134,0
DA:135,0
DA:136,0
DA:138,0
DA:140,0
DA:143,0
DA:144,0
DA:147,0
DA:148,0
DA:150,0
DA:154,20
DA:155,27
DA:156,27
DA:157,27
DA:158,27
DA:160,27
DA:189,20
DA:190,10
DA:203,1
DA:222,40
DA:225,0
DA:240,0
DA:262,20
DA:263,1
DA:272,20
DA:273,10
DA:274,0
DA:281,20
DA:282,10
DA:294,10
DA:301,36
DA:316,18
DA:322,1
LF:84
LH:53
BRDA:61,0,0,0
BRDA:61,0,1,0
BRDA:107,1,0,0
BRDA:107,1,1,0
BRDA:107,2,0,0
BRDA:107,2,1,0
BRDA:107,2,2,0
BRDA:133,3,0,0
BRDA:138,4,0,0
BRDA:138,4,1,0
BRDA:155,5,0,27
BRDA:155,5,1,18
BRDA:155,5,2,9
BRDA:156,6,0,18
BRDA:156,6,1,9
BRDA:157,7,0,18
BRDA:157,7,1,9
BRDA:202,8,0,10
BRDA:202,8,1,0
BRDA:210,9,0,0
BRDA:210,9,1,10
BRDA:273,10,0,10
BRDA:273,10,1,0
BRDA:281,11,0,10
BRDA:281,11,1,10
BRF:25
BRH:12
end_of_record
TN:
SF:src/services/notifications.ts
FN:8,(anonymous_0)
FN:21,registerForPushNotifications
FN:78,unregisterPushNotifications
FN:94,addNotificationReceivedListener
FN:104,addNotificationResponseReceivedListener
FN:113,getLastNotificationResponse
FNF:6
FNH:2
FNDA:0,(anonymous_0)
FNDA:4,registerForPushNotifications
FNDA:2,unregisterPushNotifications
FNDA:0,addNotificationReceivedListener
FNDA:0,addNotificationResponseReceivedListener
FNDA:0,getLastNotificationResponse
DA:7,5
DA:8,0
DA:15,5
DA:23,4
DA:24,0
DA:25,0
DA:29,4
DA:30,4
DA:32,4
DA:33,0
DA:34,0
DA:37,4
DA:38,0
DA:39,0
DA:42,4
DA:44,4
DA:45,4
DA:46,4
DA:49,4
DA:52,4
DA:58,0
DA:59,0
DA:67,0
DA:69,3
DA:70,3
DA:79,2
DA:80,2
DA:81,2
DA:82,0
DA:86,2
DA:97,0
DA:107,0
DA:114,0
LF:33
LH:19
BRDA:23,0,0,0
BRDA:23,0,1,4
BRDA:32,1,0,0
BRDA:32,1,1,4
BRDA:37,2,0,0
BRDA:37,2,1,4
BRDA:49,3,0,4
BRDA:49,3,1,0
BRDA:58,4,0,0
BRDA:58,4,1,0
BRDA:80,5,0,2
BRDA:80,5,1,0
BRF:12
BRH:5
end_of_record
TN:
SF:src/stores/authStore.ts
FN:20,(anonymous_0)
FN:27,(anonymous_1)
FN:29,(anonymous_2)
FN:31,(anonymous_3)
FN:37,(anonymous_4)
FN:42,(anonymous_5)
FN:51,(anonymous_6)
FN:65,(anonymous_7)
FNF:8
FNH:7
FNDA:5,(anonymous_0)
FNDA:3,(anonymous_1)
FNDA:3,(anonymous_2)
FNDA:4,(anonymous_3)
FNDA:0,(anonymous_4)
FNDA:2,(anonymous_5)
FNDA:3,(anonymous_6)
FNDA:1,(anonymous_7)
DA:20,5
DA:27,3
DA:29,3
DA:32,4
DA:33,4
DA:34,4
DA:37,4
DA:44,2
DA:46,2
DA:47,2
DA:48,2
DA:52,3
DA:53,3
DA:54,2
DA:55,2
DA:56,1
DA:58,1
DA:61,1
DA:66,1
DA:67,1
DA:68,1
LF:21
LH:21
BRDA:55,0,0,1
BRDA:55,0,1,1
BRF:2
BRH:2
end_of_record
TN:
SF:src/stores/index.ts
FNF:0
FNH:0
LF:0
LH:0
BRF:0
BRH:0
end_of_record
TN:
SF:src/stores/locationStore.ts
FN:16,(anonymous_0)
FN:23,(anonymous_1)
FN:41,(anonymous_2)
FN:55,(anonymous_3)
FNF:4
FNH:4
FNDA:5,(anonymous_0)
FNDA:5,(anonymous_1)
FNDA:5,(anonymous_2)
FNDA:1,(anonymous_3)
DA:16,5
DA:24,5
DA:25,5
DA:26,5
DA:27,4
DA:28,4
DA:30,4
DA:31,3
DA:34,4
DA:36,1
DA:37,1
DA:42,5
DA:43,5
DA:46,3
DA:51,2
DA:55,1
LF:16
LH:16
BRDA:30,0,0,3
BRDA:30,0,1,1
BRF:2
BRH:2
end_of_record
TN:
SF:src/stores/sessionStore.ts
FN:18,(anonymous_0)
FN:24,(anonymous_1)
FN:26,(anonymous_2)
FN:27,(anonymous_3)
FN:37,(anonymous_4)
FN:38,(anonymous_5)
FN:44,(anonymous_6)
FN:46,(anonymous_7)
FN:48,(anonymous_8)
FNF:9
FNH:9
FNDA:3,(anonymous_0)
FNDA:3,(anonymous_1)
FNDA:3,(anonymous_2)
FNDA:3,(anonymous_3)
FNDA:3,(anonymous_4)
FNDA:3,(anonymous_5)
FNDA:1,(anonymous_6)
FNDA:3,(anonymous_7)
FNDA:5,(anonymous_8)
DA:18,3
DA:24,3
DA:27,3
DA:38,3
DA:44,1
DA:46,3
DA:49,5
DA:50,5
DA:51,5
DA:52,4
DA:53,1
DA:54,1
DA:56,3
DA:58,1
DA:60,5
LF:15
LH:15
BRDA:29,0,0,2
BRDA:29,0,1,1
BRDA:39,1,0,2
BRDA:39,1,1,1
BRDA:52,2,0,1
BRDA:52,2,1,3
BRF:6
BRH:6
end_of_record
TN:
SF:src/utils/formatting.ts
FN:12,parseUtc
FN:17,formatCurrency
FN:27,formatDate
FN:37,formatDateTime
FN:54,formatTime
FN:63,formatDuration
FNF:6
FNH:6
FNDA:94,parseUtc
FNDA:222,formatCurrency
FNDA:20,formatDate
FNDA:54,formatDateTime
FNDA:20,formatTime
FNDA:40,formatDuration
DA:6,3
DA:13,94
DA:18,222
DA:28,20
DA:38,54
DA:39,54
DA:45,54
DA:50,54
DA:55,20
DA:64,40
DA:65,40
DA:66,40
DA:67,10
DA:69,30
LF:14
LH:14
BRDA:13,0,0,94
BRDA:13,0,1,0
BRDA:66,1,0,10
BRDA:66,1,1,30
BRF:4
BRH:3
end_of_record
